2008-06-23 15:24:18 Debug: Notice (1024): Please change the value of 'Security.salt' in app/config/core.php to a salt value specific to your application in [CORE\cake\libs\debugger.php, line 522]
2008-06-23 15:27:54 Debug: Notice (1024): Please change the value of 'Security.salt' in app/config/core.php to a salt value specific to your application in [CORE\cake\libs\debugger.php, line 522]
2008-06-23 15:28:16 Debug: Notice (1024): Please change the value of 'Security.salt' in app/config/core.php to a salt value specific to your application in [CORE\cake\libs\debugger.php, line 522]
2008-06-23 15:30:20 Debug: Notice (1024): Please change the value of 'Security.salt' in app/config/core.php to a salt value specific to your application in [CORE\cake\libs\debugger.php, line 522]
2008-06-23 15:36:16 Debug: Notice (8): Undefined variable: javascript in [APP\views\layouts\base.thtml, line 14]
2008-06-23 15:36:58 Debug: Notice (8): Undefined variable: javascript in [APP\views\layouts\base.thtml, line 14]
2008-06-23 15:37:19 Debug: Notice (8): Undefined variable: javascript in [APP\views\layouts\base.thtml, line 14]
2008-06-23 15:38:27 Debug: Notice (8): Undefined variable: javascript in [APP\views\layouts\base.thtml, line 14]
2008-06-23 16:46:43 Debug: Notice (8): Undefined variable: javascript in [APP\views\layouts\base.thtml, line 14]
2008-06-23 16:55:56 Debug: Notice (8): Undefined variable: pageTitle in [APP\views\layouts\base.thtml, line 8]
2008-06-23 16:55:56 Debug: Notice (8): Undefined variable: javascript in [APP\views\layouts\base.thtml, line 16]
2008-06-23 16:56:42 Debug: Notice (8): Undefined variable: pageTitle in [APP\views\layouts\base.thtml, line 8]
2008-06-23 17:41:12 Debug: Notice (8): Undefined variable: javascript in [APP\views\layouts\base.thtml, line 16]
2008-06-23 18:08:02 Debug: Notice (8): Undefined variable: ajax in [APP\views\base\index.ctp, line 60]
2008-06-23 18:34:26 Debug: Notice (8): Undefined variable: ajax in [APP\views\base\index.ctp, line 64]
2008-06-23 18:40:05 Debug: Notice (8): Undefined variable: ajax in [APP\views\base\index.ctp, line 64]
2008-06-23 18:43:17 Debug: Notice (8): Undefined variable: ajax in [APP\views\base\index.ctp, line 64]
2008-06-23 18:45:10 Debug: Notice (8): Undefined variable: ajax in [APP\views\base\index.ctp, line 64]
2008-06-23 18:46:44 Debug: Notice (8): Undefined variable: ajax in [APP\views\base\index.ctp, line 66]
2008-06-23 18:48:01 Debug: Notice (8): Undefined variable: ajax in [APP\views\base\index.ctp, line 65]
2008-06-23 18:48:47 Debug: Notice (8): Undefined variable: ajax in [APP\views\base\index.ctp, line 62]
2008-06-23 18:49:18 Debug: Notice (8): Undefined variable: ajax in [APP\views\base\index.ctp, line 62]
2008-06-23 21:44:10 Debug: Notice (8): Undefined variable: ajax in [APP\views\base\index.ctp, line 13]
2008-06-23 22:58:01 Debug: Notice (8): Undefined variable: ajax in [APP\views\base\index.ctp, line 72]
2008-06-23 22:58:03 Debug: Notice (8): Undefined variable: ajax in [APP\views\base\index.ctp, line 72]
2008-06-24 14:44:31 Debug: Notice (8): Array to string conversion in [CORE\cake\libs\router.php, line 910]
2008-06-24 14:44:31 Debug: Notice (8): Array to string conversion in [CORE\cake\libs\router.php, line 1042]
2008-06-24 16:47:42 Debug: Notice (1024): Method input() is deprecated in HtmlHelper: see FormHelper::input or FormHelper::text in [CORE\cake\libs\view\helpers\html.php, line 759]
2008-06-24 16:47:42 Debug: Notice (1024): Method password() is deprecated in HtmlHelper: see FormHelper::input or FormHelper::password in [CORE\cake\libs\view\helpers\html.php, line 643]
2008-06-24 16:50:14 Debug: Notice (1024): Method input() is deprecated in HtmlHelper: see FormHelper::input or FormHelper::text in [CORE\cake\libs\view\helpers\html.php, line 759]
2008-06-25 00:33:33 Debug: Notice (8): Undefined variable: view_data in [APP\views\journeys\add_form.ctp, line 2]
2008-06-25 00:38:36 Debug: Notice (1024): Method tagErrorMsg() is deprecated in HtmlHelper: see FormHelper::error in [CORE\cake\libs\view\helpers\html.php, line 825]
2008-06-25 01:12:40 Debug: Notice (8): Undefined property:  View::$Journey in [APP\views\journeys\add.ctp, line 14]
2008-06-25 01:12:40 Debug: Notice (8): Trying to get property of non-object in [APP\views\journeys\add.ctp, line 14]
2008-06-25 01:13:56 Debug: Notice (8): Undefined variable: form_errors in [APP\views\journeys\add.ctp, line 20]
2008-06-25 01:15:05 Debug: Notice (8): Undefined variable: form_errors in [APP\views\journeys\add.ctp, line 20]
2008-06-25 01:34:30 Debug: Notice (8): Undefined variable: js_errors in [APP\views\journeys\add.ctp, line 38]
2008-06-25 01:34:49 Debug: Notice (8): Undefined variable: js_errors in [APP\views\journeys\add.ctp, line 48]
2008-06-25 11:03:58 Debug: Notice (1024): Please change the value of 'Security.salt' in app/config/core.php to a salt value specific to your application in [CORE\cake\libs\debugger.php, line 522]
2008-06-25 12:22:25 Debug: Notice (8): Undefined variable: journey in [APP\views\journeys\retrieve.ctp, line 20]
2008-06-25 12:27:29 Debug: Notice (8): Undefined index:  Journal in [APP\views\journeys\retrieve.ctp, line 20]
2008-06-25 15:42:46 Debug: Notice (8): Undefined index:  name in [APP\controllers\journeys_controller.php, line 51]
2008-06-25 15:42:46 Debug: Notice (8): Undefined index:  notes in [APP\controllers\journeys_controller.php, line 52]
2008-06-25 15:42:46 Debug: Notice (8): Undefined index:  locations in [APP\controllers\journeys_controller.php, line 56]
2008-06-25 15:42:46 Debug: Notice (8): Undefined index:  tags in [APP\controllers\journeys_controller.php, line 59]
2008-06-25 15:45:40 Debug: Notice (8): Undefined index:  name in [APP\controllers\journeys_controller.php, line 51]
2008-06-25 15:45:40 Debug: Notice (8): Undefined index:  notes in [APP\controllers\journeys_controller.php, line 52]
2008-06-25 15:45:40 Debug: Notice (8): Undefined index:  locations in [APP\controllers\journeys_controller.php, line 56]
2008-06-25 15:45:40 Debug: Notice (8): Undefined index:  tags in [APP\controllers\journeys_controller.php, line 59]
2008-06-25 15:51:14 Debug: Notice (8): Undefined index:  Journal in [APP\controllers\journeys_controller.php, line 51]
2008-06-25 15:51:14 Debug: Notice (8): Undefined index:  Journal in [APP\controllers\journeys_controller.php, line 52]
2008-06-25 15:51:14 Debug: Notice (8): Undefined index:  Journal in [APP\controllers\journeys_controller.php, line 56]
2008-06-25 15:51:14 Debug: Notice (8): Undefined index:  Journal in [APP\controllers\journeys_controller.php, line 59]
2008-06-25 16:21:12 Debug: Notice (8): Undefined variable: db_loc in [APP\controllers\journeys_controller.php, line 116]
2008-06-25 17:31:50 Debug: Notice (8): Undefined variable: tags in [APP\views\journeys\retrieve.ctp, line 26]
2008-06-25 17:31:50 Debug: Notice (8): Undefined index:  locations in [APP\views\journeys\retrieve.ctp, line 35]
2008-06-25 17:32:27 Debug: Notice (8): Undefined variable: tags in [APP\views\journeys\retrieve.ctp, line 26]
2008-06-25 17:32:27 Debug: Notice (8): Undefined index:  Location in [APP\views\journeys\retrieve.ctp, line 35]
2008-06-25 17:33:04 Debug: Notice (8): Undefined variable: tags in [APP\views\journeys\retrieve.ctp, line 26]
2008-06-25 17:33:04 Debug: Notice (8): Use of undefined constant id - assumed 'id' in [APP\views\journeys\retrieve.ctp, line 42]
2008-06-25 17:33:52 Debug: Notice (8): Undefined variable: tags in [APP\views\journeys\retrieve.ctp, line 26]
2008-06-25 17:36:42 Debug: Notice (8): Undefined variable: tags in [APP\views\journeys\retrieve.ctp, line 26]
2008-06-25 17:57:48 Debug: Notice (8): Undefined variable: journey_id in [APP\controllers\journeys_controller.php, line 181]
2008-06-25 17:58:06 Debug: Notice (8): Undefined variable: journey in [APP\views\journeys\retrieve.ctp, line 19]
2008-06-25 17:58:06 Debug: Notice (8): Undefined variable: journey in [APP\views\journeys\retrieve.ctp, line 25]
2008-06-25 17:58:06 Debug: Notice (8): Undefined variable: journey in [APP\views\journeys\retrieve.ctp, line 42]
2008-06-25 17:58:44 Debug: Notice (8): Undefined variable: journey_id in [APP\controllers\journeys_controller.php, line 181]
2008-06-25 18:01:50 Debug: Notice (8): Undefined variable: journey in [APP\views\journeys\retrieve.ctp, line 10]
2008-06-25 18:01:50 Debug: Notice (8): Undefined variable: journey in [APP\views\journeys\retrieve.ctp, line 27]
2008-06-25 18:01:50 Debug: Notice (8): Undefined variable: journey in [APP\views\journeys\retrieve.ctp, line 44]
2008-06-26 10:39:40 Debug: Notice (8): Undefined index:  location_comments in [APP\controllers\journeys_controller.php, line 57]
2008-06-26 16:08:24 Debug: Notice (8): Undefined index:  Journey in [APP\controllers\journeys_controller.php, line 55]
2008-06-26 16:08:24 Debug: Notice (8): Undefined index:  Journey in [APP\controllers\journeys_controller.php, line 56]
2008-06-26 18:25:54 Debug: Notice (8): Undefined index:  Journey in [APP\controllers\journeys_controller.php, line 59]
2008-06-26 18:25:54 Debug: Notice (8): Undefined index:  Journey in [APP\controllers\journeys_controller.php, line 60]
2008-06-26 18:26:18 Debug: Notice (1024): Method tagErrorMsg() is deprecated in HtmlHelper: see FormHelper::error in [CORE\cake\libs\view\helpers\html.php, line 825]
2008-06-26 18:27:35 Debug: Notice (8): Undefined variable: locations in [APP\views\journeys\add_form.ctp, line 23]
2008-06-26 18:29:14 Debug: Notice (8): Undefined variable: locations in [APP\views\journeys\add_form.ctp, line 23]
2008-06-26 18:30:43 Debug: Notice (8): Undefined variable: locations in [APP\views\journeys\add_form.ctp, line 23]
2008-06-26 18:31:55 Debug: Notice (8): Undefined variable: locations in [APP\views\journeys\add_form.ctp, line 23]
2008-06-26 18:32:41 Debug: Notice (8): Undefined variable: locations in [APP\views\journeys\add_form.ctp, line 23]
2008-06-26 18:51:51 Debug: Notice (8): Undefined index:  id in [APP\views\journeys\add_form.ctp, line 25]
2008-06-26 18:51:51 Debug: Notice (8): Undefined index:  coord in [APP\views\journeys\add_form.ctp, line 26]
2008-06-26 18:51:51 Debug: Notice (8): Undefined index:  loc_name in [APP\views\journeys\add_form.ctp, line 27]
2008-06-26 18:54:27 Debug: Notice (8): Undefined index:  id in [APP\views\journeys\add_form.ctp, line 25]
2008-06-26 18:54:27 Debug: Notice (8): Undefined index:  coord in [APP\views\journeys\add_form.ctp, line 26]
2008-06-26 18:54:27 Debug: Notice (8): Undefined index:  loc_name in [APP\views\journeys\add_form.ctp, line 27]
2008-06-26 19:02:43 Debug: Notice (8): Undefined index:  comments in [APP\views\journeys\add_form.ctp, line 28]
2008-06-26 19:04:08 Debug: Notice (8): Undefined index:  comments in [APP\views\journeys\add_form.ctp, line 28]
2008-06-26 19:05:16 Debug: Notice (8): Undefined index:  comments in [APP\views\journeys\add_form.ctp, line 28]
2008-06-26 19:24:25 Debug: Notice (8): Undefined index:  location_comments in [APP\controllers\journeys_controller.php, line 73]
2008-06-26 19:25:56 Debug: Notice (8): Undefined index:  location_comments in [APP\controllers\journeys_controller.php, line 73]
2008-06-26 19:28:43 Debug: Notice (8): Undefined index:  comments in [APP\controllers\journeys_controller.php, line 139]
2008-06-26 19:30:36 Debug: Notice (8): Undefined index:  comments in [APP\controllers\journeys_controller.php, line 139]
2008-06-26 19:35:14 Debug: Notice (8): Undefined variable: journey in [APP\views\journeys\retrieve.ctp, line 10]
2008-06-26 19:35:14 Debug: Notice (8): Undefined variable: journey in [APP\views\journeys\retrieve.ctp, line 27]
2008-06-26 19:35:14 Debug: Notice (8): Undefined variable: journey in [APP\views\journeys\retrieve.ctp, line 44]
2008-06-26 19:36:29 Debug: Notice (8): Undefined variable: locations in [APP\views\journeys\add_form.ctp, line 22]
2008-06-26 19:39:37 Debug: Notice (8): Undefined variable: locations in [APP\views\journeys\add_form.ctp, line 22]
2008-06-26 19:43:44 Debug: Notice (8): Undefined index:  journey_id in [APP\controllers\journeys_controller.php, line 192]
2008-06-26 19:43:56 Debug: Notice (8): Undefined index:  journey_id in [APP\controllers\journeys_controller.php, line 192]
2008-06-26 19:45:41 Debug: Notice (8): Undefined index:  journey_id in [APP\controllers\journeys_controller.php, line 192]
2008-06-26 19:46:05 Debug: Notice (8): Undefined variable: locations in [APP\views\journeys\add_form.ctp, line 22]
2008-06-26 19:48:24 Debug: Notice (8): Undefined index:  loc_name in [APP\views\journeys\add_form.ctp, line 26]
2008-06-26 20:01:58 Debug: Notice (8): Undefined index:  Tags in [APP\controllers\journeys_controller.php, line 202]
2008-06-26 20:03:18 Debug: Notice (8): Undefined index:  Tags in [APP\controllers\journeys_controller.php, line 203]
2008-06-26 20:12:54 Debug: Notice (8): Undefined variable: journey_id in [APP\views\journeys\add_form.ctp, line 7]
2008-06-27 11:56:01 Debug: Notice (8): Undefined variable: journey_id in [APP\views\journeys\add_form.ctp, line 7]
2008-06-27 11:56:01 Debug: Notice (8): Undefined variable: journey_id in [APP\views\journeys\add_form.ctp, line 11]
2008-06-27 12:17:04 Debug: Notice (8): Undefined index:  Journey in [APP\controllers\journeys_controller.php, line 288]
2008-06-27 12:17:52 Debug: Notice (8): Undefined index:  Journey in [APP\controllers\journeys_controller.php, line 289]
2008-06-27 12:18:19 Debug: Notice (8): Undefined index:  Journey in [APP\controllers\journeys_controller.php, line 288]
2008-06-27 15:00:01 Debug: Notice (8): Undefined variable: location_fields in [APP\views\journeys\add_form.ctp, line 35]
2008-06-27 15:00:19 Debug: Notice (8): Undefined variable: LocationFields in [APP\views\journeys\add_form.ctp, line 35]
2008-06-27 15:01:06 Debug: Notice (8): Undefined property:  View::$LocationFields in [APP\views\journeys\add_form.ctp, line 35]
2008-06-27 15:02:01 Debug: Notice (8): Undefined variable: locationfields in [APP\views\journeys\add_form.ctp, line 35]
2008-06-27 15:02:16 Debug: Notice (8): Undefined variable: locationfields in [APP\views\journeys\add_form.ctp, line 36]
2008-06-27 15:03:04 Debug: Notice (8): Use of undefined constant result - assumed 'result' in [APP\views\helpers\location_fields.php, line 29]
2008-06-27 15:06:00 Debug: Notice (8): Use of undefined constant journey_id - assumed 'journey_id' in [APP\views\journeys\add_success.ctp, line 3]
2008-06-27 15:36:47 Debug: Notice (8): Undefined property:  Journey::$journey_id in [APP\controllers\journeys_controller.php, line 328]
2008-06-27 15:53:18 Debug: Notice (8): Use of undefined constant journey_id - assumed 'journey_id' in [APP\views\journeys\edit_success.ctp, line 3]
2008-06-27 22:32:05 Debug: Notice (8): Undefined variable: result in [APP\controllers\journeys_controller.php, line 400]
2008-06-27 23:07:01 Debug: Notice (8): Undefined variable: password in [APP\views\journeys\edit_success.ctp, line 5]
2008-06-27 23:19:55 Debug: Notice (8): Use of undefined constant cols - assumed 'cols' in [APP\views\journeys\add_form.ctp, line 42]
2008-06-27 23:22:54 Debug: Notice (8): Undefined variable: form in [APP\views\helpers\location_fields.php, line 26]
2008-06-27 23:23:56 Debug: Notice (8): Undefined property:  LocationFieldsHelper::$form in [APP\views\helpers\location_fields.php, line 26]
2008-06-27 23:24:22 Debug: Notice (8): Undefined variable: form in [APP\views\helpers\location_fields.php, line 28]
2008-06-27 23:25:48 Debug: Notice (8): Undefined property:  LocationFieldsHelper::$form in [APP\views\helpers\location_fields.php, line 28]
2008-06-27 23:27:25 Debug: Notice (8): Undefined property:  LocationFieldsHelper::$Form in [APP\views\helpers\location_fields.php, line 28]
2008-06-27 23:27:37 Debug: Notice (8): Undefined variable: Form in [APP\views\helpers\location_fields.php, line 28]
2008-06-29 23:01:20 Debug: Notice (1024): Please change the value of 'Security.salt' in app/config/core.php to a salt value specific to your application in [CORE\cake\libs\debugger.php, line 522]
