2008-06-23 15:36:16 Warning: Warning (512): Method HtmlHelper::charsetTag does not exist in [CORE\cake\libs\view\helper.php, line 148]
2008-06-23 15:36:58 Warning: Warning (512): Method HtmlHelper::charsetTag does not exist in [CORE\cake\libs\view\helper.php, line 148]
2008-06-23 15:37:19 Warning: Warning (512): Method HtmlHelper::charsetTag does not exist in [CORE\cake\libs\view\helper.php, line 148]
2008-06-23 15:38:27 Warning: Warning (512): Method HtmlHelper::charsetTag does not exist in [CORE\cake\libs\view\helper.php, line 148]
2008-06-23 16:46:43 Warning: Warning (512): Method HtmlHelper::charsetTag does not exist in [CORE\cake\libs\view\helper.php, line 148]
2008-06-23 16:55:56 Warning: Warning (512): Method HtmlHelper::charsetTag does not exist in [CORE\cake\libs\view\helper.php, line 148]
2008-06-24 16:47:42 Warning: Warning (512): Method FormHelper::labelTag does not exist in [CORE\cake\libs\view\helper.php, line 148]
2008-06-24 16:47:42 Warning: Warning (512): Method HtmlHelper::submit does not exist in [CORE\cake\libs\view\helper.php, line 148]
2008-06-24 16:50:14 Warning: Warning (512): Method FormHelper::labelTag does not exist in [CORE\cake\libs\view\helper.php, line 148]
2008-06-24 16:50:14 Warning: Warning (512): Method HtmlHelper::submit does not exist in [CORE\cake\libs\view\helper.php, line 148]
2008-06-25 14:44:05 Warning: Warning (2): preg_match() [<a href='http://php.net/function.preg-match'>function.preg-match</a>]: Delimiter must not be alphanumeric or backslash in [CORE\cake\libs\model\model.php, line 2193]
2008-06-25 17:57:48 Warning: Warning (2): Missing argument 1 for JourneysController::edit(), called in C:\kai_stuff\working_files\websites\cake\salesman_v3\cake\libs\object.php on line 114 and defined in [APP\controllers\journeys_controller.php, line 163]
2008-06-25 17:58:44 Warning: Warning (2): Missing argument 1 for JourneysController::edit(), called in C:\kai_stuff\working_files\websites\cake\salesman_v3\cake\libs\object.php on line 114 and defined in [APP\controllers\journeys_controller.php, line 163]
2008-06-26 10:39:40 Warning: Warning (512): <span style = "color:Red;text-align:left"><b>SQL Error:</b> 1048: Column 'journey_id' cannot be null</span> in [CORE\cake\libs\model\datasources\dbo_source.php, line 501]
2008-06-26 14:41:52 Warning: Warning (512): <span style = "color:Red;text-align:left"><b>SQL Error:</b> 1048: Column 'journey_id' cannot be null</span> in [CORE\cake\libs\model\datasources\dbo_source.php, line 501]
2008-06-26 19:28:43 Warning: Warning (512): <span style = "color:Red;text-align:left"><b>SQL Error:</b> 1048: Column 'comments' cannot be null</span> in [CORE\cake\libs\model\datasources\dbo_source.php, line 501]
2008-06-26 19:34:46 Warning: Warning (512): Method FormHelper::link does not exist in [CORE\cake\libs\view\helper.php, line 148]
2008-06-27 13:20:31 Warning: Warning (2): Missing argument 1 for JourneysController::edit(), called in C:\kai_stuff\working_files\websites\cake\salesman_v3\cake\libs\object.php on line 114 and defined in [APP\controllers\journeys_controller.php, line 180]
2008-06-27 13:20:31 Warning: Warning (2): Cannot modify header information - headers already sent by (output started at C:\kai_stuff\working_files\websites\cake\salesman_v3\cake\basics.php:111) in [CORE\cake\libs\controller\controller.php, line 576]
2008-06-29 23:01:21 Warning: Warning (2): mysql_connect() [<a href='http://php.net/function.mysql-connect'>function.mysql-connect</a>]: Access denied for user 'google_maps'@'localhost' (using password: YES) in [CORE\cake\libs\model\datasources\dbo\dbo_mysql.php, line 113]
2008-06-29 23:01:21 Warning: Warning (2): mysql_select_db(): supplied argument is not a valid MySQL-Link resource in [CORE\cake\libs\model\datasources\dbo\dbo_mysql.php, line 116]
2008-06-30 01:19:49 Warning: Warning (2): mysql_connect() [<a href='http://php.net/function.mysql-connect'>function.mysql-connect</a>]: Access denied for user 'google_maps'@'localhost' (using password: YES) in [CORE\cake\libs\model\datasources\dbo\dbo_mysql.php, line 113]
2008-06-30 01:19:49 Warning: Warning (2): mysql_select_db(): supplied argument is not a valid MySQL-Link resource in [CORE\cake\libs\model\datasources\dbo\dbo_mysql.php, line 116]
2008-06-30 01:19:49 Warning: Warning (2): mysql_query(): supplied argument is not a valid MySQL-Link resource in [CORE\cake\libs\model\datasources\dbo\dbo_mysql.php, line 144]
2008-06-30 01:19:51 Warning: Warning (2): mysql_connect() [<a href='http://php.net/function.mysql-connect'>function.mysql-connect</a>]: Access denied for user 'google_maps'@'localhost' (using password: YES) in [CORE\cake\libs\model\datasources\dbo\dbo_mysql.php, line 113]
2008-06-30 01:19:51 Warning: Warning (2): mysql_select_db(): supplied argument is not a valid MySQL-Link resource in [CORE\cake\libs\model\datasources\dbo\dbo_mysql.php, line 116]
2008-06-30 01:19:51 Warning: Warning (2): mysql_query(): supplied argument is not a valid MySQL-Link resource in [CORE\cake\libs\model\datasources\dbo\dbo_mysql.php, line 144]
2008-06-30 01:20:43 Warning: Warning (2): mysql_connect() [<a href='http://php.net/function.mysql-connect'>function.mysql-connect</a>]: Access denied for user 'google_maps'@'localhost' (using password: YES) in [CORE\cake\libs\model\datasources\dbo\dbo_mysql.php, line 113]
2008-06-30 01:20:43 Warning: Warning (2): mysql_select_db(): supplied argument is not a valid MySQL-Link resource in [CORE\cake\libs\model\datasources\dbo\dbo_mysql.php, line 116]
2008-06-30 01:20:43 Warning: Warning (2): mysql_query(): supplied argument is not a valid MySQL-Link resource in [CORE\cake\libs\model\datasources\dbo\dbo_mysql.php, line 144]
