
2008-07-08 14:45:23 Warning: Warning (512): Method CacheHelper::read does not exist in [CORE\cake\libs\view\helper.php, line 148]
2008-07-08 14:45:43 Warning: Warning (512): Method CacheHelper::read does not exist in [CORE\cake\libs\view\helper.php, line 148]
2008-07-08 14:56:51 Warning: Warning (512): Method CacheHelper::read does not exist in [CORE\cake\libs\view\helper.php, line 148]
2008-07-08 14:58:44 Warning: Warning (512): Method CacheHelper::read does not exist in [CORE\cake\libs\view\helper.php, line 148]
2008-07-08 14:59:08 Warning: Warning (512): Method CacheHelper::read does not exist in [CORE\cake\libs\view\helper.php, line 148]
2008-07-08 15:10:53 Warning: Warning (2): Missing argument 1 for FormHelper::select(), called in C:\kai_stuff\working_files\websites\cake\__chapters__\twitter\app\tmp\cache\views\cake___chapters___twitter_twitterfish_testc_3.php on line 28 and defined in [CORE\cake\libs\view\helpers\form.php, line 1076]
2008-07-08 15:58:48 Warning: Warning (2): Cannot modify header information - headers already sent by (output started at C:\kai_stuff\working_files\websites\cake\__chapters__\twitter\cake\basics.php:111) in [CORE\cake\libs\controller\controller.php, line 577]
2008-07-09 10:45:38 Warning: Warning (2): curl_exec(): supplied argument is not a valid cURL handle resource in [APP\controllers\twitterfish_controller.php, line 215]
2008-07-09 10:45:38 Warning: Warning (2): curl_close(): supplied argument is not a valid cURL handle resource in [APP\controllers\twitterfish_controller.php, line 216]
2008-07-09 10:45:39 Warning: Warning (512): <span style = "color:Red;text-align:left"><b>SQL Error:</b> 1048: Column 't_text_translation' cannot be null</span> in [CORE\cake\libs\model\datasources\dbo_source.php, line 512]
2008-07-09 10:46:58 Warning: Warning (512): <span style = "color:Red;text-align:left"><b>SQL Error:</b> 1048: Column 't_text_translation' cannot be null</span> in [CORE\cake\libs\model\datasources\dbo_source.php, line 512]
2008-07-09 10:47:24 Warning: Warning (512): <span style = "color:Red;text-align:left"><b>SQL Error:</b> 1048: Column 't_text_translation' cannot be null</span> in [CORE\cake\libs\model\datasources\dbo_source.php, line 512]
2008-07-09 10:49:56 Warning: Warning (512): <span style = "color:Red;text-align:left"><b>SQL Error:</b> 1048: Column 't_text_translation' cannot be null</span> in [CORE\cake\libs\model\datasources\dbo_source.php, line 512]
2008-07-09 13:05:11 Warning: Warning (512): <span style = "color:Red;text-align:left"><b>SQL Error:</b> 1064: You have an error in your SQL syntax; check the manual that corresponds to your MySQL server version for the right syntax to use near 'bindTranslation' at line 1</span> in [CORE\cake\libs\model\datasources\dbo_source.php, line 512]
2008-07-09 13:05:41 Warning: Warning (512): <span style = "color:Red;text-align:left"><b>SQL Error:</b> 1064: You have an error in your SQL syntax; check the manual that corresponds to your MySQL server version for the right syntax to use near 'bindTranslation' at line 1</span> in [CORE\cake\libs\model\datasources\dbo_source.php, line 512]
2008-07-09 13:35:32 Warning: Warning (512): <span style = "color:Red;text-align:left"><b>SQL Error:</b> 1064: You have an error in your SQL syntax; check the manual that corresponds to your MySQL server version for the right syntax to use near 'bindTranslation' at line 1</span> in [CORE\cake\libs\model\datasources\dbo_source.php, line 512]
2008-07-09 13:36:13 Warning: Warning (512): <span style = "color:Red;text-align:left"><b>SQL Error:</b> 1064: You have an error in your SQL syntax; check the manual that corresponds to your MySQL server version for the right syntax to use near 'bindTranslation' at line 1</span> in [CORE\cake\libs\model\datasources\dbo_source.php, line 512]
2008-07-09 13:37:17 Warning: Warning (2): mysql_real_escape_string() expects parameter 1 to be string, object given in [CORE\cake\libs\model\datasources\dbo\dbo_mysql.php, line 247]
2008-07-09 13:37:17 Warning: Warning (512): <span style = "color:Red;text-align:left"><b>SQL Error:</b> 1064: You have an error in your SQL syntax; check the manual that corresponds to your MySQL server version for the right syntax to use near 'bindTranslation' at line 1</span> in [CORE\cake\libs\model\datasources\dbo_source.php, line 512]
2008-07-09 13:37:42 Warning: Warning (2): mysql_real_escape_string() expects parameter 1 to be string, object given in [CORE\cake\libs\model\datasources\dbo\dbo_mysql.php, line 247]
2008-07-09 13:37:42 Warning: Warning (512): <span style = "color:Red;text-align:left"><b>SQL Error:</b> 1064: You have an error in your SQL syntax; check the manual that corresponds to your MySQL server version for the right syntax to use near 'bindTranslation' at line 1</span> in [CORE\cake\libs\model\datasources\dbo_source.php, line 512]
2008-07-09 13:38:09 Warning: Warning (2): mysql_real_escape_string() expects parameter 1 to be string, object given in [CORE\cake\libs\model\datasources\dbo\dbo_mysql.php, line 247]
2008-07-09 13:38:09 Warning: Warning (512): <span style = "color:Red;text-align:left"><b>SQL Error:</b> 1064: You have an error in your SQL syntax; check the manual that corresponds to your MySQL server version for the right syntax to use near 'bindTranslation' at line 1</span> in [CORE\cake\libs\model\datasources\dbo_source.php, line 512]
2008-07-09 13:38:26 Warning: Warning (2): mysql_real_escape_string() expects parameter 1 to be string, object given in [CORE\cake\libs\model\datasources\dbo\dbo_mysql.php, line 247]
2008-07-09 13:38:26 Warning: Warning (512): <span style = "color:Red;text-align:left"><b>SQL Error:</b> 1064: You have an error in your SQL syntax; check the manual that corresponds to your MySQL server version for the right syntax to use near 'bindTranslation' at line 1</span> in [CORE\cake\libs\model\datasources\dbo_source.php, line 512]
2008-07-09 13:38:50 Warning: Warning (2): mysql_real_escape_string() expects parameter 1 to be string, object given in [CORE\cake\libs\model\datasources\dbo\dbo_mysql.php, line 247]
2008-07-09 13:38:50 Warning: Warning (512): <span style = "color:Red;text-align:left"><b>SQL Error:</b> 1064: You have an error in your SQL syntax; check the manual that corresponds to your MySQL server version for the right syntax to use near 'bindTranslation' at line 1</span> in [CORE\cake\libs\model\datasources\dbo_source.php, line 512]
2008-07-09 13:38:58 Warning: Warning (2): mysql_real_escape_string() expects parameter 1 to be string, object given in [CORE\cake\libs\model\datasources\dbo\dbo_mysql.php, line 247]
2008-07-09 13:38:58 Warning: Warning (512): <span style = "color:Red;text-align:left"><b>SQL Error:</b> 1064: You have an error in your SQL syntax; check the manual that corresponds to your MySQL server version for the right syntax to use near 'bindTranslation' at line 1</span> in [CORE\cake\libs\model\datasources\dbo_source.php, line 512]
2008-07-09 13:39:25 Warning: Warning (512): <span style = "color:Red;text-align:left"><b>SQL Error:</b> 1064: You have an error in your SQL syntax; check the manual that corresponds to your MySQL server version for the right syntax to use near 'bindTranslation' at line 1</span> in [CORE\cake\libs\model\datasources\dbo_source.php, line 512]
2008-07-09 13:39:42 Warning: Warning (512): <span style = "color:Red;text-align:left"><b>SQL Error:</b> 1064: You have an error in your SQL syntax; check the manual that corresponds to your MySQL server version for the right syntax to use near 'bindTranslation' at line 1</span> in [CORE\cake\libs\model\datasources\dbo_source.php, line 512]
2008-07-09 13:48:13 Warning: Warning (512): <span style = "color:Red;text-align:left"><b>SQL Error:</b> 1064: You have an error in your SQL syntax; check the manual that corresponds to your MySQL server version for the right syntax to use near 'bindTranslation' at line 1</span> in [CORE\cake\libs\model\datasources\dbo_source.php, line 512]
2008-07-09 13:48:41 Warning: Warning (512): <span style = "color:Red;text-align:left"><b>SQL Error:</b> 1064: You have an error in your SQL syntax; check the manual that corresponds to your MySQL server version for the right syntax to use near 'bindTranslation' at line 1</span> in [CORE\cake\libs\model\datasources\dbo_source.php, line 512]
2008-07-09 13:50:27 Warning: Warning (2): Illegal offset type in isset or empty in [CORE\cake\libs\model\behaviors\translate.php, line 399]
2008-07-09 13:50:27 Warning: Warning (2): Illegal offset type in [CORE\cake\libs\model\behaviors\translate.php, line 404]
2008-07-09 13:50:27 Warning: Warning (2): Illegal offset type in [CORE\cake\libs\model\model.php, line 483]
2008-07-09 14:35:59 Warning: Warning (2): Invalid argument supplied for foreach() in [CORE\cake\libs\object.php, line 271]
2008-07-09 14:36:58 Warning: Warning (2): Invalid argument supplied for foreach() in [CORE\cake\libs\object.php, line 271]
2008-07-09 14:38:34 Warning: Warning (2): Invalid argument supplied for foreach() in [CORE\cake\libs\object.php, line 271]
2008-07-10 00:43:37 Warning: Warning (2): array_map() [<a href='http://php.net/function.array-map'>function.array-map</a>]: Argument #2 should be an array in [CORE\cake\libs\view\helpers\rss.php, line 161]
2008-07-10 00:45:08 Warning: Warning (2): array_map() [<a href='http://php.net/function.array-map'>function.array-map</a>]: Argument #2 should be an array in [CORE\cake\libs\view\helpers\rss.php, line 161]
2008-07-10 00:45:14 Warning: Warning (2): array_map() [<a href='http://php.net/function.array-map'>function.array-map</a>]: Argument #2 should be an array in [CORE\cake\libs\view\helpers\rss.php, line 161]
2008-07-10 00:46:18 Warning: Warning (2): array_map() [<a href='http://php.net/function.array-map'>function.array-map</a>]: Argument #2 should be an array in [CORE\cake\libs\view\helpers\rss.php, line 161]
2008-07-10 01:24:27 Warning: Warning (2): Invalid argument supplied for foreach() in [APP\views\twittertwister\index.ctp, line 3]
2008-07-10 01:25:36 Warning: Warning (2): Invalid argument supplied for foreach() in [APP\views\twittertwister\view_archive.ctp, line 3]
2008-07-10 02:16:58 Warning: Warning (2): unlink(C:\kai_stuff\working_files\websites\cake\__chapters__\twitter\app\tmp\cache\persistent\cake_core_dir_map) [<a href='http://php.net/function.unlink'>function.unlink</a>]: Permission denied in [CORE\cake\libs\file.php, line 278]
2008-07-10 15:56:15 Warning: Warning (2): Missing argument 1 for Router::parse(), called in C:\kai_stuff\working_files\websites\cake\__chapters__\twitter\app\controllers\twittertwister_controller.php on line 73 and defined in [CORE\cake\libs\router.php, line 404]
2008-07-10 16:00:23 Warning: Warning (2): Cannot modify header information - headers already sent by (output started at C:\kai_stuff\working_files\websites\cake\__chapters__\twitter\cake\basics.php:303) in [CORE\cake\libs\controller\controller.php, line 577]
2008-07-11 21:43:18 Warning: Warning (512): <span style = "color:Red;text-align:left"><b>SQL Error:</b> 1146: Table 'cake_twitter_ch6.twitter_calls' doesn't exist</span> in [CORE\cake\libs\model\datasources\dbo_source.php, line 512]
2008-07-11 21:43:18 Warning: Warning (2): Invalid argument supplied for foreach() in [APP\views\twittertwister\view_archive.ctp, line 3]
2008-07-12 10:35:34 Warning: Warning (512): <span style = "color:Red;text-align:left"><b>SQL Error:</b> 1054: Unknown column 'Lang.google_lang_code' in 'field list'</span> in [CORE\cake\libs\model\datasources\dbo_source.php, line 512]
2008-07-12 10:35:34 Warning: Warning (2): Invalid argument supplied for foreach() in [APP\models\lang.php, line 22]
2008-07-14 17:28:16 Warning: Warning (512): <span style = "color:Red;text-align:left"><b>SQL Error:</b> 1054: Unknown column 'TwitterCall.call_time' in 'field list'</span> in [CORE\cake\libs\model\datasources\dbo_source.php, line 512]
2008-07-15 22:23:01 Warning: Warning (512): <span style = "color:Red;text-align:left"><b>SQL Error:</b> 1054: Unknown column 'TwitterStatus.twitter_request_id' in 'on clause'</span> in [CORE\cake\libs\model\datasources\dbo_source.php, line 512]
2008-07-15 22:23:01 Warning: Warning (512): <span style = "color:Red;text-align:left"><b>SQL Error:</b> 1054: Unknown column 'TwitterStatus.twitter_request_id' in 'on clause'</span> in [CORE\cake\libs\model\datasources\dbo_source.php, line 512]
2008-07-15 22:24:16 Warning: Warning (512): <span style = "color:Red;text-align:left"><b>SQL Error:</b> 1054: Unknown column 'TwitterStatus.twitter_call_id' in 'field list'</span> in [CORE\cake\libs\model\datasources\dbo_source.php, line 512]
2008-07-15 22:24:16 Warning: Warning (512): <span style = "color:Red;text-align:left"><b>SQL Error:</b> 1054: Unknown column 'TwitterStatus.twitter_call_id' in 'field list'</span> in [CORE\cake\libs\model\datasources\dbo_source.php, line 512]
2008-07-16 14:40:57 Warning: Warning (512): <span style = "color:Red;text-align:left"><b>SQL Error:</b> 1064: You have an error in your SQL syntax; check the manual that corresponds to your MySQL server version for the right syntax to use near ''lang_name','lang_code','google_lang_code') VALUES ('11','22','33')' at line 1</span> in [CORE\cake\libs\model\datasources\dbo_source.php, line 512]
2008-07-17 14:22:06 Warning: Warning (512): <span style = "color:Red;text-align:left"><b>SQL Error:</b> 1054: Unknown column 'TwitterRequest.id' in 'where clause'</span> in [CORE\cake\libs\model\datasources\dbo_source.php, line 512]
2008-07-17 14:22:07 Warning: Warning (512): <span style = "color:Red;text-align:left"><b>SQL Error:</b> 1054: Unknown column 'TwitterRequest.id' in 'where clause'</span> in [CORE\cake\libs\model\datasources\dbo_source.php, line 512]
2008-07-20 01:10:56 Warning: Warning (512): <span style = "color:Red;text-align:left"><b>SQL Error:</b> 1054: Unknown column 'TwitterStatus.t_created_at' in 'where clause'</span> in [CORE\cake\libs\model\datasources\dbo_source.php, line 512]
2008-07-20 01:10:56 Warning: Warning (2): Invalid argument supplied for foreach() in [APP\views\mf_fetch_list\index.ctp, line 3]
2008-07-21 12:00:06 Warning: Warning (2): Cannot modify header information - headers already sent by (output started at C:\kai_stuff\working_files\websites\cake\__chapters__\message_forum\cake\basics.php:303) in [APP\views\layouts\json\base.ctp, line 2]
2008-07-21 12:00:06 Warning: Warning (2): Cannot modify header information - headers already sent by (output started at C:\kai_stuff\working_files\websites\cake\__chapters__\message_forum\cake\basics.php:303) in [APP\views\layouts\json\base.ctp, line 3]
2008-07-21 12:00:06 Warning: Warning (2): Cannot modify header information - headers already sent by (output started at C:\kai_stuff\working_files\websites\cake\__chapters__\message_forum\cake\basics.php:303) in [APP\views\layouts\json\base.ctp, line 4]
2008-07-21 12:00:06 Warning: Warning (2): Cannot modify header information - headers already sent by (output started at C:\kai_stuff\working_files\websites\cake\__chapters__\message_forum\cake\basics.php:303) in [APP\views\layouts\json\base.ctp, line 5]
2008-07-21 12:05:43 Warning: Warning (2): Cannot modify header information - headers already sent by (output started at C:\kai_stuff\working_files\websites\cake\__chapters__\message_forum\cake\basics.php:303) in [APP\views\layouts\json\base.ctp, line 2]
2008-07-21 12:05:43 Warning: Warning (2): Cannot modify header information - headers already sent by (output started at C:\kai_stuff\working_files\websites\cake\__chapters__\message_forum\cake\basics.php:303) in [APP\views\layouts\json\base.ctp, line 3]
2008-07-21 12:05:43 Warning: Warning (2): Cannot modify header information - headers already sent by (output started at C:\kai_stuff\working_files\websites\cake\__chapters__\message_forum\cake\basics.php:303) in [APP\views\layouts\json\base.ctp, line 4]
2008-07-21 12:05:43 Warning: Warning (2): Cannot modify header information - headers already sent by (output started at C:\kai_stuff\working_files\websites\cake\__chapters__\message_forum\cake\basics.php:303) in [APP\views\layouts\json\base.ctp, line 5]
2008-07-21 12:05:53 Warning: Warning (2): Cannot modify header information - headers already sent by (output started at C:\kai_stuff\working_files\websites\cake\__chapters__\message_forum\cake\basics.php:303) in [APP\views\layouts\json\base.ctp, line 2]
2008-07-21 12:05:53 Warning: Warning (2): Cannot modify header information - headers already sent by (output started at C:\kai_stuff\working_files\websites\cake\__chapters__\message_forum\cake\basics.php:303) in [APP\views\layouts\json\base.ctp, line 3]
2008-07-21 12:05:53 Warning: Warning (2): Cannot modify header information - headers already sent by (output started at C:\kai_stuff\working_files\websites\cake\__chapters__\message_forum\cake\basics.php:303) in [APP\views\layouts\json\base.ctp, line 4]
2008-07-21 12:05:53 Warning: Warning (2): Cannot modify header information - headers already sent by (output started at C:\kai_stuff\working_files\websites\cake\__chapters__\message_forum\cake\basics.php:303) in [APP\views\layouts\json\base.ctp, line 5]
2008-07-21 12:06:24 Warning: Warning (2): Cannot modify header information - headers already sent by (output started at C:\kai_stuff\working_files\websites\cake\__chapters__\message_forum\app\controllers\mf_fetch_post_controller.php:17) in [APP\views\layouts\json\base.ctp, line 2]
2008-07-21 12:06:24 Warning: Warning (2): Cannot modify header information - headers already sent by (output started at C:\kai_stuff\working_files\websites\cake\__chapters__\message_forum\app\controllers\mf_fetch_post_controller.php:17) in [APP\views\layouts\json\base.ctp, line 3]
2008-07-21 12:06:24 Warning: Warning (2): Cannot modify header information - headers already sent by (output started at C:\kai_stuff\working_files\websites\cake\__chapters__\message_forum\app\controllers\mf_fetch_post_controller.php:17) in [APP\views\layouts\json\base.ctp, line 4]
2008-07-21 12:06:24 Warning: Warning (2): Cannot modify header information - headers already sent by (output started at C:\kai_stuff\working_files\websites\cake\__chapters__\message_forum\app\controllers\mf_fetch_post_controller.php:17) in [APP\views\layouts\json\base.ctp, line 5]
2008-07-21 12:06:58 Warning: Warning (2): Cannot modify header information - headers already sent by (output started at C:\kai_stuff\working_files\websites\cake\__chapters__\message_forum\app\controllers\mf_fetch_post_controller.php:17) in [APP\views\layouts\json\base.ctp, line 2]
2008-07-21 12:06:58 Warning: Warning (2): Cannot modify header information - headers already sent by (output started at C:\kai_stuff\working_files\websites\cake\__chapters__\message_forum\app\controllers\mf_fetch_post_controller.php:17) in [APP\views\layouts\json\base.ctp, line 3]
2008-07-21 12:06:58 Warning: Warning (2): Cannot modify header information - headers already sent by (output started at C:\kai_stuff\working_files\websites\cake\__chapters__\message_forum\app\controllers\mf_fetch_post_controller.php:17) in [APP\views\layouts\json\base.ctp, line 4]
2008-07-21 12:06:58 Warning: Warning (2): Cannot modify header information - headers already sent by (output started at C:\kai_stuff\working_files\websites\cake\__chapters__\message_forum\app\controllers\mf_fetch_post_controller.php:17) in [APP\views\layouts\json\base.ctp, line 5]
2008-07-21 12:07:09 Warning: Warning (2): Cannot modify header information - headers already sent by (output started at C:\kai_stuff\working_files\websites\cake\__chapters__\message_forum\app\controllers\mf_fetch_post_controller.php:14) in [APP\views\layouts\json\base.ctp, line 2]
2008-07-21 12:07:09 Warning: Warning (2): Cannot modify header information - headers already sent by (output started at C:\kai_stuff\working_files\websites\cake\__chapters__\message_forum\app\controllers\mf_fetch_post_controller.php:14) in [APP\views\layouts\json\base.ctp, line 3]
2008-07-21 12:07:09 Warning: Warning (2): Cannot modify header information - headers already sent by (output started at C:\kai_stuff\working_files\websites\cake\__chapters__\message_forum\app\controllers\mf_fetch_post_controller.php:14) in [APP\views\layouts\json\base.ctp, line 4]
2008-07-21 12:07:09 Warning: Warning (2): Cannot modify header information - headers already sent by (output started at C:\kai_stuff\working_files\websites\cake\__chapters__\message_forum\app\controllers\mf_fetch_post_controller.php:14) in [APP\views\layouts\json\base.ctp, line 5]
2008-07-21 12:07:36 Warning: Warning (512): <span style = "color:Red;text-align:left"><b>SQL Error:</b> 1054: Unknown column 'Post.id' in 'where clause'</span> in [CORE\cake\libs\model\datasources\dbo_source.php, line 512]
2008-07-21 12:07:37 Warning: Warning (2): Cannot modify header information - headers already sent by (output started at C:\kai_stuff\working_files\websites\cake\__chapters__\message_forum\cake\basics.php:111) in [APP\views\layouts\json\base.ctp, line 2]
2008-07-21 12:07:37 Warning: Warning (2): Cannot modify header information - headers already sent by (output started at C:\kai_stuff\working_files\websites\cake\__chapters__\message_forum\cake\basics.php:111) in [APP\views\layouts\json\base.ctp, line 3]
2008-07-21 12:07:37 Warning: Warning (2): Cannot modify header information - headers already sent by (output started at C:\kai_stuff\working_files\websites\cake\__chapters__\message_forum\cake\basics.php:111) in [APP\views\layouts\json\base.ctp, line 4]
2008-07-21 12:07:37 Warning: Warning (2): Cannot modify header information - headers already sent by (output started at C:\kai_stuff\working_files\websites\cake\__chapters__\message_forum\cake\basics.php:111) in [APP\views\layouts\json\base.ctp, line 5]
2008-07-21 12:07:55 Warning: Warning (2): Cannot modify header information - headers already sent by (output started at C:\kai_stuff\working_files\websites\cake\__chapters__\message_forum\app\controllers\mf_fetch_post_controller.php:14) in [APP\views\layouts\json\base.ctp, line 2]
2008-07-21 12:07:55 Warning: Warning (2): Cannot modify header information - headers already sent by (output started at C:\kai_stuff\working_files\websites\cake\__chapters__\message_forum\app\controllers\mf_fetch_post_controller.php:14) in [APP\views\layouts\json\base.ctp, line 3]
2008-07-21 12:07:55 Warning: Warning (2): Cannot modify header information - headers already sent by (output started at C:\kai_stuff\working_files\websites\cake\__chapters__\message_forum\app\controllers\mf_fetch_post_controller.php:14) in [APP\views\layouts\json\base.ctp, line 4]
2008-07-21 12:07:55 Warning: Warning (2): Cannot modify header information - headers already sent by (output started at C:\kai_stuff\working_files\websites\cake\__chapters__\message_forum\app\controllers\mf_fetch_post_controller.php:14) in [APP\views\layouts\json\base.ctp, line 5]
2008-07-21 12:08:01 Warning: Warning (2): Cannot modify header information - headers already sent by (output started at C:\kai_stuff\working_files\websites\cake\__chapters__\message_forum\app\controllers\mf_fetch_post_controller.php:17) in [APP\views\layouts\json\base.ctp, line 2]
2008-07-21 12:08:01 Warning: Warning (2): Cannot modify header information - headers already sent by (output started at C:\kai_stuff\working_files\websites\cake\__chapters__\message_forum\app\controllers\mf_fetch_post_controller.php:17) in [APP\views\layouts\json\base.ctp, line 3]
2008-07-21 12:08:01 Warning: Warning (2): Cannot modify header information - headers already sent by (output started at C:\kai_stuff\working_files\websites\cake\__chapters__\message_forum\app\controllers\mf_fetch_post_controller.php:17) in [APP\views\layouts\json\base.ctp, line 4]
2008-07-21 12:08:01 Warning: Warning (2): Cannot modify header information - headers already sent by (output started at C:\kai_stuff\working_files\websites\cake\__chapters__\message_forum\app\controllers\mf_fetch_post_controller.php:17) in [APP\views\layouts\json\base.ctp, line 5]
2008-07-21 12:25:18 Warning: Warning (512): <span style = "color:Red;text-align:left"><b>SQL Error:</b> 1054: Unknown column 'Post.id' in 'where clause'</span> in [CORE\cake\libs\model\datasources\dbo_source.php, line 512]
2008-07-21 12:25:18 Warning: Warning (2): Cannot modify header information - headers already sent by (output started at C:\kai_stuff\working_files\websites\cake\__chapters__\message_forum\cake\basics.php:111) in [APP\views\layouts\json\base.ctp, line 2]
2008-07-21 12:25:18 Warning: Warning (2): Cannot modify header information - headers already sent by (output started at C:\kai_stuff\working_files\websites\cake\__chapters__\message_forum\cake\basics.php:111) in [APP\views\layouts\json\base.ctp, line 3]
2008-07-21 12:25:18 Warning: Warning (2): Cannot modify header information - headers already sent by (output started at C:\kai_stuff\working_files\websites\cake\__chapters__\message_forum\cake\basics.php:111) in [APP\views\layouts\json\base.ctp, line 4]
2008-07-21 12:25:18 Warning: Warning (2): Cannot modify header information - headers already sent by (output started at C:\kai_stuff\working_files\websites\cake\__chapters__\message_forum\cake\basics.php:111) in [APP\views\layouts\json\base.ctp, line 5]
2008-07-22 16:05:26 Warning: Warning (2): Cannot modify header information - headers already sent by (output started at C:\kai_stuff\working_files\websites\cake\__chapters__\message_forum\cake\basics.php:303) in [APP\views\layouts\json\base.ctp, line 2]
2008-07-22 16:05:26 Warning: Warning (2): Cannot modify header information - headers already sent by (output started at C:\kai_stuff\working_files\websites\cake\__chapters__\message_forum\cake\basics.php:303) in [APP\views\layouts\json\base.ctp, line 3]
2008-07-22 16:05:26 Warning: Warning (2): Cannot modify header information - headers already sent by (output started at C:\kai_stuff\working_files\websites\cake\__chapters__\message_forum\cake\basics.php:303) in [APP\views\layouts\json\base.ctp, line 4]
2008-07-22 16:05:26 Warning: Warning (2): Cannot modify header information - headers already sent by (output started at C:\kai_stuff\working_files\websites\cake\__chapters__\message_forum\cake\basics.php:303) in [APP\views\layouts\json\base.ctp, line 5]
2008-07-22 16:23:33 Warning: Warning (2): Cannot modify header information - headers already sent by (output started at C:\kai_stuff\working_files\websites\cake\__chapters__\message_forum\cake\basics.php:303) in [APP\views\layouts\json\base.ctp, line 2]
2008-07-22 16:23:33 Warning: Warning (2): Cannot modify header information - headers already sent by (output started at C:\kai_stuff\working_files\websites\cake\__chapters__\message_forum\cake\basics.php:303) in [APP\views\layouts\json\base.ctp, line 3]
2008-07-22 16:23:33 Warning: Warning (2): Cannot modify header information - headers already sent by (output started at C:\kai_stuff\working_files\websites\cake\__chapters__\message_forum\cake\basics.php:303) in [APP\views\layouts\json\base.ctp, line 4]
2008-07-22 16:23:33 Warning: Warning (2): Cannot modify header information - headers already sent by (output started at C:\kai_stuff\working_files\websites\cake\__chapters__\message_forum\cake\basics.php:303) in [APP\views\layouts\json\base.ctp, line 5]
2008-07-22 16:24:56 Warning: Warning (2): Cannot modify header information - headers already sent by (output started at C:\kai_stuff\working_files\websites\cake\__chapters__\message_forum\cake\basics.php:303) in [APP\views\layouts\json\base.ctp, line 2]
2008-07-22 16:24:56 Warning: Warning (2): Cannot modify header information - headers already sent by (output started at C:\kai_stuff\working_files\websites\cake\__chapters__\message_forum\cake\basics.php:303) in [APP\views\layouts\json\base.ctp, line 3]
2008-07-22 16:24:56 Warning: Warning (2): Cannot modify header information - headers already sent by (output started at C:\kai_stuff\working_files\websites\cake\__chapters__\message_forum\cake\basics.php:303) in [APP\views\layouts\json\base.ctp, line 4]
2008-07-22 16:24:56 Warning: Warning (2): Cannot modify header information - headers already sent by (output started at C:\kai_stuff\working_files\websites\cake\__chapters__\message_forum\cake\basics.php:303) in [APP\views\layouts\json\base.ctp, line 5]
2008-07-22 19:37:30 Warning: Warning (2): Cannot modify header information - headers already sent by (output started at C:\kai_stuff\working_files\websites\cake\__chapters__\message_forum\app\controllers\mf_post_process_controller.php:12) in [APP\views\layouts\json\base.ctp, line 2]
2008-07-22 19:37:30 Warning: Warning (2): Cannot modify header information - headers already sent by (output started at C:\kai_stuff\working_files\websites\cake\__chapters__\message_forum\app\controllers\mf_post_process_controller.php:12) in [APP\views\layouts\json\base.ctp, line 3]
2008-07-22 19:37:30 Warning: Warning (2): Cannot modify header information - headers already sent by (output started at C:\kai_stuff\working_files\websites\cake\__chapters__\message_forum\app\controllers\mf_post_process_controller.php:12) in [APP\views\layouts\json\base.ctp, line 4]
2008-07-22 19:37:30 Warning: Warning (2): Cannot modify header information - headers already sent by (output started at C:\kai_stuff\working_files\websites\cake\__chapters__\message_forum\app\controllers\mf_post_process_controller.php:12) in [APP\views\layouts\json\base.ctp, line 5]
2008-07-22 22:40:31 Warning: Warning (2): Header may not contain more than a single header, new line detected. in [APP\views\layouts\json\base.ctp, line 5]
2008-07-23 01:21:36 Warning: Warning (2): Cannot modify header information - headers already sent by (output started at C:\kai_stuff\working_files\websites\cake\__chapters__\message_forum\cake\basics.php:303) in [APP\views\layouts\json\ajax.ctp, line 2]
2008-07-23 01:21:36 Warning: Warning (2): Cannot modify header information - headers already sent by (output started at C:\kai_stuff\working_files\websites\cake\__chapters__\message_forum\cake\basics.php:303) in [APP\views\layouts\json\ajax.ctp, line 3]
2008-07-23 01:21:36 Warning: Warning (2): Cannot modify header information - headers already sent by (output started at C:\kai_stuff\working_files\websites\cake\__chapters__\message_forum\cake\basics.php:303) in [APP\views\layouts\json\ajax.ctp, line 4]
2008-07-23 01:21:36 Warning: Warning (2): Cannot modify header information - headers already sent by (output started at C:\kai_stuff\working_files\websites\cake\__chapters__\message_forum\cake\basics.php:303) in [APP\views\layouts\json\ajax.ctp, line 5]
2008-07-23 01:22:36 Warning: Warning (2): Cannot modify header information - headers already sent by (output started at C:\kai_stuff\working_files\websites\cake\__chapters__\message_forum\cake\basics.php:303) in [APP\views\layouts\json\base.ctp, line 2]
2008-07-23 01:22:36 Warning: Warning (2): Cannot modify header information - headers already sent by (output started at C:\kai_stuff\working_files\websites\cake\__chapters__\message_forum\cake\basics.php:303) in [APP\views\layouts\json\base.ctp, line 3]
2008-07-23 01:22:36 Warning: Warning (2): Cannot modify header information - headers already sent by (output started at C:\kai_stuff\working_files\websites\cake\__chapters__\message_forum\cake\basics.php:303) in [APP\views\layouts\json\base.ctp, line 4]
2008-07-23 01:22:36 Warning: Warning (2): Cannot modify header information - headers already sent by (output started at C:\kai_stuff\working_files\websites\cake\__chapters__\message_forum\cake\basics.php:303) in [APP\views\layouts\json\base.ctp, line 5]
2008-07-23 02:08:22 Warning: Warning (512): Method HtmlHelper::tagErrorMsg does not exist in [CORE\cake\libs\view\helper.php, line 148]
2008-07-23 02:14:59 Warning: Warning (512): Method HtmlHelper::tagErrorMsg does not exist in [CORE\cake\libs\view\helper.php, line 148]
2008-07-23 13:04:05 Warning: Warning (2): Cannot modify header information - headers already sent by (output started at C:\kai_stuff\working_files\websites\cake\__chapters__\message_forum\cake\basics.php:303) in [CORE\cake\libs\controller\controller.php, line 577]
2008-07-23 13:06:22 Warning: Warning (2): Cannot modify header information - headers already sent by (output started at C:\kai_stuff\working_files\websites\cake\__chapters__\message_forum\cake\basics.php:303) in [CORE\cake\libs\controller\controller.php, line 577]
2008-07-23 16:34:55 Warning: Warning (2): Cannot modify header information - headers already sent by (output started at C:\kai_stuff\working_files\websites\cake\__chapters__\message_forum\cake\basics.php:111) in [APP\views\layouts\json\ajax.ctp, line 2]
2008-07-23 16:34:55 Warning: Warning (2): Cannot modify header information - headers already sent by (output started at C:\kai_stuff\working_files\websites\cake\__chapters__\message_forum\cake\basics.php:111) in [APP\views\layouts\json\ajax.ctp, line 3]
2008-07-23 16:34:55 Warning: Warning (2): Cannot modify header information - headers already sent by (output started at C:\kai_stuff\working_files\websites\cake\__chapters__\message_forum\cake\basics.php:111) in [APP\views\layouts\json\ajax.ctp, line 4]
2008-07-23 16:34:55 Warning: Warning (2): Cannot modify header information - headers already sent by (output started at C:\kai_stuff\working_files\websites\cake\__chapters__\message_forum\cake\basics.php:111) in [APP\views\layouts\json\ajax.ctp, line 5]
2008-07-23 16:35:21 Warning: Warning (2): Cannot modify header information - headers already sent by (output started at C:\kai_stuff\working_files\websites\cake\__chapters__\message_forum\cake\basics.php:111) in [CORE\cake\libs\controller\controller.php, line 577]
2008-07-23 16:37:57 Warning: Warning (2): Cannot modify header information - headers already sent by (output started at C:\kai_stuff\working_files\websites\cake\__chapters__\message_forum\cake\basics.php:303) in [CORE\cake\libs\controller\controller.php, line 577]
2008-07-24 10:34:26 Warning: Warning (512): <span style = "color:Red;text-align:left"><b>SQL Error:</b> 1064: You have an error in your SQL syntax; check the manual that corresponds to your MySQL server version for the right syntax to use near 'ORDER BY `Post`.`t_created_at` DESC' at line 1</span> in [CORE\cake\libs\model\datasources\dbo_source.php, line 512]
2008-07-24 10:40:03 Warning: Warning (512): <span style = "color:Red;text-align:left"><b>SQL Error:</b> 1054: Unknown column 'conditions' in 'where clause'</span> in [CORE\cake\libs\model\datasources\dbo_source.php, line 512]
2008-07-24 10:40:04 Warning: Warning (2): Invalid argument supplied for foreach() in [APP\views\mf_search_process\index.ctp, line 5]
2008-07-24 10:47:29 Warning: Warning (512): <span style = "color:Red;text-align:left"><b>SQL Error:</b> 1064: You have an error in your SQL syntax; check the manual that corresponds to your MySQL server version for the right syntax to use near '' at line 1</span> in [CORE\cake\libs\model\datasources\dbo_source.php, line 512]
2008-07-24 10:47:29 Warning: Warning (512): <span style = "color:Red;text-align:left"><b>SQL Error:</b> 1064: You have an error in your SQL syntax; check the manual that corresponds to your MySQL server version for the right syntax to use near 'ORDER BY `Post`.`t_created_at` asc  LIMIT 2' at line 1</span> in [CORE\cake\libs\model\datasources\dbo_source.php, line 512]
2008-07-24 10:47:29 Warning: Warning (2): Invalid argument supplied for foreach() in [APP\views\mf_search_process\index.ctp, line 5]
2008-07-24 11:13:14 Warning: Warning (512): <span style = "color:Red;text-align:left"><b>SQL Error:</b> 1064: You have an error in your SQL syntax; check the manual that corresponds to your MySQL server version for the right syntax to use near '' at line 1</span> in [CORE\cake\libs\model\datasources\dbo_source.php, line 512]
2008-07-24 11:13:14 Warning: Warning (512): <span style = "color:Red;text-align:left"><b>SQL Error:</b> 1064: You have an error in your SQL syntax; check the manual that corresponds to your MySQL server version for the right syntax to use near 'ORDER BY `Post`.`t_created_at` asc  LIMIT 2' at line 1</span> in [CORE\cake\libs\model\datasources\dbo_source.php, line 512]
2008-07-24 11:13:14 Warning: Warning (2): Invalid argument supplied for foreach() in [APP\views\mf_search_process\index.ctp, line 8]
2008-07-24 11:18:38 Warning: Warning (512): <span style = "color:Red;text-align:left"><b>SQL Error:</b> 1064: You have an error in your SQL syntax; check the manual that corresponds to your MySQL server version for the right syntax to use near '' at line 1</span> in [CORE\cake\libs\model\datasources\dbo_source.php, line 512]
2008-07-24 11:18:38 Warning: Warning (512): <span style = "color:Red;text-align:left"><b>SQL Error:</b> 1064: You have an error in your SQL syntax; check the manual that corresponds to your MySQL server version for the right syntax to use near 'ORDER BY `Post`.`t_created_at` asc  LIMIT 2' at line 1</span> in [CORE\cake\libs\model\datasources\dbo_source.php, line 512]
2008-07-24 11:18:38 Warning: Warning (2): Invalid argument supplied for foreach() in [APP\views\mf_search_process\index.ctp, line 8]
2008-07-24 13:44:47 Warning: Warning (512): <span style = "color:Red;text-align:left"><b>SQL Error:</b> 1064: You have an error in your SQL syntax; check the manual that corresponds to your MySQL server version for the right syntax to use near '' at line 1</span> in [CORE\cake\libs\model\datasources\dbo_source.php, line 512]
2008-07-24 13:44:47 Warning: Warning (512): <span style = "color:Red;text-align:left"><b>SQL Error:</b> 1064: You have an error in your SQL syntax; check the manual that corresponds to your MySQL server version for the right syntax to use near 'ORDER BY `Post`.`t_created_at` asc  LIMIT 2' at line 1</span> in [CORE\cake\libs\model\datasources\dbo_source.php, line 512]
2008-07-24 13:44:47 Warning: Warning (2): Invalid argument supplied for foreach() in [APP\views\mf_search_process\index.ctp, line 8]
2008-07-24 13:55:13 Warning: Warning (512): <span style = "color:Red;text-align:left"><b>SQL Error:</b> 1064: You have an error in your SQL syntax; check the manual that corresponds to your MySQL server version for the right syntax to use near '' at line 1</span> in [CORE\cake\libs\model\datasources\dbo_source.php, line 512]
2008-07-24 13:55:13 Warning: Warning (512): <span style = "color:Red;text-align:left"><b>SQL Error:</b> 1064: You have an error in your SQL syntax; check the manual that corresponds to your MySQL server version for the right syntax to use near 'ORDER BY `Post`.`t_created_at` asc  LIMIT 2' at line 1</span> in [CORE\cake\libs\model\datasources\dbo_source.php, line 512]
2008-07-24 13:55:13 Warning: Warning (2): Invalid argument supplied for foreach() in [APP\views\mf_search_process\index.ctp, line 8]
2008-07-24 17:43:24 Warning: Warning (2): unlink(C:\kai_stuff\working_files\websites\cake\__chapters__\message_forum\app\tmp\cache\persistent\cake_core_core_paths) [<a href='http://php.net/function.unlink'>function.unlink</a>]: Permission denied in [CORE\cake\libs\file.php, line 278]
2008-07-24 17:43:50 Warning: Warning (2): touch() [<a href='http://php.net/function.touch'>function.touch</a>]: Utime failed: Permission denied in [CORE\cake\libs\file.php, line 122]
2008-07-24 17:43:51 Warning: Warning (2): fopen(C:\kai_stuff\working_files\websites\cake\__chapters__\message_forum\app\tmp\cache\models\cake_model_default_cake_message_ch4_list) [<a href='http://php.net/function.fopen'>function.fopen</a>]: failed to open stream: Permission denied in [CORE\cake\libs\file.php, line 146]
2008-07-24 17:43:51 Warning: Warning (2): fopen(C:\kai_stuff\working_files\websites\cake\__chapters__\message_forum\app\tmp\cache\models\cake_model_default_cake_message_ch4_list) [<a href='http://php.net/function.fopen'>function.fopen</a>]: failed to open stream: Permission denied in [CORE\cake\libs\file.php, line 146]
2008-07-24 17:43:52 Warning: Warning (2): touch() [<a href='http://php.net/function.touch'>function.touch</a>]: Utime failed: Permission denied in [CORE\cake\libs\file.php, line 122]
2008-07-24 17:43:52 Warning: Warning (2): unlink(C:\kai_stuff\working_files\websites\cake\__chapters__\message_forum\app\tmp\cache\models\cake_model_default_posts) [<a href='http://php.net/function.unlink'>function.unlink</a>]: Permission denied in [CORE\cake\libs\file.php, line 278]
2008-07-24 17:43:52 Warning: Warning (2): unlink(C:\kai_stuff\working_files\websites\cake\__chapters__\message_forum\app\tmp\cache\models\cake_model_default_posts) [<a href='http://php.net/function.unlink'>function.unlink</a>]: Permission denied in [CORE\cake\libs\file.php, line 278]
2008-07-24 17:43:52 Warning: Warning (2): unlink(C:\kai_stuff\working_files\websites\cake\__chapters__\message_forum\app\tmp\cache\models\cake_model_default_posts) [<a href='http://php.net/function.unlink'>function.unlink</a>]: Permission denied in [CORE\cake\libs\file.php, line 278]
2008-07-24 17:55:59 Warning: Warning (512): <span style = "color:Red;text-align:left"><b>SQL Error:</b> 1064: You have an error in your SQL syntax; check the manual that corresponds to your MySQL server version for the right syntax to use near '' at line 1</span> in [CORE\cake\libs\model\datasources\dbo_source.php, line 512]
2008-07-24 17:55:59 Warning: Warning (512): <span style = "color:Red;text-align:left"><b>SQL Error:</b> 1064: You have an error in your SQL syntax; check the manual that corresponds to your MySQL server version for the right syntax to use near 'ORDER BY `Post`.`t_created_at` asc  LIMIT 2' at line 1</span> in [CORE\cake\libs\model\datasources\dbo_source.php, line 512]
2008-07-24 17:56:00 Warning: Warning (2): Invalid argument supplied for foreach() in [APP\views\mf_search_process\index.ctp, line 8]
2008-07-24 18:01:01 Warning: Warning (512): Controller::paginate() - can't find model Post in controller MfSearchProcessController in [CORE\cake\libs\controller\controller.php, line 900]
2008-07-24 18:26:37 Warning: Warning (2): Invalid argument supplied for foreach() in [APP\views\mf_search_process\index.ctp, line 16]
2008-07-24 18:40:05 Warning: Warning (512): <span style = "color:Red;text-align:left"><b>SQL Error:</b> 1054: Unknown column 'conditions' in 'where clause'</span> in [CORE\cake\libs\model\datasources\dbo_source.php, line 512]
2008-07-24 18:40:05 Warning: Warning (2): Invalid argument supplied for foreach() in [APP\views\mf_fetch_threads\index.ctp, line 43]
2008-07-24 19:00:51 Warning: Warning (2): in_array() [<a href='http://php.net/function.in-array'>function.in-array</a>]: Wrong datatype for second argument in [CORE\cake\libs\controller\controller.php, line 947]
2008-07-24 19:05:33 Warning: Warning (512): <span style = "color:Red;text-align:left"><b>SQL Error:</b> 1054: Unknown column 'conditions' in 'where clause'</span> in [CORE\cake\libs\model\datasources\dbo_source.php, line 512]
2008-07-24 19:05:33 Warning: Warning (2): Invalid argument supplied for foreach() in [APP\views\mf_fetch_threads\index.ctp, line 43]
2008-07-25 00:42:48 Warning: Warning (512): <span style = "color:Red;text-align:left"><b>SQL Error:</b> 1054: Unknown column '2xc' in 'where clause'</span> in [CORE\cake\libs\model\datasources\dbo_source.php, line 512]
2008-07-25 00:42:49 Warning: Warning (2): Invalid argument supplied for foreach() in [APP\views\mf_fetch_threads\index.ctp, line 43]
2008-07-25 00:43:21 Warning: Warning (512): <span style = "color:Red;text-align:left"><b>SQL Error:</b> 1054: Unknown column '2xc' in 'where clause'</span> in [CORE\cake\libs\model\datasources\dbo_source.php, line 512]
2008-07-25 00:43:21 Warning: Warning (2): Invalid argument supplied for foreach() in [APP\views\mf_fetch_threads\index.ctp, line 43]
2008-07-25 00:44:01 Warning: Warning (512): <span style = "color:Red;text-align:left"><b>SQL Error:</b> 1054: Unknown column '2xc' in 'where clause'</span> in [CORE\cake\libs\model\datasources\dbo_source.php, line 512]
2008-07-25 00:44:01 Warning: Warning (2): Invalid argument supplied for foreach() in [APP\views\mf_fetch_threads\index.ctp, line 43]
2008-07-25 00:44:36 Warning: Warning (512): <span style = "color:Red;text-align:left"><b>SQL Error:</b> 1054: Unknown column '2xc' in 'where clause'</span> in [CORE\cake\libs\model\datasources\dbo_source.php, line 512]
2008-07-25 00:44:36 Warning: Warning (2): Invalid argument supplied for foreach() in [APP\views\mf_fetch_threads\index.ctp, line 43]
2008-07-25 00:57:03 Warning: Warning (2): Invalid argument supplied for foreach() in [APP\views\mf_fetch_threads\index.ctp, line 43]
2008-07-25 01:24:23 Warning: Warning (512): <span style = "color:Red;text-align:left"><b>SQL Error:</b> 1064: You have an error in your SQL syntax; check the manual that corresponds to your MySQL server version for the right syntax to use near ''4888caab-1ee0-44d5-aa8a-0efccbdd56cb'   ORDER BY `Post`.`t_created_at` ASC' at line 1</span> in [CORE\cake\libs\model\datasources\dbo_source.php, line 512]
2008-07-25 01:24:42 Warning: Warning (512): <span style = "color:Red;text-align:left"><b>SQL Error:</b> 1064: You have an error in your SQL syntax; check the manual that corresponds to your MySQL server version for the right syntax to use near ''4888caab-1ee0-44d5-aa8a-0efccbdd56cb'   ORDER BY `Post`.`t_created_at` ASC' at line 1</span> in [CORE\cake\libs\model\datasources\dbo_source.php, line 512]
2008-07-25 01:25:00 Warning: Warning (512): <span style = "color:Red;text-align:left"><b>SQL Error:</b> 1064: You have an error in your SQL syntax; check the manual that corresponds to your MySQL server version for the right syntax to use near ''4888caab-1ee0-44d5-aa8a-0efccbdd56cb'   ORDER BY `Post`.`t_created_at` ASC' at line 1</span> in [CORE\cake\libs\model\datasources\dbo_source.php, line 512]
2008-07-25 01:26:59 Warning: Warning (512): <span style = "color:Red;text-align:left"><b>SQL Error:</b> 1064: You have an error in your SQL syntax; check the manual that corresponds to your MySQL server version for the right syntax to use near ''4888caab-1ee0-44d5-aa8a-0efccbdd56cb'   ORDER BY `Post`.`t_created_at` ASC' at line 1</span> in [CORE\cake\libs\model\datasources\dbo_source.php, line 512]
2008-07-25 01:26:59 Warning: Warning (2): Invalid argument supplied for foreach() in [APP\views\mf_fetch_posts\index.ctp, line 43]
2008-07-25 01:27:15 Warning: Warning (2): Invalid argument supplied for foreach() in [APP\views\mf_fetch_posts\index.ctp, line 43]
2008-07-25 02:02:11 Warning: Warning (2): Invalid argument supplied for foreach() in [APP\views\mf_search_process\index.ctp, line 16]
2008-07-25 12:07:14 Warning: Warning (2): Cannot modify header information - headers already sent by (output started at C:\kai_stuff\working_files\websites\cake\__chapters__\message_forum\app\controllers\mf_search_process_controller.php:19) in [CORE\cake\libs\controller\controller.php, line 577]
2008-07-25 12:08:17 Warning: Warning (2): Missing argument 1 for Controller::redirect(), called in C:\kai_stuff\working_files\websites\cake\__chapters__\message_forum\app\controllers\mf_search_process_controller.php on line 92 and defined in [CORE\cake\libs\controller\controller.php, line 474]
2008-07-25 12:08:49 Warning: Warning (2): Cannot modify header information - headers already sent by (output started at C:\kai_stuff\working_files\websites\cake\__chapters__\message_forum\app\controllers\mf_search_process_controller.php:19) in [CORE\cake\libs\controller\controller.php, line 577]
2008-07-25 12:30:04 Warning: Warning (512): <span style = "color:Red;text-align:left"><b>SQL Error:</b> 1064: You have an error in your SQL syntax; check the manual that corresponds to your MySQL server version for the right syntax to use near '' at line 1</span> in [CORE\cake\libs\model\datasources\dbo_source.php, line 512]
2008-07-25 12:30:04 Warning: Warning (512): <span style = "color:Red;text-align:left"><b>SQL Error:</b> 1064: You have an error in your SQL syntax; check the manual that corresponds to your MySQL server version for the right syntax to use near 'ORDER BY `Post`.`t_created_at` asc  LIMIT 2' at line 1</span> in [CORE\cake\libs\model\datasources\dbo_source.php, line 512]
2008-07-25 12:40:27 Warning: Warning (512): <span style = "color:Red;text-align:left"><b>SQL Error:</b> 1064: You have an error in your SQL syntax; check the manual that corresponds to your MySQL server version for the right syntax to use near '' at line 1</span> in [CORE\cake\libs\model\datasources\dbo_source.php, line 512]
2008-07-25 12:40:27 Warning: Warning (512): <span style = "color:Red;text-align:left"><b>SQL Error:</b> 1064: You have an error in your SQL syntax; check the manual that corresponds to your MySQL server version for the right syntax to use near 'ORDER BY `Post`.`t_created_at` asc  LIMIT 2' at line 1</span> in [CORE\cake\libs\model\datasources\dbo_source.php, line 512]
2008-07-25 12:40:43 Warning: Warning (512): <span style = "color:Red;text-align:left"><b>SQL Error:</b> 1064: You have an error in your SQL syntax; check the manual that corresponds to your MySQL server version for the right syntax to use near '' at line 1</span> in [CORE\cake\libs\model\datasources\dbo_source.php, line 512]
2008-07-25 12:40:43 Warning: Warning (512): <span style = "color:Red;text-align:left"><b>SQL Error:</b> 1064: You have an error in your SQL syntax; check the manual that corresponds to your MySQL server version for the right syntax to use near 'ORDER BY `Post`.`t_created_at` asc  LIMIT 2' at line 1</span> in [CORE\cake\libs\model\datasources\dbo_source.php, line 512]
2008-07-25 12:40:45 Warning: Warning (512): <span style = "color:Red;text-align:left"><b>SQL Error:</b> 1064: You have an error in your SQL syntax; check the manual that corresponds to your MySQL server version for the right syntax to use near '' at line 1</span> in [CORE\cake\libs\model\datasources\dbo_source.php, line 512]
2008-07-25 12:40:45 Warning: Warning (512): <span style = "color:Red;text-align:left"><b>SQL Error:</b> 1064: You have an error in your SQL syntax; check the manual that corresponds to your MySQL server version for the right syntax to use near 'ORDER BY `Post`.`t_created_at` asc  LIMIT 2' at line 1</span> in [CORE\cake\libs\model\datasources\dbo_source.php, line 512]
2008-07-27 22:03:57 Warning: Warning (2): Missing argument 1 for MfFetchMessageController::index(), called in C:\kai_stuff\working_files\websites\cake\__chapters__\message_forum\cake\libs\object.php on line 114 and defined in [APP\controllers\mf_fetch_message_controller.php, line 9]
2008-07-27 22:19:55 Warning: Warning (2): array_merge() [<a href='http://php.net/function.array-merge'>function.array-merge</a>]: Argument #1 is not an array in [APP\controllers\mf_fetch_message_controller.php, line 11]
2008-07-27 22:25:39 Warning: Warning (2): array_keys() [<a href='http://php.net/function.array-keys'>function.array-keys</a>]: The first argument should be an array in [CORE\cake\libs\model\model.php, line 735]
2008-07-27 22:25:39 Warning: Warning (2): in_array() [<a href='http://php.net/function.in-array'>function.in-array</a>]: Wrong datatype for second argument in [CORE\cake\libs\model\model.php, line 735]
2008-07-27 22:27:35 Warning: Warning (2): array_keys() [<a href='http://php.net/function.array-keys'>function.array-keys</a>]: The first argument should be an array in [CORE\cake\libs\model\model.php, line 735]
2008-07-27 22:27:35 Warning: Warning (2): in_array() [<a href='http://php.net/function.in-array'>function.in-array</a>]: Wrong datatype for second argument in [CORE\cake\libs\model\model.php, line 735]
2008-07-27 22:27:58 Warning: Warning (2): array_keys() [<a href='http://php.net/function.array-keys'>function.array-keys</a>]: The first argument should be an array in [CORE\cake\libs\model\model.php, line 735]
2008-07-27 22:27:58 Warning: Warning (2): in_array() [<a href='http://php.net/function.in-array'>function.in-array</a>]: Wrong datatype for second argument in [CORE\cake\libs\model\model.php, line 735]
2008-07-27 22:28:53 Warning: Warning (2): array_keys() [<a href='http://php.net/function.array-keys'>function.array-keys</a>]: The first argument should be an array in [CORE\cake\libs\model\model.php, line 735]
2008-07-27 22:28:53 Warning: Warning (2): in_array() [<a href='http://php.net/function.in-array'>function.in-array</a>]: Wrong datatype for second argument in [CORE\cake\libs\model\model.php, line 735]
2008-07-27 22:29:59 Warning: Warning (2): array_keys() [<a href='http://php.net/function.array-keys'>function.array-keys</a>]: The first argument should be an array in [CORE\cake\libs\model\model.php, line 735]
2008-07-27 22:29:59 Warning: Warning (2): in_array() [<a href='http://php.net/function.in-array'>function.in-array</a>]: Wrong datatype for second argument in [CORE\cake\libs\model\model.php, line 735]
2008-07-27 22:31:26 Warning: Warning (2): Missing argument 1 for MfFetchMessageController::index(), called in C:\kai_stuff\working_files\websites\cake\__chapters__\message_forum\cake\libs\object.php on line 114 and defined in [APP\controllers\mf_fetch_message_controller.php, line 9]
2008-07-27 22:32:23 Warning: Warning (2): Cannot modify header information - headers already sent by (output started at C:\kai_stuff\working_files\websites\cake\__chapters__\message_forum\cake\basics.php:303) in [APP\views\layouts\json\base.ctp, line 5]
2008-07-27 22:32:23 Warning: Warning (2): Cannot modify header information - headers already sent by (output started at C:\kai_stuff\working_files\websites\cake\__chapters__\message_forum\cake\basics.php:303) in [APP\views\layouts\json\base.ctp, line 6]
2008-07-27 22:32:23 Warning: Warning (2): Cannot modify header information - headers already sent by (output started at C:\kai_stuff\working_files\websites\cake\__chapters__\message_forum\cake\basics.php:303) in [APP\views\layouts\json\base.ctp, line 7]
2008-07-27 22:32:23 Warning: Warning (2): Cannot modify header information - headers already sent by (output started at C:\kai_stuff\working_files\websites\cake\__chapters__\message_forum\cake\basics.php:303) in [APP\views\layouts\json\base.ctp, line 8]
2008-07-27 23:00:32 Warning: Warning (2): array_keys() [<a href='http://php.net/function.array-keys'>function.array-keys</a>]: The first argument should be an array in [CORE\cake\libs\model\model.php, line 735]
2008-07-27 23:00:32 Warning: Warning (2): in_array() [<a href='http://php.net/function.in-array'>function.in-array</a>]: Wrong datatype for second argument in [CORE\cake\libs\model\model.php, line 735]
2008-07-27 23:03:01 Warning: Warning (2): Cannot modify header information - headers already sent by (output started at C:\kai_stuff\working_files\websites\cake\__chapters__\message_forum\cake\basics.php:111) in [APP\views\layouts\json\base.ctp, line 5]
2008-07-27 23:03:01 Warning: Warning (2): Cannot modify header information - headers already sent by (output started at C:\kai_stuff\working_files\websites\cake\__chapters__\message_forum\cake\basics.php:111) in [APP\views\layouts\json\base.ctp, line 6]
2008-07-27 23:03:01 Warning: Warning (2): Cannot modify header information - headers already sent by (output started at C:\kai_stuff\working_files\websites\cake\__chapters__\message_forum\cake\basics.php:111) in [APP\views\layouts\json\base.ctp, line 7]
2008-07-27 23:03:01 Warning: Warning (2): Cannot modify header information - headers already sent by (output started at C:\kai_stuff\working_files\websites\cake\__chapters__\message_forum\cake\basics.php:111) in [APP\views\layouts\json\base.ctp, line 10]
2008-07-27 23:03:29 Warning: Warning (2): Cannot modify header information - headers already sent by (output started at C:\kai_stuff\working_files\websites\cake\__chapters__\message_forum\cake\basics.php:111) in [APP\views\layouts\json\base.ctp, line 5]
2008-07-27 23:03:29 Warning: Warning (2): Cannot modify header information - headers already sent by (output started at C:\kai_stuff\working_files\websites\cake\__chapters__\message_forum\cake\basics.php:111) in [APP\views\layouts\json\base.ctp, line 6]
2008-07-27 23:03:29 Warning: Warning (2): Cannot modify header information - headers already sent by (output started at C:\kai_stuff\working_files\websites\cake\__chapters__\message_forum\cake\basics.php:111) in [APP\views\layouts\json\base.ctp, line 7]
2008-07-27 23:03:29 Warning: Warning (2): Cannot modify header information - headers already sent by (output started at C:\kai_stuff\working_files\websites\cake\__chapters__\message_forum\cake\basics.php:111) in [APP\views\layouts\json\base.ctp, line 10]
2008-07-27 23:03:37 Warning: Warning (2): Cannot modify header information - headers already sent by (output started at C:\kai_stuff\working_files\websites\cake\__chapters__\message_forum\cake\basics.php:111) in [APP\views\layouts\json\base.ctp, line 5]
2008-07-27 23:03:37 Warning: Warning (2): Cannot modify header information - headers already sent by (output started at C:\kai_stuff\working_files\websites\cake\__chapters__\message_forum\cake\basics.php:111) in [APP\views\layouts\json\base.ctp, line 6]
2008-07-27 23:03:37 Warning: Warning (2): Cannot modify header information - headers already sent by (output started at C:\kai_stuff\working_files\websites\cake\__chapters__\message_forum\cake\basics.php:111) in [APP\views\layouts\json\base.ctp, line 7]
2008-07-27 23:03:37 Warning: Warning (2): Cannot modify header information - headers already sent by (output started at C:\kai_stuff\working_files\websites\cake\__chapters__\message_forum\cake\basics.php:111) in [APP\views\layouts\json\base.ctp, line 10]
2008-07-27 23:04:57 Warning: Warning (2): Cannot modify header information - headers already sent by (output started at C:\kai_stuff\working_files\websites\cake\__chapters__\message_forum\cake\basics.php:111) in [APP\views\layouts\json\base.ctp, line 5]
2008-07-27 23:04:57 Warning: Warning (2): Cannot modify header information - headers already sent by (output started at C:\kai_stuff\working_files\websites\cake\__chapters__\message_forum\cake\basics.php:111) in [APP\views\layouts\json\base.ctp, line 6]
2008-07-27 23:04:57 Warning: Warning (2): Cannot modify header information - headers already sent by (output started at C:\kai_stuff\working_files\websites\cake\__chapters__\message_forum\cake\basics.php:111) in [APP\views\layouts\json\base.ctp, line 7]
2008-07-27 23:04:57 Warning: Warning (2): Cannot modify header information - headers already sent by (output started at C:\kai_stuff\working_files\websites\cake\__chapters__\message_forum\cake\basics.php:111) in [APP\views\layouts\json\base.ctp, line 10]
2008-07-27 23:05:04 Warning: Warning (2): Cannot modify header information - headers already sent by (output started at C:\kai_stuff\working_files\websites\cake\__chapters__\message_forum\cake\basics.php:111) in [APP\views\layouts\json\base.ctp, line 5]
2008-07-27 23:05:04 Warning: Warning (2): Cannot modify header information - headers already sent by (output started at C:\kai_stuff\working_files\websites\cake\__chapters__\message_forum\cake\basics.php:111) in [APP\views\layouts\json\base.ctp, line 6]
2008-07-27 23:05:04 Warning: Warning (2): Cannot modify header information - headers already sent by (output started at C:\kai_stuff\working_files\websites\cake\__chapters__\message_forum\cake\basics.php:111) in [APP\views\layouts\json\base.ctp, line 7]
2008-07-27 23:05:04 Warning: Warning (2): Cannot modify header information - headers already sent by (output started at C:\kai_stuff\working_files\websites\cake\__chapters__\message_forum\cake\basics.php:111) in [APP\views\layouts\json\base.ctp, line 10]
2008-07-27 23:06:20 Warning: Warning (2): Cannot modify header information - headers already sent by (output started at C:\kai_stuff\working_files\websites\cake\__chapters__\message_forum\cake\basics.php:111) in [APP\views\layouts\json\base.ctp, line 5]
2008-07-27 23:06:20 Warning: Warning (2): Cannot modify header information - headers already sent by (output started at C:\kai_stuff\working_files\websites\cake\__chapters__\message_forum\cake\basics.php:111) in [APP\views\layouts\json\base.ctp, line 6]
2008-07-27 23:06:20 Warning: Warning (2): Cannot modify header information - headers already sent by (output started at C:\kai_stuff\working_files\websites\cake\__chapters__\message_forum\cake\basics.php:111) in [APP\views\layouts\json\base.ctp, line 7]
2008-07-27 23:06:20 Warning: Warning (2): Cannot modify header information - headers already sent by (output started at C:\kai_stuff\working_files\websites\cake\__chapters__\message_forum\cake\basics.php:111) in [APP\views\layouts\json\base.ctp, line 10]
2008-07-27 23:06:48 Warning: Warning (2): Cannot modify header information - headers already sent by (output started at C:\kai_stuff\working_files\websites\cake\__chapters__\message_forum\cake\basics.php:111) in [APP\views\layouts\json\base.ctp, line 5]
2008-07-27 23:06:48 Warning: Warning (2): Cannot modify header information - headers already sent by (output started at C:\kai_stuff\working_files\websites\cake\__chapters__\message_forum\cake\basics.php:111) in [APP\views\layouts\json\base.ctp, line 6]
2008-07-27 23:06:48 Warning: Warning (2): Cannot modify header information - headers already sent by (output started at C:\kai_stuff\working_files\websites\cake\__chapters__\message_forum\cake\basics.php:111) in [APP\views\layouts\json\base.ctp, line 7]
2008-07-27 23:06:48 Warning: Warning (2): Cannot modify header information - headers already sent by (output started at C:\kai_stuff\working_files\websites\cake\__chapters__\message_forum\cake\basics.php:111) in [APP\views\layouts\json\base.ctp, line 10]
2008-07-27 23:29:43 Warning: Warning (2): Cannot modify header information - headers already sent by (output started at C:\kai_stuff\working_files\websites\cake\__chapters__\message_forum\cake\basics.php:111) in [APP\views\layouts\json\base.ctp, line 5]
2008-07-27 23:29:43 Warning: Warning (2): Cannot modify header information - headers already sent by (output started at C:\kai_stuff\working_files\websites\cake\__chapters__\message_forum\cake\basics.php:111) in [APP\views\layouts\json\base.ctp, line 6]
2008-07-27 23:29:43 Warning: Warning (2): Cannot modify header information - headers already sent by (output started at C:\kai_stuff\working_files\websites\cake\__chapters__\message_forum\cake\basics.php:111) in [APP\views\layouts\json\base.ctp, line 7]
2008-07-27 23:29:43 Warning: Warning (2): Cannot modify header information - headers already sent by (output started at C:\kai_stuff\working_files\websites\cake\__chapters__\message_forum\cake\basics.php:111) in [APP\views\layouts\json\base.ctp, line 10]
2008-07-27 23:29:53 Warning: Warning (2): Cannot modify header information - headers already sent by (output started at C:\kai_stuff\working_files\websites\cake\__chapters__\message_forum\cake\basics.php:111) in [APP\views\layouts\json\base.ctp, line 5]
2008-07-27 23:29:53 Warning: Warning (2): Cannot modify header information - headers already sent by (output started at C:\kai_stuff\working_files\websites\cake\__chapters__\message_forum\cake\basics.php:111) in [APP\views\layouts\json\base.ctp, line 6]
2008-07-27 23:29:53 Warning: Warning (2): Cannot modify header information - headers already sent by (output started at C:\kai_stuff\working_files\websites\cake\__chapters__\message_forum\cake\basics.php:111) in [APP\views\layouts\json\base.ctp, line 7]
2008-07-27 23:29:54 Warning: Warning (2): Cannot modify header information - headers already sent by (output started at C:\kai_stuff\working_files\websites\cake\__chapters__\message_forum\cake\basics.php:111) in [APP\views\layouts\json\base.ctp, line 10]
2008-07-27 23:31:39 Warning: Warning (2): Cannot modify header information - headers already sent by (output started at C:\kai_stuff\working_files\websites\cake\__chapters__\message_forum\cake\basics.php:111) in [APP\views\layouts\json\base.ctp, line 5]
2008-07-27 23:31:39 Warning: Warning (2): Cannot modify header information - headers already sent by (output started at C:\kai_stuff\working_files\websites\cake\__chapters__\message_forum\cake\basics.php:111) in [APP\views\layouts\json\base.ctp, line 6]
2008-07-27 23:31:39 Warning: Warning (2): Cannot modify header information - headers already sent by (output started at C:\kai_stuff\working_files\websites\cake\__chapters__\message_forum\cake\basics.php:111) in [APP\views\layouts\json\base.ctp, line 7]
2008-07-27 23:31:39 Warning: Warning (2): Cannot modify header information - headers already sent by (output started at C:\kai_stuff\working_files\websites\cake\__chapters__\message_forum\cake\basics.php:111) in [APP\views\layouts\json\base.ctp, line 10]
2008-07-27 23:32:41 Warning: Warning (2): Cannot modify header information - headers already sent by (output started at C:\kai_stuff\working_files\websites\cake\__chapters__\message_forum\cake\basics.php:111) in [APP\views\layouts\json\base.ctp, line 10]
2008-07-27 23:33:38 Warning: Warning (2): Cannot modify header information - headers already sent by (output started at C:\kai_stuff\working_files\websites\cake\__chapters__\message_forum\cake\basics.php:111) in [APP\views\layouts\json\base.ctp, line 10]
2008-07-27 23:57:00 Warning: Warning (2): Invalid argument supplied for foreach() in [APP\views\mf_fetch_messages\index.ctp, line 5]
2008-07-28 01:09:29 Warning: Warning (2): array_keys() [<a href='http://php.net/function.array-keys'>function.array-keys</a>]: The first argument should be an array in [CORE\cake\libs\model\model.php, line 735]
2008-07-28 01:09:29 Warning: Warning (2): in_array() [<a href='http://php.net/function.in-array'>function.in-array</a>]: Wrong datatype for second argument in [CORE\cake\libs\model\model.php, line 735]
2008-07-28 01:09:30 Warning: Warning (512): <span style = "color:Red;text-align:left"><b>SQL Error:</b> 1064: You have an error in your SQL syntax; check the manual that corresponds to your MySQL server version for the right syntax to use near '' at line 1</span> in [CORE\cake\libs\model\datasources\dbo_source.php, line 512]
2008-07-28 01:09:30 Warning: Warning (512): <span style = "color:Red;text-align:left"><b>SQL Error:</b> 1064: You have an error in your SQL syntax; check the manual that corresponds to your MySQL server version for the right syntax to use near 'ORDER BY `Message`.`t_created_at` asc  LIMIT 2' at line 1</span> in [CORE\cake\libs\model\datasources\dbo_source.php, line 512]
2008-07-28 01:10:40 Warning: Warning (2): array_keys() [<a href='http://php.net/function.array-keys'>function.array-keys</a>]: The first argument should be an array in [CORE\cake\libs\model\model.php, line 735]
2008-07-28 01:10:40 Warning: Warning (2): in_array() [<a href='http://php.net/function.in-array'>function.in-array</a>]: Wrong datatype for second argument in [CORE\cake\libs\model\model.php, line 735]
2008-07-28 01:12:00 Warning: Warning (2): array_keys() [<a href='http://php.net/function.array-keys'>function.array-keys</a>]: The first argument should be an array in [CORE\cake\libs\model\model.php, line 735]
2008-07-28 01:12:00 Warning: Warning (2): in_array() [<a href='http://php.net/function.in-array'>function.in-array</a>]: Wrong datatype for second argument in [CORE\cake\libs\model\model.php, line 735]
2008-07-28 01:13:28 Warning: Warning (512): <span style = "color:Red;text-align:left"><b>SQL Error:</b> 1064: You have an error in your SQL syntax; check the manual that corresponds to your MySQL server version for the right syntax to use near '' at line 1</span> in [CORE\cake\libs\model\datasources\dbo_source.php, line 512]
2008-07-28 01:13:28 Warning: Warning (512): <span style = "color:Red;text-align:left"><b>SQL Error:</b> 1064: You have an error in your SQL syntax; check the manual that corresponds to your MySQL server version for the right syntax to use near 'ORDER BY `Message`.`t_created_at` asc  LIMIT 2' at line 1</span> in [CORE\cake\libs\model\datasources\dbo_source.php, line 512]
2008-07-28 01:18:00 Warning: Warning (2): Cannot modify header information - headers already sent by (output started at C:\kai_stuff\working_files\websites\cake\__chapters__\message_forum\app\controllers\mf_controller.php:16) in [APP\views\layouts\json\ajax.ctp, line 11]
2008-07-28 01:18:00 Warning: Warning (2): Cannot modify header information - headers already sent by (output started at C:\kai_stuff\working_files\websites\cake\__chapters__\message_forum\app\controllers\mf_controller.php:16) in [APP\views\layouts\json\ajax.ctp, line 12]
2008-07-28 01:18:00 Warning: Warning (2): Cannot modify header information - headers already sent by (output started at C:\kai_stuff\working_files\websites\cake\__chapters__\message_forum\app\controllers\mf_controller.php:16) in [APP\views\layouts\json\ajax.ctp, line 13]
2008-07-28 01:18:00 Warning: Warning (2): Cannot modify header information - headers already sent by (output started at C:\kai_stuff\working_files\websites\cake\__chapters__\message_forum\app\controllers\mf_controller.php:16) in [APP\views\layouts\json\ajax.ctp, line 14]
2008-07-28 01:18:07 Warning: Warning (2): Cannot modify header information - headers already sent by (output started at C:\kai_stuff\working_files\websites\cake\__chapters__\message_forum\app\controllers\mf_controller.php:16) in [APP\views\layouts\json\ajax.ctp, line 11]
2008-07-28 01:18:07 Warning: Warning (2): Cannot modify header information - headers already sent by (output started at C:\kai_stuff\working_files\websites\cake\__chapters__\message_forum\app\controllers\mf_controller.php:16) in [APP\views\layouts\json\ajax.ctp, line 12]
2008-07-28 01:18:07 Warning: Warning (2): Cannot modify header information - headers already sent by (output started at C:\kai_stuff\working_files\websites\cake\__chapters__\message_forum\app\controllers\mf_controller.php:16) in [APP\views\layouts\json\ajax.ctp, line 13]
2008-07-28 01:18:07 Warning: Warning (2): Cannot modify header information - headers already sent by (output started at C:\kai_stuff\working_files\websites\cake\__chapters__\message_forum\app\controllers\mf_controller.php:16) in [APP\views\layouts\json\ajax.ctp, line 14]
2008-08-09 23:34:19 Warning: Warning (512): <span style = "color:Red;text-align:left"><b>SQL Error:</b> 1046: No database selected</span> in [CORE\cake\libs\model\datasources\dbo_source.php, line 512]
2008-08-10 00:10:06 Warning: Warning (2): Invalid argument supplied for foreach() in [APP\controllers\search_controller.php, line 32]
2008-08-10 00:10:24 Warning: Warning (2): Invalid argument supplied for foreach() in [APP\controllers\search_controller.php, line 32]
2008-08-10 02:04:20 Warning: Warning (512): <span style = "color:Red;text-align:left"><b>SQL Error:</b> 1064: You have an error in your SQL syntax; check the manual that corresponds to your MySQL server version for the right syntax to use near 'product_link_groups on product_link_groups.product_id = products.id
    where
' at line 20</span> in [CORE\cake\libs\model\datasources\dbo_source.php, line 512]
2008-08-10 12:07:44 Warning: Warning (512): <span style = "color:Red;text-align:left"><b>SQL Error:</b> 1064: You have an error in your SQL syntax; check the manual that corresponds to your MySQL server version for the right syntax to use near ')    and
                                (
                                pro' at line 29</span> in [CORE\cake\libs\model\datasources\dbo_source.php, line 512]
2008-08-10 12:08:06 Warning: Warning (512): <span style = "color:Red;text-align:left"><b>SQL Error:</b> 1064: You have an error in your SQL syntax; check the manual that corresponds to your MySQL server version for the right syntax to use near ')
)' at line 29</span> in [CORE\cake\libs\model\datasources\dbo_source.php, line 512]
2008-08-10 13:20:23 Warning: Warning (2): Invalid argument supplied for foreach() in [APP\controllers\search_controller.php, line 56]
2008-08-10 13:20:24 Warning: Warning (2): Invalid argument supplied for foreach() in [APP\controllers\search_controller.php, line 56]
2008-08-10 13:20:49 Warning: Warning (2): Invalid argument supplied for foreach() in [APP\controllers\search_controller.php, line 56]
2008-08-10 13:22:48 Warning: Warning (2): Invalid argument supplied for foreach() in [APP\controllers\search_controller.php, line 55]
2008-08-10 13:23:11 Warning: Warning (2): Invalid argument supplied for foreach() in [APP\controllers\search_controller.php, line 55]
2008-08-10 13:33:15 Warning: Warning (2): Invalid argument supplied for foreach() in [APP\controllers\search_controller.php, line 56]
2008-08-10 13:33:16 Warning: Warning (2): Invalid argument supplied for foreach() in [APP\controllers\search_controller.php, line 56]
2008-08-10 13:46:37 Warning: Warning (512): <span style = "color:Red;text-align:left"><b>SQL Error:</b> 1054: Unknown column 'field_type_values.value_names' in 'where clause'</span> in [CORE\cake\libs\model\datasources\dbo_source.php, line 512]
2008-08-10 15:03:49 Warning: Warning (512): <span style = "color:Red;text-align:left"><b>SQL Error:</b> 1064: You have an error in your SQL syntax; check the manual that corresponds to your MySQL server version for the right syntax to use near '(     or
                                    (
                               ' at line 25</span> in [CORE\cake\libs\model\datasources\dbo_source.php, line 512]
2008-08-10 15:05:56 Warning: Warning (512): <span style = "color:Red;text-align:left"><b>SQL Error:</b> 1064: You have an error in your SQL syntax; check the manual that corresponds to your MySQL server version for the right syntax to use near '(     
                                    (
                                 ' at line 25</span> in [CORE\cake\libs\model\datasources\dbo_source.php, line 512]
2008-08-10 15:06:42 Warning: Warning (512): <span style = "color:Red;text-align:left"><b>SQL Error:</b> 1064: You have an error in your SQL syntax; check the manual that corresponds to your MySQL server version for the right syntax to use near '(     
                                    (
                                 ' at line 25</span> in [CORE\cake\libs\model\datasources\dbo_source.php, line 512]
2008-08-10 15:08:46 Warning: Warning (512): <span style = "color:Red;text-align:left"><b>SQL Error:</b> 1064: You have an error in your SQL syntax; check the manual that corresponds to your MySQL server version for the right syntax to use near '(     
                                    (
                                 ' at line 25</span> in [CORE\cake\libs\model\datasources\dbo_source.php, line 512]
2008-08-10 15:09:40 Warning: Warning (512): <span style = "color:Red;text-align:left"><b>SQL Error:</b> 1064: You have an error in your SQL syntax; check the manual that corresponds to your MySQL server version for the right syntax to use near '(     
                                    (
                                 ' at line 25</span> in [CORE\cake\libs\model\datasources\dbo_source.php, line 512]
2008-08-10 15:11:06 Warning: Warning (512): <span style = "color:Red;text-align:left"><b>SQL Error:</b> 1064: You have an error in your SQL syntax; check the manual that corresponds to your MySQL server version for the right syntax to use near '(     
                                    (
                                 ' at line 25</span> in [CORE\cake\libs\model\datasources\dbo_source.php, line 512]
2008-08-10 15:13:01 Warning: Warning (512): <span style = "color:Red;text-align:left"><b>SQL Error:</b> 1064: You have an error in your SQL syntax; check the manual that corresponds to your MySQL server version for the right syntax to use near '(     
                                    (
                                 ' at line 25</span> in [CORE\cake\libs\model\datasources\dbo_source.php, line 512]
2008-08-10 15:14:20 Warning: Warning (512): <span style = "color:Red;text-align:left"><b>SQL Error:</b> 1064: You have an error in your SQL syntax; check the manual that corresponds to your MySQL server version for the right syntax to use near '' at line 36</span> in [CORE\cake\libs\model\datasources\dbo_source.php, line 512]
2008-08-10 15:18:01 Warning: Warning (512): <span style = "color:Red;text-align:left"><b>SQL Error:</b> 1064: You have an error in your SQL syntax; check the manual that corresponds to your MySQL server version for the right syntax to use near ')' at line 36</span> in [CORE\cake\libs\model\datasources\dbo_source.php, line 512]
2008-08-10 15:20:21 Warning: Warning (512): <span style = "color:Red;text-align:left"><b>SQL Error:</b> 1064: You have an error in your SQL syntax; check the manual that corresponds to your MySQL server version for the right syntax to use near '(      or 
                                        (
                         ' at line 34</span> in [CORE\cake\libs\model\datasources\dbo_source.php, line 512]
2008-08-10 15:23:40 Warning: Warning (512): <span style = "color:Red;text-align:left"><b>SQL Error:</b> 1064: You have an error in your SQL syntax; check the manual that corresponds to your MySQL server version for the right syntax to use near '(
                                    product_field_values.product_field_id = '' at line 29</span> in [CORE\cake\libs\model\datasources\dbo_source.php, line 512]
2008-08-10 16:07:53 Warning: Warning (512): <span style = "color:Red;text-align:left"><b>SQL Error:</b> 1064: You have an error in your SQL syntax; check the manual that corresponds to your MySQL server version for the right syntax to use near ')' at line 13</span> in [CORE\cake\libs\model\datasources\dbo_source.php, line 512]
2008-08-10 16:09:54 Warning: Warning (512): <span style = "color:Red;text-align:left"><b>SQL Error:</b> 1054: Unknown column 'product_groups.product_id' in 'on clause'</span> in [CORE\cake\libs\model\datasources\dbo_source.php, line 512]
2008-08-10 16:09:54 Warning: Warning (512): <span style = "color:Red;text-align:left"><b>SQL Error:</b> 1064: You have an error in your SQL syntax; check the manual that corresponds to your MySQL server version for the right syntax to use near ')' at line 13</span> in [CORE\cake\libs\model\datasources\dbo_source.php, line 512]
2008-08-10 16:11:55 Warning: Warning (512): <span style = "color:Red;text-align:left"><b>SQL Error:</b> 1064: You have an error in your SQL syntax; check the manual that corresponds to your MySQL server version for the right syntax to use near ')' at line 13</span> in [CORE\cake\libs\model\datasources\dbo_source.php, line 512]
2008-08-10 16:49:04 Warning: Warning (512): <span style = "color:Red;text-align:left"><b>SQL Error:</b> 1064: You have an error in your SQL syntax; check the manual that corresponds to your MySQL server version for the right syntax to use near ')' at line 13</span> in [CORE\cake\libs\model\datasources\dbo_source.php, line 512]
2008-08-10 16:50:47 Warning: Warning (512): <span style = "color:Red;text-align:left"><b>SQL Error:</b> 1064: You have an error in your SQL syntax; check the manual that corresponds to your MySQL server version for the right syntax to use near ')' at line 13</span> in [CORE\cake\libs\model\datasources\dbo_source.php, line 512]
2008-08-10 16:55:30 Warning: Warning (512): <span style = "color:Red;text-align:left"><b>SQL Error:</b> 1064: You have an error in your SQL syntax; check the manual that corresponds to your MySQL server version for the right syntax to use near ')' at line 13</span> in [CORE\cake\libs\model\datasources\dbo_source.php, line 512]
2008-08-10 16:58:25 Warning: Warning (512): <span style = "color:Red;text-align:left"><b>SQL Error:</b> 1064: You have an error in your SQL syntax; check the manual that corresponds to your MySQL server version for the right syntax to use near ')' at line 13</span> in [CORE\cake\libs\model\datasources\dbo_source.php, line 512]
2008-08-10 16:58:47 Warning: Warning (512): <span style = "color:Red;text-align:left"><b>SQL Error:</b> 1064: You have an error in your SQL syntax; check the manual that corresponds to your MySQL server version for the right syntax to use near ')' at line 13</span> in [CORE\cake\libs\model\datasources\dbo_source.php, line 512]
2008-08-10 17:01:55 Warning: Warning (512): <span style = "color:Red;text-align:left"><b>SQL Error:</b> 1064: You have an error in your SQL syntax; check the manual that corresponds to your MySQL server version for the right syntax to use near ')' at line 13</span> in [CORE\cake\libs\model\datasources\dbo_source.php, line 512]
2008-08-10 17:18:23 Warning: Warning (512): <span style = "color:Red;text-align:left"><b>SQL Error:</b> 1054: Unknown column 'product_field_values.product_field_values' in 'on clause'</span> in [CORE\cake\libs\model\datasources\dbo_source.php, line 512]
2008-08-10 17:18:23 Warning: Warning (2): Invalid argument supplied for foreach() in [APP\controllers\search_controller.php, line 146]
2008-08-10 17:18:23 Warning: Warning (512): <span style = "color:Red;text-align:left"><b>SQL Error:</b> 1064: You have an error in your SQL syntax; check the manual that corresponds to your MySQL server version for the right syntax to use near ')' at line 13</span> in [CORE\cake\libs\model\datasources\dbo_source.php, line 512]
2008-08-10 17:19:56 Warning: Warning (512): <span style = "color:Red;text-align:left"><b>SQL Error:</b> 1064: You have an error in your SQL syntax; check the manual that corresponds to your MySQL server version for the right syntax to use near ')' at line 13</span> in [CORE\cake\libs\model\datasources\dbo_source.php, line 512]
2008-08-10 17:21:10 Warning: Warning (512): <span style = "color:Red;text-align:left"><b>SQL Error:</b> 1064: You have an error in your SQL syntax; check the manual that corresponds to your MySQL server version for the right syntax to use near ')' at line 13</span> in [CORE\cake\libs\model\datasources\dbo_source.php, line 512]
2008-08-10 17:21:44 Warning: Warning (512): <span style = "color:Red;text-align:left"><b>SQL Error:</b> 1064: You have an error in your SQL syntax; check the manual that corresponds to your MySQL server version for the right syntax to use near ')' at line 13</span> in [CORE\cake\libs\model\datasources\dbo_source.php, line 512]
2008-08-10 17:22:26 Warning: Warning (512): <span style = "color:Red;text-align:left"><b>SQL Error:</b> 1064: You have an error in your SQL syntax; check the manual that corresponds to your MySQL server version for the right syntax to use near ')' at line 13</span> in [CORE\cake\libs\model\datasources\dbo_source.php, line 512]
2008-08-10 22:09:11 Warning: Warning (2): Invalid argument supplied for foreach() in [APP\views\search\index.ctp, line 84]
2008-08-10 23:35:41 Warning: Warning (2): Invalid argument supplied for foreach() in [APP\models\search.php, line 32]
2008-08-11 12:46:44 Warning: Warning (2): Invalid argument supplied for foreach() in [APP\models\search.php, line 32]
2008-08-20 23:17:14 Warning: Warning (512): <span style = "color:Red;text-align:left"><b>SQL Error:</b> 1146: Table 'chapter_12.product_searchs' doesn't exist</span> in [CORE\cake\libs\model\datasources\dbo_source.php, line 512]
2008-08-20 23:17:15 Warning: Warning (2): Invalid argument supplied for foreach() in [APP\models\search.php, line 44]
2008-08-20 23:17:16 Warning: Warning (512): <span style = "color:Red;text-align:left"><b>SQL Error:</b> 1146: Table 'chapter_12.product_searchs' doesn't exist</span> in [CORE\cake\libs\model\datasources\dbo_source.php, line 512]
2008-08-20 23:17:16 Warning: Warning (2): Invalid argument supplied for foreach() in [APP\models\search.php, line 44]
2008-08-20 23:17:40 Warning: Warning (2): Invalid argument supplied for foreach() in [APP\views\search\index.ctp, line 17]
2008-08-20 23:18:21 Warning: Warning (2): Invalid argument supplied for foreach() in [APP\views\search\index.ctp, line 21]
2008-08-20 23:20:49 Warning: Warning (2): Invalid argument supplied for foreach() in [APP\models\search.php, line 32]
2008-08-20 23:55:36 Warning: Warning (2): Invalid argument supplied for foreach() in [APP\views\search\index.ctp, line 27]
2008-08-20 23:55:58 Warning: Warning (2): Invalid argument supplied for foreach() in [APP\views\search\index.ctp, line 27]
2008-08-21 00:00:07 Warning: Warning (512): <span style = "color:Red;text-align:left"><b>SQL Error:</b> 1064: You have an error in your SQL syntax; check the manual that corresponds to your MySQL server version for the right syntax to use near 'searchFilters' at line 1</span> in [CORE\cake\libs\model\datasources\dbo_source.php, line 512]
2008-08-21 00:00:07 Warning: Warning (2): Invalid argument supplied for foreach() in [APP\views\search\index.ctp, line 27]
2008-08-21 00:00:40 Warning: Warning (512): <span style = "color:Red;text-align:left"><b>SQL Error:</b> 1064: You have an error in your SQL syntax; check the manual that corresponds to your MySQL server version for the right syntax to use near 'searchFilters' at line 1</span> in [CORE\cake\libs\model\datasources\dbo_source.php, line 512]
2008-08-21 00:00:40 Warning: Warning (2): Invalid argument supplied for foreach() in [APP\views\search\index.ctp, line 27]
2008-08-21 00:01:34 Warning: Warning (512): <span style = "color:Red;text-align:left"><b>SQL Error:</b> 1064: You have an error in your SQL syntax; check the manual that corresponds to your MySQL server version for the right syntax to use near 'searchFilters' at line 1</span> in [CORE\cake\libs\model\datasources\dbo_source.php, line 512]
2008-08-21 00:01:34 Warning: Warning (2): Invalid argument supplied for foreach() in [APP\views\search\index.ctp, line 27]
2008-08-21 00:02:11 Warning: Warning (512): <span style = "color:Red;text-align:left"><b>SQL Error:</b> 1064: You have an error in your SQL syntax; check the manual that corresponds to your MySQL server version for the right syntax to use near 'searchFilters' at line 1</span> in [CORE\cake\libs\model\datasources\dbo_source.php, line 512]
2008-08-21 00:02:11 Warning: Warning (2): Invalid argument supplied for foreach() in [APP\views\search\index.ctp, line 27]
2008-08-21 00:03:29 Warning: Warning (512): <span style = "color:Red;text-align:left"><b>SQL Error:</b> 1064: You have an error in your SQL syntax; check the manual that corresponds to your MySQL server version for the right syntax to use near 'searchFilters' at line 1</span> in [CORE\cake\libs\model\datasources\dbo_source.php, line 512]
2008-08-21 00:03:29 Warning: Warning (2): Invalid argument supplied for foreach() in [APP\views\search\index.ctp, line 27]
2008-08-21 00:03:50 Warning: Warning (512): <span style = "color:Red;text-align:left"><b>SQL Error:</b> 1064: You have an error in your SQL syntax; check the manual that corresponds to your MySQL server version for the right syntax to use near 'searchFilters' at line 1</span> in [CORE\cake\libs\model\datasources\dbo_source.php, line 512]
2008-08-21 00:03:51 Warning: Warning (2): Invalid argument supplied for foreach() in [APP\views\search\index.ctp, line 27]
2008-08-21 00:04:23 Warning: Warning (2): Invalid argument supplied for foreach() in [APP\views\search\index.ctp, line 27]
2008-08-21 00:04:52 Warning: Warning (512): <span style = "color:Red;text-align:left"><b>SQL Error:</b> 1064: You have an error in your SQL syntax; check the manual that corresponds to your MySQL server version for the right syntax to use near 'searchFilters' at line 1</span> in [CORE\cake\libs\model\datasources\dbo_source.php, line 512]
2008-08-21 00:04:52 Warning: Warning (2): Invalid argument supplied for foreach() in [APP\views\search\index.ctp, line 27]
2008-08-21 00:05:47 Warning: Warning (512): <span style = "color:Red;text-align:left"><b>SQL Error:</b> 1064: You have an error in your SQL syntax; check the manual that corresponds to your MySQL server version for the right syntax to use near 'searchFilters' at line 1</span> in [CORE\cake\libs\model\datasources\dbo_source.php, line 512]
2008-08-21 00:05:48 Warning: Warning (2): Invalid argument supplied for foreach() in [APP\views\search\index.ctp, line 27]
2008-08-21 00:09:31 Warning: Warning (512): <span style = "color:Red;text-align:left"><b>SQL Error:</b> 1054: Unknown column 'ProductField.1' in 'field list'</span> in [CORE\cake\libs\model\datasources\dbo_source.php, line 512]
2008-08-21 00:11:49 Warning: Warning (512): <span style = "color:Red;text-align:left"><b>SQL Error:</b> 1054: Unknown column 'ProductField.1' in 'field list'</span> in [CORE\cake\libs\model\datasources\dbo_source.php, line 512]
2008-08-21 12:26:54 Warning: Warning (512): <span style = "color:Red;text-align:left"><b>SQL Error:</b> 1054: Unknown column 'Product.product_group_id' in 'where clause'</span> in [CORE\cake\libs\model\datasources\dbo_source.php, line 512]
2008-08-21 12:32:15 Warning: Warning (512): <span style = "color:Red;text-align:left"><b>SQL Error:</b> 1054: Unknown column 'Product.product_group_id' in 'where clause'</span> in [CORE\cake\libs\model\datasources\dbo_source.php, line 512]
2008-08-21 12:35:06 Warning: Warning (512): <span style = "color:Red;text-align:left"><b>SQL Error:</b> 1054: Unknown column 'ProductGroup.id' in 'where clause'</span> in [CORE\cake\libs\model\datasources\dbo_source.php, line 512]
2008-08-21 13:54:02 Warning: Warning (512): <span style = "color:Red;text-align:left"><b>SQL Error:</b> 1146: Table 'chapter_12.product_searchs' doesn't exist</span> in [CORE\cake\libs\model\datasources\dbo_source.php, line 512]
2008-08-21 13:55:36 Warning: Warning (512): <span style = "color:Red;text-align:left"><b>SQL Error:</b> 1146: Table 'chapter_12.product_searchs' doesn't exist</span> in [CORE\cake\libs\model\datasources\dbo_source.php, line 512]
2008-08-21 13:55:55 Warning: Warning (512): <span style = "color:Red;text-align:left"><b>SQL Error:</b> 1146: Table 'chapter_12.product_searchs' doesn't exist</span> in [CORE\cake\libs\model\datasources\dbo_source.php, line 512]
2008-08-21 13:56:53 Warning: Warning (512): <span style = "color:Red;text-align:left"><b>SQL Error:</b> 1146: Table 'chapter_12.product_searchs' doesn't exist</span> in [CORE\cake\libs\model\datasources\dbo_source.php, line 512]
2008-08-21 14:00:36 Warning: Warning (2): Invalid argument supplied for foreach() in [APP\models\product.php, line 105]
2008-08-21 14:01:04 Warning: Warning (2): Invalid argument supplied for foreach() in [APP\models\product.php, line 105]
2008-08-21 14:01:20 Warning: Warning (2): Invalid argument supplied for foreach() in [APP\models\product.php, line 105]
2008-08-21 14:21:12 Warning: Warning (512): <span style = "color:Red;text-align:left"><b>SQL Error:</b> 1054: Unknown column 'ProductFieldValues.product_id' in 'where clause'</span> in [CORE\cake\libs\model\datasources\dbo_source.php, line 512]
2008-08-21 14:27:31 Warning: Warning (512): <span style = "color:Red;text-align:left"><b>SQL Error:</b> 1054: Unknown column 'ProductFieldValue.productid' in 'where clause'</span> in [CORE\cake\libs\model\datasources\dbo_source.php, line 512]
2008-08-21 14:27:33 Warning: Warning (2): Invalid argument supplied for foreach() in [APP\views\search\index.ctp, line 108]
2008-08-21 15:02:21 Warning: Warning (2): unlink(C:\kai_stuff\working_files\websites\cake\__chapters__\mini_projects\dynamic\app\tmp\cache\models\cake_model_default_field_type_groups) [<a href='http://php.net/function.unlink'>function.unlink</a>]: Permission denied in [CORE\cake\libs\file.php, line 278]
2008-08-21 15:02:22 Warning: Warning (2): unlink(C:\kai_stuff\working_files\websites\cake\__chapters__\mini_projects\dynamic\app\tmp\cache\models\cake_model_default_product_searches) [<a href='http://php.net/function.unlink'>function.unlink</a>]: No such file or directory in [CORE\cake\libs\file.php, line 278]
2008-08-21 15:02:22 Warning: Warning (2): touch() [<a href='http://php.net/function.touch'>function.touch</a>]: Utime failed: No such file or directory in [CORE\cake\libs\file.php, line 122]
2008-08-21 15:02:22 Warning: Warning (2): touch() [<a href='http://php.net/function.touch'>function.touch</a>]: Utime failed: Permission denied in [CORE\cake\libs\file.php, line 122]
2008-08-21 15:02:22 Warning: Warning (2): unlink(C:\kai_stuff\working_files\websites\cake\__chapters__\mini_projects\dynamic\app\tmp\cache\persistent\cake_core_default_jpn) [<a href='http://php.net/function.unlink'>function.unlink</a>]: No such file or directory in [CORE\cake\libs\file.php, line 278]
2008-08-21 17:13:03 Warning: Warning (2): Missing argument 2 for ProductsController::addData(), called in C:\kai_stuff\working_files\websites\cake\__chapters__\mini_projects\dynamic\cake\libs\object.php on line 116 and defined in [APP\controllers\products_controller.php, line 7]
2008-08-21 17:16:35 Warning: Warning (512): <span style = "color:Red;text-align:left"><b>SQL Error:</b> 1064: You have an error in your SQL syntax; check the manual that corresponds to your MySQL server version for the right syntax to use near '' at line 4</span> in [CORE\cake\libs\model\datasources\dbo_source.php, line 512]
2008-08-21 17:16:56 Warning: Warning (512): <span style = "color:Red;text-align:left"><b>SQL Error:</b> 1054: Unknown column 'product_field_values.field_type_value_id' in 'on clause'</span> in [CORE\cake\libs\model\datasources\dbo_source.php, line 512]
2008-08-21 17:30:29 Warning: Warning (512): <span style = "color:Red;text-align:left"><b>SQL Error:</b> 1054: Unknown column 'ProductField.2' in 'field list'</span> in [CORE\cake\libs\model\datasources\dbo_source.php, line 512]
2008-08-21 18:04:59 Warning: Warning (2): Invalid argument supplied for foreach() in [APP\views\products\add_data.ctp, line 13]
2008-08-21 18:32:17 Warning: Warning (2): Invalid argument supplied for foreach() in [APP\views\products\add_data.ctp, line 13]
2008-08-21 18:45:31 Warning: Warning (2): Invalid argument supplied for foreach() in [APP\views\products\add_data.ctp, line 7]
2008-08-21 19:23:02 Warning: Warning (2): Invalid argument supplied for foreach() in [APP\controllers\products_controller.php, line 15]
2008-08-21 19:23:23 Warning: Warning (2): Invalid argument supplied for foreach() in [APP\controllers\products_controller.php, line 15]
2008-08-21 19:47:33 Warning: Warning (2): Invalid argument supplied for foreach() in [APP\views\products\add_data.ctp, line 36]
2008-08-21 19:47:41 Warning: Warning (2): Invalid argument supplied for foreach() in [APP\views\products\add_data.ctp, line 36]
2008-08-21 19:49:20 Warning: Warning (2): Invalid argument supplied for foreach() in [APP\views\products\add_data.ctp, line 38]
2008-08-21 19:49:34 Warning: Warning (2): Invalid argument supplied for foreach() in [APP\views\products\add_data.ctp, line 38]
2008-09-25 17:45:52 Warning: Warning (512): <span style = "color:Red;text-align:left"><b>SQL Error:</b> 1054: Unknown column 'Product.product_group_id' in 'where clause'</span> in [CORE\cake\libs\model\datasources\dbo_source.php, line 512]
2008-09-25 17:48:51 Warning: Warning (512): <span style = "color:Red;text-align:left"><b>SQL Error:</b> 1054: Unknown column 'Product.product_group_id' in 'where clause'</span> in [CORE\cake\libs\model\datasources\dbo_source.php, line 512]
2008-10-01 18:52:00 Warning: Warning (2): Invalid argument supplied for foreach() in [APP\models\product_field.php, line 69]
