
2008-07-08 13:33:39 Debug: Notice (8): Undefined variable: lang_list in [APP\tmp\cache\views\cake___chapters___twitter_twitterfish_testc_3.php, line 63]
2008-07-08 13:33:39 Debug: Notice (8): Undefined variable: selected in [APP\tmp\cache\views\cake___chapters___twitter_twitterfish_testc_3.php, line 64]
2008-07-08 13:34:33 Debug: Notice (8): Undefined variable: lang_list in [APP\tmp\cache\views\cake___chapters___twitter_twitterfish_testc_3.php, line 63]
2008-07-08 13:34:33 Debug: Notice (8): Undefined variable: selected in [APP\tmp\cache\views\cake___chapters___twitter_twitterfish_testc_3.php, line 64]
2008-07-08 14:25:41 Debug: Notice (8): Undefined variable: lang_list in [APP\tmp\cache\views\cake___chapters___twitter_twitterfish_testc_3.php, line 63]
2008-07-08 14:25:41 Debug: Notice (8): Undefined variable: selected in [APP\tmp\cache\views\cake___chapters___twitter_twitterfish_testc_3.php, line 64]
2008-07-08 14:25:56 Debug: Notice (8): Undefined variable: lang_list in [APP\tmp\cache\views\cake___chapters___twitter_twitterfish_testc_3.php, line 63]
2008-07-08 14:25:56 Debug: Notice (8): Undefined variable: selected in [APP\tmp\cache\views\cake___chapters___twitter_twitterfish_testc_3.php, line 64]
2008-07-08 14:27:40 Debug: Notice (8): Undefined variable: lang_list in [APP\tmp\cache\views\cake___chapters___twitter_twitterfish_testc_3.php, line 63]
2008-07-08 14:27:40 Debug: Notice (8): Undefined variable: selected in [APP\tmp\cache\views\cake___chapters___twitter_twitterfish_testc_3.php, line 64]
2008-07-08 14:27:53 Debug: Notice (8): Undefined property:  View::$Session in [APP\views\elements\lang_drop.thtml, line 17]
2008-07-08 14:28:00 Debug: Notice (8): Undefined property:  View::$Session in [APP\views\elements\lang_drop.thtml, line 17]
2008-07-08 14:30:39 Debug: Notice (8): Undefined variable: lang_list in [APP\tmp\cache\views\cake___chapters___twitter_twitterfish_testc_3.php, line 63]
2008-07-08 14:31:10 Debug: Notice (8): Undefined variable: lang_list in [APP\tmp\cache\views\cake___chapters___twitter_twitterfish_testc_3.php, line 63]
2008-07-08 14:34:08 Debug: Notice (8): Undefined variable: lang_list in [APP\tmp\cache\views\cake___chapters___twitter_twitterfish_testc_3.php, line 63]
2008-07-08 14:34:13 Debug: Notice (8): Undefined variable: lang_list in [APP\tmp\cache\views\cake___chapters___twitter_twitterfish_testc_3.php, line 63]
2008-07-08 14:35:52 Debug: Notice (8): Undefined variable: lang_list in [APP\tmp\cache\views\cake___chapters___twitter_twitterfish_testc_3.php, line 63]
2008-07-08 14:55:40 Debug: Notice (8): Undefined variable: lang_list in [APP\tmp\cache\views\cake___chapters___twitter_twitterfish_testc_3.php, line 63]
2008-07-08 15:06:27 Debug: Notice (8): Undefined property:  View::$form in [APP\views\elements\lang_drop.thtml, line 15]
2008-07-08 15:10:53 Debug: Notice (8): Undefined variable: fieldName in [CORE\cake\libs\view\helpers\form.php, line 1087]
2008-07-08 15:23:36 Debug: Notice (8): Trying to get property of non-object in [CORE\cake\libs\view\helper.php, line 428]
2008-07-08 15:23:36 Debug: Notice (8): Trying to get property of non-object in [CORE\cake\libs\view\helper.php, line 447]
2008-07-08 15:23:36 Debug: Notice (8): Trying to get property of non-object in [CORE\cake\libs\view\helper.php, line 438]
2008-07-08 15:23:36 Debug: Notice (8): Trying to get property of non-object in [CORE\cake\libs\view\helper.php, line 494]
2008-07-08 15:23:36 Debug: Notice (8): Trying to get property of non-object in [CORE\cake\libs\view\helper.php, line 466]
2008-07-08 15:23:36 Debug: Notice (8): Trying to get property of non-object in [CORE\cake\libs\view\helpers\form.php, line 324]
2008-07-08 15:23:36 Debug: Notice (8): Trying to get property of non-object in [CORE\cake\libs\view\helpers\form.php, line 325]
2008-07-08 15:24:50 Debug: Notice (8): Trying to get property of non-object in [CORE\cake\libs\view\helper.php, line 428]
2008-07-08 15:24:50 Debug: Notice (8): Trying to get property of non-object in [CORE\cake\libs\view\helper.php, line 447]
2008-07-08 15:24:50 Debug: Notice (8): Trying to get property of non-object in [CORE\cake\libs\view\helper.php, line 438]
2008-07-08 15:24:50 Debug: Notice (8): Trying to get property of non-object in [CORE\cake\libs\view\helper.php, line 494]
2008-07-08 15:24:50 Debug: Notice (8): Trying to get property of non-object in [CORE\cake\libs\view\helper.php, line 466]
2008-07-08 15:24:50 Debug: Notice (8): Trying to get property of non-object in [CORE\cake\libs\view\helpers\form.php, line 324]
2008-07-08 15:24:50 Debug: Notice (8): Trying to get property of non-object in [CORE\cake\libs\view\helpers\form.php, line 325]
2008-07-08 15:30:11 Debug: Notice (8): Trying to get property of non-object in [CORE\cake\libs\view\helper.php, line 428]
2008-07-08 15:30:11 Debug: Notice (8): Trying to get property of non-object in [CORE\cake\libs\view\helper.php, line 447]
2008-07-08 15:30:11 Debug: Notice (8): Trying to get property of non-object in [CORE\cake\libs\view\helper.php, line 438]
2008-07-08 15:30:11 Debug: Notice (8): Trying to get property of non-object in [CORE\cake\libs\view\helper.php, line 494]
2008-07-08 15:30:11 Debug: Notice (8): Trying to get property of non-object in [CORE\cake\libs\view\helper.php, line 466]
2008-07-08 15:30:11 Debug: Notice (8): Trying to get property of non-object in [CORE\cake\libs\view\helpers\form.php, line 324]
2008-07-08 15:30:11 Debug: Notice (8): Trying to get property of non-object in [CORE\cake\libs\view\helpers\form.php, line 325]
2008-07-08 15:33:54 Debug: Notice (8): Trying to get property of non-object in [CORE\cake\libs\view\helper.php, line 428]
2008-07-08 15:33:54 Debug: Notice (8): Trying to get property of non-object in [CORE\cake\libs\view\helper.php, line 447]
2008-07-08 15:33:54 Debug: Notice (8): Trying to get property of non-object in [CORE\cake\libs\view\helper.php, line 438]
2008-07-08 15:33:54 Debug: Notice (8): Trying to get property of non-object in [CORE\cake\libs\view\helper.php, line 494]
2008-07-08 15:33:54 Debug: Notice (8): Trying to get property of non-object in [CORE\cake\libs\view\helper.php, line 466]
2008-07-08 15:33:54 Debug: Notice (8): Trying to get property of non-object in [CORE\cake\libs\view\helpers\form.php, line 324]
2008-07-08 15:33:54 Debug: Notice (8): Trying to get property of non-object in [CORE\cake\libs\view\helpers\form.php, line 325]
2008-07-08 15:38:39 Debug: Notice (8): Trying to get property of non-object in [CORE\cake\libs\view\helper.php, line 428]
2008-07-08 15:38:39 Debug: Notice (8): Trying to get property of non-object in [CORE\cake\libs\view\helper.php, line 447]
2008-07-08 15:38:39 Debug: Notice (8): Trying to get property of non-object in [CORE\cake\libs\view\helper.php, line 438]
2008-07-08 15:38:39 Debug: Notice (8): Trying to get property of non-object in [CORE\cake\libs\view\helper.php, line 494]
2008-07-08 15:38:39 Debug: Notice (8): Trying to get property of non-object in [CORE\cake\libs\view\helper.php, line 466]
2008-07-08 15:38:39 Debug: Notice (8): Trying to get property of non-object in [CORE\cake\libs\view\helpers\form.php, line 324]
2008-07-08 15:38:39 Debug: Notice (8): Trying to get property of non-object in [CORE\cake\libs\view\helpers\form.php, line 325]
2008-07-08 15:40:27 Debug: Notice (8): Trying to get property of non-object in [CORE\cake\libs\view\helper.php, line 428]
2008-07-08 15:40:27 Debug: Notice (8): Trying to get property of non-object in [CORE\cake\libs\view\helper.php, line 447]
2008-07-08 15:40:27 Debug: Notice (8): Trying to get property of non-object in [CORE\cake\libs\view\helper.php, line 438]
2008-07-08 15:40:27 Debug: Notice (8): Trying to get property of non-object in [CORE\cake\libs\view\helper.php, line 494]
2008-07-08 15:40:27 Debug: Notice (8): Trying to get property of non-object in [CORE\cake\libs\view\helper.php, line 466]
2008-07-08 15:40:27 Debug: Notice (8): Trying to get property of non-object in [CORE\cake\libs\view\helpers\form.php, line 324]
2008-07-08 15:40:27 Debug: Notice (8): Trying to get property of non-object in [CORE\cake\libs\view\helpers\form.php, line 325]
2008-07-08 15:42:48 Debug: Notice (8): Undefined property:  View::$form in [APP\views\elements\lang_drop.thtml, line 16]
2008-07-08 15:58:48 Debug: Notice (8): Undefined index:  Twitterfish in [APP\controllers\twitterfish_controller.php, line 59]
2008-07-09 10:04:08 Debug: Notice (8): Undefined variable: twitter_calls in [APP\views\twitterfish\view_archive.ctp, line 3]
2008-07-09 10:44:04 Debug: Notice (8): Undefined property:  View::$Session in [APP\views\twitterfish\view_archive.ctp, line 6]
2008-07-09 10:45:38 Debug: Notice (8): Undefined variable: curl_handle in [APP\controllers\twitterfish_controller.php, line 215]
2008-07-09 10:45:38 Debug: Notice (8): Undefined variable: curl_handle in [APP\controllers\twitterfish_controller.php, line 216]
2008-07-09 10:45:39 Debug: Notice (8): Undefined variable: trans_result in [APP\controllers\twitterfish_controller.php, line 263]
2008-07-09 10:46:58 Debug: Notice (8): Undefined variable: trans_result in [APP\controllers\twitterfish_controller.php, line 263]
2008-07-09 10:46:58 Debug: Notice (8): Undefined variable: trans_text in [APP\controllers\twitterfish_controller.php, line 231]
2008-07-09 10:47:24 Debug: Notice (8): Undefined variable: trans_result in [APP\controllers\twitterfish_controller.php, line 263]
2008-07-09 10:47:24 Debug: Notice (8): Undefined variable: trans_text in [APP\controllers\twitterfish_controller.php, line 231]
2008-07-09 10:49:55 Debug: Notice (8): Undefined variable: trans_text in [APP\controllers\twitterfish_controller.php, line 231]
2008-07-09 11:37:25 Debug: Notice (8): Use of undefined constant Configure - assumed 'Configure' in [APP\controllers\twitterfish_controller.php, line 28]
2008-07-09 13:05:11 Debug: Notice (8): Undefined property:  TwitterfishController::$Book in [APP\controllers\twitterfish_controller.php, line 49]
2008-07-09 13:50:27 Debug: Notice (8): Object of class BehaviorCollection could not be converted to int in [CORE\cake\libs\model\behaviors\translate.php, line 380]
2008-07-09 14:35:20 Debug: Notice (8): Undefined property:  Lang::$Session in [APP\models\lang.php, line 23]
2008-07-09 14:35:59 Debug: Notice (8): Object::__openPersistent() [<a href='http://php.net/function.Object---openPersistent'>function.Object---openPersistent</a>]: The script tried to execute a method or access a property of an incomplete object. Please ensure that the class definition &quot;I18nModel&quot; of the object you are trying to operate on was loaded _before_ unserialize() gets called or provide a __autoload() function to load the class definition  in [CORE\cake\libs\object.php, line 271]
2008-07-09 14:36:58 Debug: Notice (8): Object::__openPersistent() [<a href='http://php.net/function.Object---openPersistent'>function.Object---openPersistent</a>]: The script tried to execute a method or access a property of an incomplete object. Please ensure that the class definition &quot;I18nModel&quot; of the object you are trying to operate on was loaded _before_ unserialize() gets called or provide a __autoload() function to load the class definition  in [CORE\cake\libs\object.php, line 271]
2008-07-09 14:38:34 Debug: Notice (8): Object::__openPersistent() [<a href='http://php.net/function.Object---openPersistent'>function.Object---openPersistent</a>]: The script tried to execute a method or access a property of an incomplete object. Please ensure that the class definition &quot;I18nModel&quot; of the object you are trying to operate on was loaded _before_ unserialize() gets called or provide a __autoload() function to load the class definition  in [CORE\cake\libs\object.php, line 271]
2008-07-09 17:11:57 Debug: Notice (8): Undefined index:  t_user_screen_name in [APP\views\twittertwister\index.ctp, line 6]
2008-07-09 17:11:57 Debug: Notice (8): Undefined index:  t_user_url in [APP\views\twittertwister\index.ctp, line 9]
2008-07-09 17:11:57 Debug: Notice (8): Undefined index:  t_user_profile_image_url in [APP\views\twittertwister\index.ctp, line 13]
2008-07-09 17:11:57 Debug: Notice (8): Undefined index:  t_user_location in [APP\views\twittertwister\index.ctp, line 18]
2008-07-09 17:13:09 Debug: Notice (8): Undefined index:  t_user_screen_name in [APP\views\twittertwister\index.ctp, line 6]
2008-07-09 17:13:09 Debug: Notice (8): Undefined index:  t_user_url in [APP\views\twittertwister\index.ctp, line 9]
2008-07-09 17:13:09 Debug: Notice (8): Undefined index:  t_user_profile_image_url in [APP\views\twittertwister\index.ctp, line 13]
2008-07-09 17:13:09 Debug: Notice (8): Undefined index:  t_user_location in [APP\views\twittertwister\index.ctp, line 18]
2008-07-09 17:15:51 Debug: Notice (8): Undefined index:  t_user_screen_name in [APP\views\twittertwister\index.ctp, line 6]
2008-07-09 17:17:27 Debug: Notice (8): Undefined index:  t_user_screen_name in [APP\views\twittertwister\index.ctp, line 6]
2008-07-09 17:17:52 Debug: Notice (8): Undefined index:  t_user_screen_name in [APP\views\twittertwister\index.ctp, line 6]
2008-07-09 17:19:30 Debug: Notice (8): Undefined index:  t_user_screen_name in [APP\views\twittertwister\index.ctp, line 6]
2008-07-09 17:22:35 Debug: Notice (8): Undefined index:  t_user_screen_name in [APP\views\twittertwister\index.ctp, line 6]
2008-07-09 17:26:32 Debug: Notice (8): Undefined index:  t_user_screen_name in [APP\views\twittertwister\index.ctp, line 6]
2008-07-09 17:28:34 Debug: Notice (8): Undefined index:  t_user_screen_name in [APP\views\twittertwister\index.ctp, line 6]
2008-07-09 17:29:20 Debug: Notice (8): Undefined index:  t_user_screen_name in [APP\views\twittertwister\index.ctp, line 6]
2008-07-09 17:30:35 Debug: Notice (8): Undefined index:  v_t_user_screen_name in [APP\views\twittertwister\index.ctp, line 6]
2008-07-09 17:31:39 Debug: Notice (8): Undefined index:  v_t_user_screen_name in [APP\views\twittertwister\index.ctp, line 6]
2008-07-10 00:43:37 Debug: Notice (8): Undefined variable: posts in [APP\views\twittertwister\rss\index.ctp, line 14]
2008-07-10 00:45:08 Debug: Notice (8): Undefined variable: posts in [APP\views\twittertwister\rss\index.ctp, line 14]
2008-07-10 00:45:14 Debug: Notice (8): Undefined variable: posts in [APP\views\twittertwister\rss\index.ctp, line 14]
2008-07-10 00:46:18 Debug: Notice (8): Undefined variable: posts in [APP\views\twittertwister\rss\index.ctp, line 14]
2008-07-10 01:01:37 Debug: Notice (8): Undefined variable: statuses in [APP\views\twittertwister\rss\index.ctp, line 6]
2008-07-10 01:24:27 Debug: Notice (8): Undefined variable: statuses in [APP\views\twittertwister\index.ctp, line 3]
2008-07-10 01:25:36 Debug: Notice (8): Undefined variable: twitterCalls in [APP\views\twittertwister\view_archive.ctp, line 3]
2008-07-10 01:40:21 Debug: Notice (8): Undefined property:  TwittertwisterController::$namedArgs in [APP\controllers\twittertwister_controller.php, line 44]
2008-07-10 01:41:12 Debug: Notice (8): Undefined property:  TwittertwisterController::$namedArgs in [APP\controllers\twittertwister_controller.php, line 44]
2008-07-10 01:53:14 Debug: Notice (8): Undefined property:  TwittertwisterController::$namedArgs in [APP\controllers\twittertwister_controller.php, line 44]
2008-07-10 01:55:04 Debug: Notice (8): Undefined index:  id in [APP\controllers\twittertwister_controller.php, line 39]
2008-07-10 01:55:04 Debug: Notice (8): Undefined index:  lang in [APP\controllers\twittertwister_controller.php, line 43]
2008-07-10 02:05:01 Debug: Notice (8): Undefined index:  id in [APP\controllers\twittertwister_controller.php, line 36]
2008-07-10 02:05:01 Debug: Notice (8): Undefined index:  lang in [APP\controllers\twittertwister_controller.php, line 50]
2008-07-10 02:06:51 Debug: Notice (8): Undefined index:  id in [APP\controllers\twittertwister_controller.php, line 36]
2008-07-10 02:06:51 Debug: Notice (8): Undefined index:  lang in [APP\controllers\twittertwister_controller.php, line 50]
2008-07-10 02:16:57 Debug: Notice (8): Undefined index:  lang in [APP\controllers\twittertwister_controller.php, line 50]
2008-07-10 02:18:54 Debug: Notice (8): Undefined index:  id in [APP\controllers\twittertwister_controller.php, line 36]
2008-07-10 02:18:54 Debug: Notice (8): Undefined index:  lang in [APP\controllers\twittertwister_controller.php, line 50]
2008-07-10 15:28:44 Debug: Notice (8): Undefined index:  id in [APP\controllers\twittertwister_controller.php, line 36]
2008-07-10 15:28:44 Debug: Notice (8): Undefined index:  lang in [APP\controllers\twittertwister_controller.php, line 50]
2008-07-10 15:49:39 Debug: Notice (8): Undefined variable: referer in [APP\controllers\twittertwister_controller.php, line 66]
2008-07-10 15:56:15 Debug: Notice (8): Undefined variable: url in [CORE\cake\libs\router.php, line 413]
2008-07-10 16:28:23 Debug: Notice (8): Undefined variable: buffer in [APP\controllers\twittertwister_controller.php, line 334]
2008-07-11 13:55:50 Debug: Notice (8): Undefined offset:  -1 in [CORE\cake\libs\router.php, line 1192]
2008-07-11 13:56:09 Debug: Notice (8): Undefined offset:  -1 in [CORE\cake\libs\router.php, line 1192]
2008-07-11 14:03:01 Debug: Notice (8): Undefined offset:  -1 in [CORE\cake\libs\router.php, line 1192]
2008-07-11 14:15:35 Debug: Notice (8): Use of undefined constant Router - assumed 'Router' in [APP\config\routes.php, line 49]
2008-07-17 14:26:48 Debug: Notice (8): Undefined offset:  0 in [APP\controllers\twittertwister_controller.php, line 122]
2008-07-17 14:26:48 Debug: Notice (8): Undefined offset:  0 in [APP\controllers\twittertwister_controller.php, line 123]
2008-07-17 14:26:48 Debug: Notice (8): Undefined offset:  0 in [APP\controllers\twittertwister_controller.php, line 124]
2008-07-17 14:26:48 Debug: Notice (8): Undefined offset:  0 in [APP\controllers\twittertwister_controller.php, line 125]
2008-07-17 14:26:48 Debug: Notice (8): Undefined offset:  0 in [APP\controllers\twittertwister_controller.php, line 126]
2008-07-17 14:26:48 Debug: Notice (8): Undefined offset:  0 in [APP\controllers\twittertwister_controller.php, line 127]
2008-07-17 14:26:48 Debug: Notice (8): Undefined offset:  0 in [APP\controllers\twittertwister_controller.php, line 128]
2008-07-17 14:26:48 Debug: Notice (8): Undefined offset:  1 in [APP\controllers\twittertwister_controller.php, line 122]
2008-07-17 14:26:48 Debug: Notice (8): Undefined offset:  1 in [APP\controllers\twittertwister_controller.php, line 123]
2008-07-17 14:26:48 Debug: Notice (8): Undefined offset:  1 in [APP\controllers\twittertwister_controller.php, line 124]
2008-07-17 14:26:48 Debug: Notice (8): Undefined offset:  1 in [APP\controllers\twittertwister_controller.php, line 125]
2008-07-17 14:26:48 Debug: Notice (8): Undefined offset:  1 in [APP\controllers\twittertwister_controller.php, line 126]
2008-07-17 14:26:48 Debug: Notice (8): Undefined offset:  1 in [APP\controllers\twittertwister_controller.php, line 127]
2008-07-17 14:26:48 Debug: Notice (8): Undefined offset:  1 in [APP\controllers\twittertwister_controller.php, line 128]
2008-07-17 14:26:49 Debug: Notice (8): Undefined offset:  0 in [APP\controllers\twittertwister_controller.php, line 122]
2008-07-17 14:26:49 Debug: Notice (8): Undefined offset:  0 in [APP\controllers\twittertwister_controller.php, line 123]
2008-07-17 14:26:49 Debug: Notice (8): Undefined offset:  0 in [APP\controllers\twittertwister_controller.php, line 124]
2008-07-17 14:26:49 Debug: Notice (8): Undefined offset:  0 in [APP\controllers\twittertwister_controller.php, line 125]
2008-07-17 14:26:49 Debug: Notice (8): Undefined offset:  0 in [APP\controllers\twittertwister_controller.php, line 126]
2008-07-17 14:26:49 Debug: Notice (8): Undefined offset:  0 in [APP\controllers\twittertwister_controller.php, line 127]
2008-07-17 14:26:49 Debug: Notice (8): Undefined offset:  0 in [APP\controllers\twittertwister_controller.php, line 128]
2008-07-17 14:27:04 Debug: Notice (8): Undefined offset:  0 in [APP\controllers\twittertwister_controller.php, line 122]
2008-07-17 14:27:04 Debug: Notice (8): Undefined offset:  0 in [APP\controllers\twittertwister_controller.php, line 123]
2008-07-17 14:27:04 Debug: Notice (8): Undefined offset:  0 in [APP\controllers\twittertwister_controller.php, line 124]
2008-07-17 14:27:04 Debug: Notice (8): Undefined offset:  0 in [APP\controllers\twittertwister_controller.php, line 125]
2008-07-17 14:27:04 Debug: Notice (8): Undefined offset:  0 in [APP\controllers\twittertwister_controller.php, line 126]
2008-07-17 14:27:04 Debug: Notice (8): Undefined offset:  0 in [APP\controllers\twittertwister_controller.php, line 127]
2008-07-17 14:27:04 Debug: Notice (8): Undefined offset:  0 in [APP\controllers\twittertwister_controller.php, line 128]
2008-07-17 14:27:05 Debug: Notice (8): Undefined offset:  1 in [APP\controllers\twittertwister_controller.php, line 122]
2008-07-17 14:27:05 Debug: Notice (8): Undefined offset:  1 in [APP\controllers\twittertwister_controller.php, line 123]
2008-07-17 14:27:05 Debug: Notice (8): Undefined offset:  1 in [APP\controllers\twittertwister_controller.php, line 124]
2008-07-17 14:27:05 Debug: Notice (8): Undefined offset:  1 in [APP\controllers\twittertwister_controller.php, line 125]
2008-07-17 14:27:05 Debug: Notice (8): Undefined offset:  1 in [APP\controllers\twittertwister_controller.php, line 126]
2008-07-17 14:27:05 Debug: Notice (8): Undefined offset:  1 in [APP\controllers\twittertwister_controller.php, line 127]
2008-07-17 14:27:05 Debug: Notice (8): Undefined offset:  1 in [APP\controllers\twittertwister_controller.php, line 128]
2008-07-17 14:27:05 Debug: Notice (8): Undefined offset:  0 in [APP\controllers\twittertwister_controller.php, line 122]
2008-07-17 14:27:05 Debug: Notice (8): Undefined offset:  0 in [APP\controllers\twittertwister_controller.php, line 123]
2008-07-17 14:27:05 Debug: Notice (8): Undefined offset:  0 in [APP\controllers\twittertwister_controller.php, line 124]
2008-07-17 14:27:05 Debug: Notice (8): Undefined offset:  0 in [APP\controllers\twittertwister_controller.php, line 125]
2008-07-17 14:27:05 Debug: Notice (8): Undefined offset:  0 in [APP\controllers\twittertwister_controller.php, line 126]
2008-07-17 14:27:05 Debug: Notice (8): Undefined offset:  0 in [APP\controllers\twittertwister_controller.php, line 127]
2008-07-17 14:27:05 Debug: Notice (8): Undefined offset:  0 in [APP\controllers\twittertwister_controller.php, line 128]
2008-07-17 14:27:46 Debug: Notice (8): Undefined offset:  0 in [APP\controllers\twittertwister_controller.php, line 122]
2008-07-17 14:27:46 Debug: Notice (8): Undefined offset:  0 in [APP\controllers\twittertwister_controller.php, line 123]
2008-07-17 14:27:46 Debug: Notice (8): Undefined offset:  0 in [APP\controllers\twittertwister_controller.php, line 124]
2008-07-17 14:27:46 Debug: Notice (8): Undefined offset:  0 in [APP\controllers\twittertwister_controller.php, line 125]
2008-07-17 14:27:46 Debug: Notice (8): Undefined offset:  0 in [APP\controllers\twittertwister_controller.php, line 126]
2008-07-17 14:27:46 Debug: Notice (8): Undefined offset:  0 in [APP\controllers\twittertwister_controller.php, line 127]
2008-07-17 14:27:46 Debug: Notice (8): Undefined offset:  0 in [APP\controllers\twittertwister_controller.php, line 128]
2008-07-17 14:27:46 Debug: Notice (8): Undefined offset:  1 in [APP\controllers\twittertwister_controller.php, line 122]
2008-07-17 14:27:46 Debug: Notice (8): Undefined offset:  1 in [APP\controllers\twittertwister_controller.php, line 123]
2008-07-17 14:27:46 Debug: Notice (8): Undefined offset:  1 in [APP\controllers\twittertwister_controller.php, line 124]
2008-07-17 14:27:46 Debug: Notice (8): Undefined offset:  1 in [APP\controllers\twittertwister_controller.php, line 125]
2008-07-17 14:27:46 Debug: Notice (8): Undefined offset:  1 in [APP\controllers\twittertwister_controller.php, line 126]
2008-07-17 14:27:46 Debug: Notice (8): Undefined offset:  1 in [APP\controllers\twittertwister_controller.php, line 127]
2008-07-17 14:27:46 Debug: Notice (8): Undefined offset:  1 in [APP\controllers\twittertwister_controller.php, line 128]
2008-07-17 14:27:46 Debug: Notice (8): Undefined offset:  2 in [APP\controllers\twittertwister_controller.php, line 122]
2008-07-17 14:27:47 Debug: Notice (8): Undefined offset:  2 in [APP\controllers\twittertwister_controller.php, line 123]
2008-07-17 14:27:47 Debug: Notice (8): Undefined offset:  2 in [APP\controllers\twittertwister_controller.php, line 124]
2008-07-17 14:27:47 Debug: Notice (8): Undefined offset:  2 in [APP\controllers\twittertwister_controller.php, line 125]
2008-07-17 14:27:47 Debug: Notice (8): Undefined offset:  2 in [APP\controllers\twittertwister_controller.php, line 126]
2008-07-17 14:27:47 Debug: Notice (8): Undefined offset:  2 in [APP\controllers\twittertwister_controller.php, line 127]
2008-07-17 14:27:47 Debug: Notice (8): Undefined offset:  2 in [APP\controllers\twittertwister_controller.php, line 128]
2008-07-17 14:27:47 Debug: Notice (8): Undefined offset:  0 in [APP\controllers\twittertwister_controller.php, line 122]
2008-07-17 14:27:47 Debug: Notice (8): Undefined offset:  0 in [APP\controllers\twittertwister_controller.php, line 123]
2008-07-17 14:27:47 Debug: Notice (8): Undefined offset:  0 in [APP\controllers\twittertwister_controller.php, line 124]
2008-07-17 14:27:47 Debug: Notice (8): Undefined offset:  0 in [APP\controllers\twittertwister_controller.php, line 125]
2008-07-17 14:27:47 Debug: Notice (8): Undefined offset:  0 in [APP\controllers\twittertwister_controller.php, line 126]
2008-07-17 14:27:48 Debug: Notice (8): Undefined offset:  0 in [APP\controllers\twittertwister_controller.php, line 127]
2008-07-17 14:27:48 Debug: Notice (8): Undefined offset:  0 in [APP\controllers\twittertwister_controller.php, line 128]
2008-07-17 14:30:33 Debug: Notice (8): Undefined offset:  0 in [APP\controllers\twittertwister_controller.php, line 122]
2008-07-17 14:30:33 Debug: Notice (8): Undefined offset:  0 in [APP\controllers\twittertwister_controller.php, line 123]
2008-07-17 14:30:33 Debug: Notice (8): Undefined offset:  0 in [APP\controllers\twittertwister_controller.php, line 124]
2008-07-17 14:30:33 Debug: Notice (8): Undefined offset:  0 in [APP\controllers\twittertwister_controller.php, line 125]
2008-07-17 14:30:33 Debug: Notice (8): Undefined offset:  0 in [APP\controllers\twittertwister_controller.php, line 126]
2008-07-17 14:30:33 Debug: Notice (8): Undefined offset:  0 in [APP\controllers\twittertwister_controller.php, line 127]
2008-07-17 14:30:33 Debug: Notice (8): Undefined offset:  0 in [APP\controllers\twittertwister_controller.php, line 128]
2008-07-17 14:30:33 Debug: Notice (8): Undefined offset:  1 in [APP\controllers\twittertwister_controller.php, line 122]
2008-07-17 14:30:33 Debug: Notice (8): Undefined offset:  1 in [APP\controllers\twittertwister_controller.php, line 123]
2008-07-17 14:30:33 Debug: Notice (8): Undefined offset:  1 in [APP\controllers\twittertwister_controller.php, line 124]
2008-07-17 14:30:33 Debug: Notice (8): Undefined offset:  1 in [APP\controllers\twittertwister_controller.php, line 125]
2008-07-17 14:30:33 Debug: Notice (8): Undefined offset:  1 in [APP\controllers\twittertwister_controller.php, line 126]
2008-07-17 14:30:33 Debug: Notice (8): Undefined offset:  1 in [APP\controllers\twittertwister_controller.php, line 127]
2008-07-17 14:30:33 Debug: Notice (8): Undefined offset:  1 in [APP\controllers\twittertwister_controller.php, line 128]
2008-07-17 14:30:33 Debug: Notice (8): Undefined offset:  2 in [APP\controllers\twittertwister_controller.php, line 122]
2008-07-17 14:30:33 Debug: Notice (8): Undefined offset:  2 in [APP\controllers\twittertwister_controller.php, line 123]
2008-07-17 14:30:33 Debug: Notice (8): Undefined offset:  2 in [APP\controllers\twittertwister_controller.php, line 124]
2008-07-17 14:30:33 Debug: Notice (8): Undefined offset:  2 in [APP\controllers\twittertwister_controller.php, line 125]
2008-07-17 14:30:34 Debug: Notice (8): Undefined offset:  2 in [APP\controllers\twittertwister_controller.php, line 126]
2008-07-17 14:30:34 Debug: Notice (8): Undefined offset:  2 in [APP\controllers\twittertwister_controller.php, line 127]
2008-07-17 14:30:34 Debug: Notice (8): Undefined offset:  2 in [APP\controllers\twittertwister_controller.php, line 128]
2008-07-17 14:30:34 Debug: Notice (8): Undefined offset:  0 in [APP\controllers\twittertwister_controller.php, line 122]
2008-07-17 14:30:34 Debug: Notice (8): Undefined offset:  0 in [APP\controllers\twittertwister_controller.php, line 123]
2008-07-17 14:30:34 Debug: Notice (8): Undefined offset:  0 in [APP\controllers\twittertwister_controller.php, line 124]
2008-07-17 14:30:34 Debug: Notice (8): Undefined offset:  0 in [APP\controllers\twittertwister_controller.php, line 125]
2008-07-17 14:30:34 Debug: Notice (8): Undefined offset:  0 in [APP\controllers\twittertwister_controller.php, line 126]
2008-07-17 14:30:34 Debug: Notice (8): Undefined offset:  0 in [APP\controllers\twittertwister_controller.php, line 127]
2008-07-17 14:30:34 Debug: Notice (8): Undefined offset:  0 in [APP\controllers\twittertwister_controller.php, line 128]
2008-07-19 17:24:12 Debug: Notice (8): Undefined variable: ajax in [APP\views\mf_search_form\index.ctp, line 2]
2008-07-19 18:40:01 Debug: Notice (8): Undefined variable: request_handler in [APP\controllers\mf_search_process_controller.php, line 17]
2008-07-19 18:41:22 Debug: Notice (8): Undefined property:  MfSearchProcessController::$request_handler in [APP\controllers\mf_search_process_controller.php, line 17]
2008-07-20 01:11:09 Debug: Notice (8): Undefined index:  subject in [APP\views\mf_fetch_list\index.ctp, line 6]
2008-07-20 01:12:05 Debug: Notice (8): Undefined index:  subject in [APP\views\mf_fetch_list\index.ctp, line 6]
2008-07-20 01:12:50 Debug: Notice (8): Undefined index:  subject in [APP\views\mf_fetch_list\index.ctp, line 6]
2008-07-21 12:05:43 Debug: Notice (8): Undefined variable: result in [APP\controllers\mf_fetch_post_controller.php, line 18]
2008-07-21 12:05:53 Debug: Notice (8): Undefined variable: result in [APP\controllers\mf_fetch_post_controller.php, line 18]
2008-07-21 12:06:24 Debug: Notice (8): Undefined variable: result in [APP\controllers\mf_fetch_post_controller.php, line 25]
2008-07-21 12:06:57 Debug: Notice (8): Undefined variable: result in [APP\controllers\mf_fetch_post_controller.php, line 25]
2008-07-21 12:07:09 Debug: Notice (8): Undefined variable: result in [APP\controllers\mf_fetch_post_controller.php, line 25]
2008-07-21 12:07:36 Debug: Notice (8): Undefined variable: result in [APP\controllers\mf_fetch_post_controller.php, line 25]
2008-07-21 12:07:55 Debug: Notice (8): Undefined variable: result in [APP\controllers\mf_fetch_post_controller.php, line 25]
2008-07-21 12:08:01 Debug: Notice (8): Undefined variable: result in [APP\controllers\mf_fetch_post_controller.php, line 25]
2008-07-21 12:12:48 Debug: Notice (8): Undefined variable: javascript in [APP\controllers\mf_fetch_post_controller.php, line 21]
2008-07-21 12:14:29 Debug: Notice (8): Undefined variable: javascript in [APP\controllers\mf_fetch_post_controller.php, line 21]
2008-07-21 12:15:05 Debug: Notice (8): Undefined variable: javascript in [APP\controllers\mf_fetch_post_controller.php, line 21]
2008-07-21 12:17:19 Debug: Notice (8): Undefined variable: javascript in [APP\controllers\mf_fetch_post_controller.php, line 21]
2008-07-21 12:17:46 Debug: Notice (8): Undefined variable: javascript in [APP\controllers\mf_fetch_post_controller.php, line 21]
2008-07-21 12:18:36 Debug: Notice (8): Undefined property:  MfFetchPostController::$javascript in [APP\controllers\mf_fetch_post_controller.php, line 21]
2008-07-21 12:18:46 Debug: Notice (8): Undefined property:  MfFetchPostController::$Js in [APP\controllers\mf_fetch_post_controller.php, line 21]
2008-07-22 00:45:58 Debug: Notice (8): Undefined property:  MfFetchListController::$Thread in [APP\controllers\mf_fetch_list_controller.php, line 17]
2008-07-22 01:15:42 Debug: Notice (8): Undefined index:  subject in [APP\views\mf_fetch_list\index.ctp, line 59]
2008-07-22 01:15:42 Debug: Notice (8): Undefined index:  email in [APP\views\mf_fetch_list\index.ctp, line 60]
2008-07-22 01:15:42 Debug: Notice (8): Undefined index:  id in [APP\views\mf_fetch_list\index.ctp, line 64]
2008-07-22 01:15:42 Debug: Notice (8): Undefined index:  message in [APP\views\mf_fetch_list\index.ctp, line 67]
2008-07-22 01:16:11 Debug: Notice (8): Undefined index:  subject in [APP\views\mf_fetch_list\index.ctp, line 59]
2008-07-22 01:16:11 Debug: Notice (8): Undefined index:  email in [APP\views\mf_fetch_list\index.ctp, line 60]
2008-07-22 01:16:11 Debug: Notice (8): Undefined index:  id in [APP\views\mf_fetch_list\index.ctp, line 64]
2008-07-22 01:16:11 Debug: Notice (8): Undefined index:  message in [APP\views\mf_fetch_list\index.ctp, line 67]
2008-07-22 18:50:57 Debug: Notice (8): Array to string conversion in [CORE\cake\libs\router.php, line 918]
2008-07-22 18:50:57 Debug: Notice (8): Array to string conversion in [CORE\cake\libs\router.php, line 1051]
2008-07-22 18:51:39 Debug: Notice (8): Array to string conversion in [CORE\cake\libs\router.php, line 918]
2008-07-22 18:51:39 Debug: Notice (8): Array to string conversion in [CORE\cake\libs\router.php, line 1051]
2008-07-22 18:56:26 Debug: Notice (8): Array to string conversion in [CORE\cake\libs\router.php, line 918]
2008-07-22 18:56:26 Debug: Notice (8): Array to string conversion in [CORE\cake\libs\router.php, line 1051]
2008-07-22 22:40:31 Debug: Notice (8): Undefined variable: result in [APP\views\mf_post_process\json\index.ctp, line 2]
2008-07-22 23:58:06 Debug: Notice (8): Undefined variable: xxx in [APP\views\mf_post_process\index.ctp, line 3]
2008-07-23 00:04:28 Debug: Notice (8): Undefined variable: xxx in [APP\views\mf_post_process\index.ctp, line 3]
2008-07-23 00:05:04 Debug: Notice (8): Undefined variable: xxx in [APP\views\mf_post_process\index.ctp, line 3]
2008-07-23 00:06:14 Debug: Notice (8): Undefined variable: xxx in [APP\views\mf_post_process\index.ctp, line 3]
2008-07-23 00:06:28 Debug: Notice (8): Undefined variable: xxx in [APP\views\mf_post_process\index.ctp, line 3]
2008-07-23 00:06:49 Debug: Notice (8): Undefined variable: xxx in [APP\views\mf_post_process\index.ctp, line 3]
2008-07-23 00:07:22 Debug: Notice (8): Undefined variable: xxx in [APP\views\mf_post_process\index.ctp, line 3]
2008-07-23 00:07:59 Debug: Notice (8): Undefined variable: xxx in [APP\views\mf_post_process\index.ctp, line 3]
2008-07-23 00:10:33 Debug: Notice (8): Undefined variable: xxx in [APP\views\mf_post_process\index.ctp, line 3]
2008-07-23 00:16:00 Debug: Notice (8): Undefined variable: xxx in [APP\views\mf_post_process\index.ctp, line 3]
2008-07-23 00:16:23 Debug: Notice (8): Undefined variable: xxx in [APP\views\mf_post_process\index.ctp, line 3]
2008-07-23 00:16:40 Debug: Notice (8): Undefined variable: xxx in [APP\views\mf_post_process\index.ctp, line 3]
2008-07-23 01:46:13 Debug: Notice (8): Undefined variable: result in [APP\views\mf_post_process\index.ctp, line 2]
2008-07-23 01:46:31 Debug: Notice (8): Undefined variable: result in [APP\views\mf_post_process\index.ctp, line 2]
2008-07-23 02:27:36 Debug: Notice (8): Use of undefined constant id - assumed 'id' in [APP\views\elements\post_form.ctp, line 110]
2008-07-23 16:34:55 Debug: Notice (8): Undefined index:  thread_id in [APP\controllers\mf_post_process_controller.php, line 28]
2008-07-23 16:35:21 Debug: Notice (8): Undefined index:  thread_id in [APP\controllers\mf_post_process_controller.php, line 28]
2008-07-23 17:03:04 Debug: Notice (8): Undefined variable: temp_posts in [APP\controllers\mf_fetch_posts_controller.php, line 35]
2008-07-23 17:03:04 Debug: Notice (8): Undefined variable: temp_posts in [APP\controllers\mf_fetch_posts_controller.php, line 36]
2008-07-23 17:03:16 Debug: Notice (8): Undefined variable: temp_posts in [APP\controllers\mf_fetch_posts_controller.php, line 35]
2008-07-23 17:05:10 Debug: Notice (8): Undefined variable: temp_posts in [APP\controllers\mf_fetch_posts_controller.php, line 41]
2008-07-23 17:10:02 Debug: Notice (8): Undefined variable: post in [APP\controllers\mf_fetch_posts_controller.php, line 49]
2008-07-23 17:22:34 Debug: Notice (8): Undefined offset:  1 in [APP\controllers\mf_fetch_posts_controller.php, line 59]
2008-07-23 17:31:41 Debug: Notice (8): Undefined index:  indent in [APP\views\mf_fetch_posts\index.ctp, line 45]
2008-07-23 21:09:49 Debug: Notice (8): Undefined variable: messages in [APP\views\mf_search_process\index.ctp, line 2]
2008-07-23 21:09:53 Debug: Notice (8): Undefined variable: messages in [APP\views\mf_search_process\index.ctp, line 2]
2008-07-23 21:09:53 Debug: Notice (8): Undefined variable: messages in [APP\views\mf_search_process\index.ctp, line 2]
2008-07-23 21:10:38 Debug: Notice (8): Undefined variable: messages in [APP\views\mf_search_process\index.ctp, line 2]
2008-07-23 21:12:22 Debug: Notice (8): Undefined variable: thread_id in [APP\controllers\mf_search_process_controller.php, line 16]
2008-07-23 21:12:23 Debug: Notice (8): Undefined variable: messages in [APP\views\mf_search_process\index.ctp, line 2]
2008-07-23 21:12:42 Debug: Notice (8): Undefined variable: messages in [APP\views\mf_search_process\index.ctp, line 2]
2008-07-23 22:06:50 Debug: Notice (8): Undefined variable: paginator in [APP\views\mf_search_form\index.ctp, line 42]
2008-07-23 22:06:51 Debug: Notice (8): Undefined variable: paginator in [APP\views\mf_search_form\index.ctp, line 42]
2008-07-23 22:08:02 Debug: Notice (8): Undefined variable: paginator in [APP\views\mf_search_form\index.ctp, line 42]
2008-07-23 22:10:15 Debug: Notice (8): Undefined variable: paginator in [APP\views\mf_search_form\index.ctp, line 42]
2008-07-23 22:10:15 Debug: Notice (8): Undefined variable: paginator in [APP\views\mf_search_form\index.ctp, line 42]
2008-07-23 22:11:16 Debug: Notice (8): Undefined variable: paginator in [APP\views\mf_search_form\index.ctp, line 42]
2008-07-23 22:14:10 Debug: Notice (8): Undefined variable: paginator in [APP\views\mf_search_form\index.ctp, line 42]
2008-07-24 00:23:31 Debug: Notice (8): Undefined variable: post_id in [APP\views\mf_fetch_threads\index.ctp, line 69]
2008-07-24 00:23:31 Debug: Notice (8): Undefined variable: thread_id in [APP\views\mf_fetch_threads\index.ctp, line 69]
2008-07-24 10:34:26 Debug: Notice (8): Undefined offset:  0 in [CORE\cake\libs\model\datasources\dbo_source.php, line 1783]
2008-07-24 10:40:03 Debug: Notice (8): Array to string conversion in [CORE\cake\libs\model\datasources\dbo_source.php, line 1806]
2008-07-24 10:47:29 Debug: Notice (8): Undefined offset:  0 in [CORE\cake\libs\model\datasources\dbo_source.php, line 1783]
2008-07-24 11:13:14 Debug: Notice (8): Undefined offset:  0 in [CORE\cake\libs\model\datasources\dbo_source.php, line 1783]
2008-07-24 11:18:38 Debug: Notice (8): Undefined offset:  0 in [CORE\cake\libs\model\datasources\dbo_source.php, line 1783]
2008-07-24 13:44:47 Debug: Notice (8): Undefined offset:  0 in [CORE\cake\libs\model\datasources\dbo_source.php, line 1783]
2008-07-24 13:55:13 Debug: Notice (8): Undefined offset:  0 in [CORE\cake\libs\model\datasources\dbo_source.php, line 1783]
2008-07-24 14:23:46 Debug: Notice (8): Undefined variable: result in [APP\views\mf_post_form\index.ctp, line 2]
2008-07-24 14:36:20 Debug: Notice (8): Undefined index:  noform in [APP\controllers\mf_post_form_controller.php, line 28]
2008-07-24 17:43:50 Debug: Notice (8): unserialize() [<a href='http://php.net/function.unserialize'>function.unserialize</a>]: Error at offset 0 of 1265 bytes in [CORE\cake\libs\cache\file.php, line 184]
2008-07-24 17:55:59 Debug: Notice (8): Undefined offset:  0 in [CORE\cake\libs\model\datasources\dbo_source.php, line 1783]
2008-07-24 18:01:01 Debug: Notice (8): Undefined variable: paginator in [APP\views\mf_search_process\index.ctp, line 44]
2008-07-24 18:08:55 Debug: Notice (8): Undefined property:  MfSearchProcessController::$Search in [APP\controllers\mf_search_process_controller.php, line 16]
2008-07-24 18:26:37 Debug: Notice (8): Undefined variable: posts in [APP\controllers\mf_search_process_controller.php, line 52]
2008-07-24 18:26:38 Debug: Notice (8): Undefined variable: paginator in [APP\views\mf_search_process\index.ctp, line 52]
2008-07-24 18:27:18 Debug: Notice (8): Undefined variable: paginator in [APP\views\mf_search_process\index.ctp, line 52]
2008-07-24 18:40:05 Debug: Notice (8): Array to string conversion in [CORE\cake\libs\model\datasources\dbo_source.php, line 1806]
2008-07-25 00:44:01 Debug: Notice (8): Use of undefined constant threads - assumed 'threads' in [APP\controllers\mf_fetch_threads_controller.php, line 23]
2008-07-25 01:24:23 Debug: Notice (8): Undefined index:  id in [APP\controllers\mf_fetch_posts_controller.php, line 60]
2008-07-25 01:24:23 Debug: Notice (8): Undefined index:  subject in [APP\views\mf_fetch_posts\index.ctp, line 50]
2008-07-25 01:24:23 Debug: Notice (8): Undefined index:  email in [APP\views\mf_fetch_posts\index.ctp, line 51]
2008-07-25 01:24:23 Debug: Notice (8): Undefined index:  id in [APP\views\mf_fetch_posts\index.ctp, line 55]
2008-07-25 01:24:23 Debug: Notice (8): Undefined index:  thread_id in [APP\views\mf_fetch_posts\index.ctp, line 56]
2008-07-25 01:24:23 Debug: Notice (8): Undefined index:  message in [APP\views\mf_fetch_posts\index.ctp, line 59]
2008-07-25 01:24:42 Debug: Notice (8): Undefined index:  id in [APP\controllers\mf_fetch_posts_controller.php, line 60]
2008-07-25 01:24:42 Debug: Notice (8): Undefined index:  subject in [APP\views\mf_fetch_posts\index.ctp, line 50]
2008-07-25 01:24:42 Debug: Notice (8): Undefined index:  email in [APP\views\mf_fetch_posts\index.ctp, line 51]
2008-07-25 01:24:42 Debug: Notice (8): Undefined index:  id in [APP\views\mf_fetch_posts\index.ctp, line 55]
2008-07-25 01:24:42 Debug: Notice (8): Undefined index:  thread_id in [APP\views\mf_fetch_posts\index.ctp, line 56]
2008-07-25 01:24:42 Debug: Notice (8): Undefined index:  message in [APP\views\mf_fetch_posts\index.ctp, line 59]
2008-07-25 01:25:00 Debug: Notice (8): Undefined index:  id in [APP\controllers\mf_fetch_posts_controller.php, line 60]
2008-07-25 01:25:00 Debug: Notice (8): Undefined index:  subject in [APP\views\mf_fetch_posts\index.ctp, line 50]
2008-07-25 01:25:00 Debug: Notice (8): Undefined index:  email in [APP\views\mf_fetch_posts\index.ctp, line 51]
2008-07-25 01:25:00 Debug: Notice (8): Undefined index:  id in [APP\views\mf_fetch_posts\index.ctp, line 55]
2008-07-25 01:25:00 Debug: Notice (8): Undefined index:  thread_id in [APP\views\mf_fetch_posts\index.ctp, line 56]
2008-07-25 01:25:00 Debug: Notice (8): Undefined index:  message in [APP\views\mf_fetch_posts\index.ctp, line 59]
2008-07-25 01:26:59 Debug: Notice (8): Undefined variable: threads in [APP\controllers\mf_fetch_posts_controller.php, line 30]
2008-07-25 01:27:15 Debug: Notice (8): Undefined variable: threads in [APP\controllers\mf_fetch_posts_controller.php, line 30]
2008-07-25 01:39:13 Debug: Notice (8): Undefined variable: indent in [APP\views\mf_fetch_post\index.ctp, line 5]
2008-07-25 01:39:13 Debug: Notice (8): Undefined variable: current_message in [APP\views\mf_fetch_post\index.ctp, line 8]
2008-07-25 01:39:13 Debug: Notice (8): Undefined variable: current_message in [APP\views\mf_fetch_post\index.ctp, line 9]
2008-07-25 01:39:13 Debug: Notice (8): Undefined variable: current_message in [APP\views\mf_fetch_post\index.ctp, line 13]
2008-07-25 01:39:13 Debug: Notice (8): Undefined variable: current_message in [APP\views\mf_fetch_post\index.ctp, line 14]
2008-07-25 01:39:13 Debug: Notice (8): Undefined variable: current_message in [APP\views\mf_fetch_post\index.ctp, line 17]
2008-07-25 01:39:42 Debug: Notice (8): Undefined variable: indent in [APP\views\mf_fetch_post\index.ctp, line 7]
2008-07-25 01:55:09 Debug: Notice (8): Undefined property:  SessionComponent::$validationErrors in [APP\controllers\mf_search_process_controller.php, line 52]
2008-07-25 02:20:35 Debug: Notice (8): Undefined variable: result in [APP\views\mf_search_process\ajax.ctp, line 16]
2008-07-25 12:08:17 Debug: Notice (8): Undefined variable: url in [CORE\cake\libs\controller\controller.php, line 480]
2008-07-25 12:08:17 Debug: Notice (8): Undefined variable: url in [CORE\cake\libs\controller\controller.php, line 557]
2008-07-25 12:30:04 Debug: Notice (8): Undefined offset:  0 in [CORE\cake\libs\model\datasources\dbo_source.php, line 1783]
2008-07-25 12:40:27 Debug: Notice (8): Undefined offset:  0 in [CORE\cake\libs\model\datasources\dbo_source.php, line 1783]
2008-07-25 12:40:43 Debug: Notice (8): Undefined offset:  0 in [CORE\cake\libs\model\datasources\dbo_source.php, line 1783]
2008-07-25 12:40:45 Debug: Notice (8): Undefined offset:  0 in [CORE\cake\libs\model\datasources\dbo_source.php, line 1783]
2008-07-26 18:42:13 Debug: Notice (8): Undefined property:  MfFetchMessagesController::$temp_messges in [APP\controllers\mf_fetch_messages_controller.php, line 74]
2008-07-26 18:42:14 Debug: Notice (8): Undefined property:  MfFetchMessagesController::$temp_messges in [APP\controllers\mf_fetch_messages_controller.php, line 74]
2008-07-26 18:43:28 Debug: Notice (8): Undefined property:  MfFetchMessagesController::$temp_messges in [APP\controllers\mf_fetch_messages_controller.php, line 74]
2008-07-26 18:43:28 Debug: Notice (8): Undefined property:  MfFetchMessagesController::$temp_messges in [APP\controllers\mf_fetch_messages_controller.php, line 74]
2008-07-26 18:44:11 Debug: Notice (8): Undefined property:  MfFetchMessagesController::$temp_messges in [APP\controllers\mf_fetch_messages_controller.php, line 74]
2008-07-26 18:44:12 Debug: Notice (8): Undefined property:  MfFetchMessagesController::$temp_messges in [APP\controllers\mf_fetch_messages_controller.php, line 74]
2008-07-26 18:49:55 Debug: Notice (8): Undefined property:  MfFetchMessagesController::$temp_messges in [APP\controllers\mf_fetch_messages_controller.php, line 74]
2008-07-26 18:49:56 Debug: Notice (8): Undefined property:  MfFetchMessagesController::$temp_messges in [APP\controllers\mf_fetch_messages_controller.php, line 74]
2008-07-26 18:50:15 Debug: Notice (8): Undefined property:  MfFetchMessagesController::$temp_messges in [APP\controllers\mf_fetch_messages_controller.php, line 74]
2008-07-26 18:56:54 Debug: Notice (8): Undefined property:  MfFetchMessagesController::$temp_messges in [APP\controllers\mf_fetch_messages_controller.php, line 74]
2008-07-26 18:59:16 Debug: Notice (8): Undefined property:  MfFetchMessagesController::$temp_messges in [APP\controllers\mf_fetch_messages_controller.php, line 74]
2008-07-26 18:59:45 Debug: Notice (8): Undefined property:  MfFetchMessagesController::$temp_messges in [APP\controllers\mf_fetch_messages_controller.php, line 72]
2008-07-26 18:59:45 Debug: Notice (8): Undefined property:  MfFetchMessagesController::$temp_messges in [APP\controllers\mf_fetch_messages_controller.php, line 74]
2008-07-26 18:59:57 Debug: Notice (8): Undefined property:  MfFetchMessagesController::$temp_messges in [APP\controllers\mf_fetch_messages_controller.php, line 70]
2008-07-26 18:59:57 Debug: Notice (8): Undefined property:  MfFetchMessagesController::$temp_messges in [APP\controllers\mf_fetch_messages_controller.php, line 74]
2008-07-26 19:00:24 Debug: Notice (8): Undefined property:  MfFetchMessagesController::$temp_messges in [APP\controllers\mf_fetch_messages_controller.php, line 68]
2008-07-26 19:00:24 Debug: Notice (8): Undefined property:  MfFetchMessagesController::$temp_messges in [APP\controllers\mf_fetch_messages_controller.php, line 74]
2008-07-26 19:01:01 Debug: Notice (8): Undefined property:  MfFetchMessagesController::$temp_messges in [APP\controllers\mf_fetch_messages_controller.php, line 74]
2008-07-26 19:01:49 Debug: Notice (8): Undefined property:  MfFetchMessagesController::$temp_messges in [APP\controllers\mf_fetch_messages_controller.php, line 75]
2008-07-27 22:03:57 Debug: Notice (8): Undefined variable: messageId in [APP\controllers\mf_fetch_message_controller.php, line 17]
2008-07-27 22:03:57 Debug: Notice (8): Uninitialized string offset:  0 in [APP\views\mf_fetch_message\index.ctp, line 3]
2008-07-27 22:18:29 Debug: Notice (8): Undefined property:  MfFetchMessageController::$MfFetchMessage in [APP\controllers\mf_fetch_message_controller.php, line 20]
2008-07-27 22:19:55 Debug: Notice (8): Undefined property:  MfFetchMessageController::$MfFetchMessage in [APP\controllers\mf_fetch_message_controller.php, line 22]
2008-07-27 22:20:10 Debug: Notice (8): Undefined property:  MfFetchMessageController::$MfFetchMessage in [APP\controllers\mf_fetch_message_controller.php, line 22]
2008-07-27 22:21:28 Debug: Notice (8): Undefined property:  MfFetchMessageController::$MfFetchMessage in [APP\controllers\mf_fetch_message_controller.php, line 26]
2008-07-27 22:23:02 Debug: Notice (8): Undefined property:  MfFetchMessageController::$MfFetchMessage in [APP\controllers\mf_fetch_message_controller.php, line 26]
2008-07-27 22:25:39 Debug: Notice (8): Uninitialized string offset:  0 in [APP\views\mf_fetch_message\index.ctp, line 3]
2008-07-27 22:27:35 Debug: Notice (8): Uninitialized string offset:  0 in [APP\views\mf_fetch_message\index.ctp, line 3]
2008-07-27 22:27:58 Debug: Notice (8): Uninitialized string offset:  0 in [APP\views\mf_fetch_message\index.ctp, line 3]
2008-07-27 22:28:53 Debug: Notice (8): Uninitialized string offset:  0 in [APP\views\mf_fetch_message\index.ctp, line 3]
2008-07-27 22:29:59 Debug: Notice (8): Undefined index:  search_term in [APP\controllers\mf_fetch_message_controller.php, line 26]
2008-07-27 22:29:59 Debug: Notice (8): Uninitialized string offset:  0 in [APP\views\mf_fetch_message\index.ctp, line 3]
2008-07-27 22:30:57 Debug: Notice (8): Uninitialized string offset:  0 in [APP\views\mf_fetch_message\index.ctp, line 3]
2008-07-27 22:31:26 Debug: Notice (8): Undefined variable: messageId in [APP\controllers\mf_fetch_message_controller.php, line 19]
2008-07-27 22:31:26 Debug: Notice (8): Undefined index:  search_term in [APP\controllers\mf_fetch_message_controller.php, line 26]
2008-07-27 22:31:26 Debug: Notice (8): Uninitialized string offset:  0 in [APP\views\mf_fetch_message\index.ctp, line 3]
2008-07-27 22:31:42 Debug: Notice (8): Undefined index:  search_term in [APP\controllers\mf_fetch_message_controller.php, line 26]
2008-07-27 22:31:43 Debug: Notice (8): Uninitialized string offset:  0 in [APP\views\mf_fetch_message\index.ctp, line 3]
2008-07-27 22:32:00 Debug: Notice (8): Uninitialized string offset:  0 in [APP\views\mf_fetch_message\index.ctp, line 3]
2008-07-27 22:33:06 Debug: Notice (8): Uninitialized string offset:  0 in [APP\views\mf_fetch_message\index.ctp, line 3]
2008-07-27 22:33:50 Debug: Notice (8): Uninitialized string offset:  0 in [APP\views\mf_fetch_message\index.ctp, line 3]
2008-07-27 22:35:16 Debug: Notice (8): Uninitialized string offset:  0 in [APP\views\mf_fetch_message\index.ctp, line 3]
2008-07-27 22:35:25 Debug: Notice (8): Uninitialized string offset:  0 in [APP\views\mf_fetch_message\index.ctp, line 3]
2008-07-27 22:38:52 Debug: Notice (8): Uninitialized string offset:  0 in [APP\views\mf_fetch_message\index.ctp, line 3]
2008-07-27 23:03:01 Debug: Notice (8): Undefined variable: messageId in [APP\controllers\mf_fetch_message_controller.php, line 37]
2008-07-27 23:03:29 Debug: Notice (8): Undefined variable: messageId in [APP\controllers\mf_fetch_message_controller.php, line 37]
2008-07-27 23:03:36 Debug: Notice (8): Undefined variable: messageId in [APP\controllers\mf_fetch_message_controller.php, line 37]
2008-07-27 23:03:58 Debug: Notice (8): Undefined index:  messageId in [APP\controllers\mf_fetch_message_controller.php, line 23]
2008-07-27 23:04:57 Debug: Notice (8): Undefined variable: messageId in [APP\controllers\mf_fetch_message_controller.php, line 33]
2008-07-27 23:05:04 Debug: Notice (8): Undefined variable: messageId in [APP\controllers\mf_fetch_message_controller.php, line 33]
2008-07-27 23:06:20 Debug: Notice (8): Undefined variable: messageId in [APP\controllers\mf_fetch_message_controller.php, line 33]
2008-07-27 23:06:48 Debug: Notice (8): Undefined variable: messageId in [APP\controllers\mf_fetch_message_controller.php, line 33]
2008-07-27 23:29:43 Debug: Notice (8): Undefined variable: data in [APP\controllers\mf_fetch_message_controller.php, line 43]
2008-07-27 23:29:43 Debug: Notice (8): Undefined variable: result in [APP\views\mf_fetch_message\json\index.ctp, line 2]
2008-07-27 23:29:53 Debug: Notice (8): Undefined variable: data in [APP\controllers\mf_fetch_message_controller.php, line 43]
2008-07-27 23:29:53 Debug: Notice (8): Undefined variable: result in [APP\views\mf_fetch_message\json\index.ctp, line 2]
2008-07-27 23:31:39 Debug: Notice (8): Undefined variable: data in [APP\controllers\mf_fetch_message_controller.php, line 43]
2008-07-27 23:31:39 Debug: Notice (8): Undefined variable: result in [APP\views\mf_fetch_message\json\index.ctp, line 2]
2008-07-27 23:32:41 Debug: Notice (8): Undefined variable: data in [APP\controllers\mf_fetch_message_controller.php, line 43]
2008-07-27 23:32:41 Debug: Notice (8): Undefined variable: result in [APP\views\mf_fetch_message\json\index.ctp, line 2]
2008-07-27 23:33:38 Debug: Notice (8): Undefined variable: data in [APP\controllers\mf_fetch_message_controller.php, line 43]
2008-07-27 23:33:45 Debug: Notice (8): Undefined variable: data in [APP\controllers\mf_fetch_message_controller.php, line 43]
2008-07-27 23:37:49 Debug: Notice (8): Undefined variable: result in [APP\views\mf_fetch_message\json\index.ctp, line 2]
2008-07-28 01:08:47 Debug: Notice (8): Undefined property:  MfSearchProcessController::$Search in [APP\controllers\mf_search_process_controller.php, line 45]
2008-07-28 01:09:29 Debug: Notice (8): Undefined offset:  0 in [CORE\cake\libs\model\datasources\dbo_source.php, line 1783]
2008-07-28 01:12:01 Debug: Notice (8): Undefined index:  Search in [APP\controllers\mf_search_process_controller.php, line 68]
2008-07-28 01:12:04 Debug: Notice (8): Undefined index:  Search in [APP\controllers\mf_search_process_controller.php, line 68]
2008-07-28 01:12:08 Debug: Notice (8): Undefined index:  Search in [APP\controllers\mf_search_process_controller.php, line 68]
2008-07-28 01:13:28 Debug: Notice (8): Undefined offset:  0 in [CORE\cake\libs\model\datasources\dbo_source.php, line 1783]
2008-08-06 14:12:42 Debug: Notice (8): Undefined variable: what in [APP\controllers\base_controller.php, line 20]
2008-08-06 14:13:03 Debug: Notice (8): Undefined variable: what in [APP\views\base\index.ctp, line 5]
2008-08-06 16:48:19 Debug: Notice (8): Undefined variable: tagResult in [APP\views\cake_tags.php, line 47]
2008-08-07 00:35:51 Debug: Notice (8): Undefined index:  m_lock in [APP\models\behaviors\spell.php, line 74]
2008-08-07 00:36:03 Debug: Notice (8): Undefined index:  m_lock in [APP\models\behaviors\spell.php, line 74]
2008-08-07 00:40:05 Debug: Notice (8): Undefined index:  field in [APP\models\behaviors\spell.php, line 46]
2008-08-07 00:40:05 Debug: Notice (8): Undefined index:  timestamp in [APP\models\behaviors\spell.php, line 47]
2008-08-07 00:48:15 Debug: Notice (8): Undefined variable: primary in [APP\models\behaviors\spell.php, line 69]
2008-08-07 00:52:07 Debug: Notice (8): Undefined variable: primary in [APP\models\behaviors\spell.php, line 69]
2008-08-07 00:56:09 Debug: Notice (8): Undefined variable: primary in [APP\models\behaviors\spell.php, line 59]
2008-08-07 00:57:14 Debug: Notice (8): Undefined variable: results in [APP\models\behaviors\spell.php, line 61]
2008-08-07 01:10:55 Debug: Notice (8): Undefined variable: query in [APP\models\behaviors\spell.php, line 96]
2008-08-11 13:44:51 Debug: Notice (8): Undefined variable: javascript in [APP\views\layouts\base.ctp, line 13]
2008-08-11 14:47:04 Debug: Notice (8): Undefined index:  Base in [APP\models\behaviors\magic_fields_plus.php, line 82]
2008-08-11 14:47:05 Debug: Notice (8): Undefined index:  Base in [APP\models\behaviors\magic_fields_plus.php, line 82]
2008-08-11 14:47:58 Debug: Notice (8): Undefined index:  Base in [APP\models\behaviors\magic_fields_plus.php, line 82]
2008-08-11 14:47:58 Debug: Notice (8): Undefined variable: paginator in [APP\views\your_tables\list_all_records.ctp, line 5]
2008-08-11 14:48:22 Debug: Notice (8): Undefined index:  Base in [APP\models\behaviors\magic_fields_plus.php, line 82]
2008-08-11 14:48:22 Debug: Notice (8): Undefined variable: paginator in [APP\views\your_tables\list_all_records.ctp, line 5]
2008-08-11 14:48:42 Debug: Notice (8): Undefined variable: paginator in [APP\views\your_tables\list_all_records.ctp, line 5]
2008-08-11 14:52:00 Debug: Notice (8): Undefined index:  Base in [APP\models\behaviors\magic_fields_plus.php, line 82]
2008-08-11 14:52:49 Debug: Notice (8): Undefined index:  Base in [APP\models\behaviors\magic_fields_plus.php, line 82]
2008-08-11 14:53:34 Debug: Notice (8): Undefined index:  Base in [APP\models\behaviors\magic_fields_plus.php, line 82]
2008-08-11 15:03:50 Debug: Notice (8): Undefined property:  YourTable::$_schema in [CORE\cake\libs\model\model.php, line 822]
2008-08-11 15:04:06 Debug: Notice (8): Undefined property:  YourTable::$_schema in [CORE\cake\libs\model\model.php, line 822]
2008-08-11 15:26:06 Debug: Notice (8): Undefined variable: record in [APP\models\behaviors\magic_fields_plus.php, line 103]
2008-08-11 16:01:48 Debug: Notice (8): Undefined property:  MagicFieldsPlusBehavior::$YourTable in [APP\models\behaviors\magic_fields_plus.php, line 28]
2008-08-11 16:23:57 Debug: Notice (8): Undefined variable: currentRecord in [APP\models\behaviors\magic_fields_plus.php, line 80]
2008-08-11 16:26:55 Debug: Notice (8): Undefined index:  id in [APP\models\behaviors\magic_fields_plus.php, line 76]
2008-08-11 16:26:56 Debug: Notice (8): Undefined index:  id in [APP\models\behaviors\magic_fields_plus.php, line 76]
2008-08-11 16:30:02 Debug: Notice (8): Undefined index:  id in [APP\models\behaviors\magic_fields_plus.php, line 76]
2008-08-11 16:30:16 Debug: Notice (8): Undefined index:  id in [APP\models\behaviors\magic_fields_plus.php, line 76]
2008-08-11 16:31:42 Debug: Notice (8): Undefined variable: empty in [APP\models\behaviors\magic_fields_plus.php, line 82]
2008-08-11 17:28:41 Debug: Notice (8): Undefined index:  YourTable in [APP\views\your_tables\edit.ctp, line 7]
2008-08-11 17:41:38 Debug: Notice (8): Undefined index:  YourTable in [APP\models\behaviors\magic_fields_plus.php, line 23]
2008-08-11 17:41:38 Debug: Notice (8): Undefined index:  m_record_order in [APP\models\behaviors\magic_fields_plus.php, line 23]
2008-08-11 17:41:38 Debug: Notice (8): Undefined index:  m_accessed in [APP\models\behaviors\magic_fields_plus.php, line 23]
2008-08-11 17:41:39 Debug: Notice (8): Undefined index:  YourTable in [APP\models\behaviors\magic_fields_plus.php, line 23]
2008-08-11 17:41:39 Debug: Notice (8): Undefined index:  m_record_order in [APP\models\behaviors\magic_fields_plus.php, line 23]
2008-08-11 17:41:39 Debug: Notice (8): Undefined index:  m_accessed in [APP\models\behaviors\magic_fields_plus.php, line 23]
2008-08-11 17:42:08 Debug: Notice (8): Undefined index:  YourTable in [APP\models\behaviors\magic_fields_plus.php, line 23]
2008-08-11 17:42:08 Debug: Notice (8): Undefined index:  m_record_order in [APP\models\behaviors\magic_fields_plus.php, line 23]
2008-08-11 17:42:08 Debug: Notice (8): Undefined index:  m_accessed in [APP\models\behaviors\magic_fields_plus.php, line 23]
2008-08-11 17:42:22 Debug: Notice (8): Undefined index:  YourTable in [APP\models\behaviors\magic_fields_plus.php, line 23]
2008-08-11 17:42:22 Debug: Notice (8): Undefined index:  m_record_order in [APP\models\behaviors\magic_fields_plus.php, line 23]
2008-08-11 17:42:22 Debug: Notice (8): Undefined index:  m_accessed in [APP\models\behaviors\magic_fields_plus.php, line 23]
2008-08-11 17:44:44 Debug: Notice (8): Undefined index:  m_lock in [APP\models\behaviors\magic_fields_plus.php, line 93]
2008-08-11 17:46:26 Debug: Notice (8): Undefined index:  YourTable in [APP\models\behaviors\magic_fields_plus.php, line 136]
2008-08-11 17:46:29 Debug: Notice (8): Undefined index:  YourTable in [APP\models\behaviors\magic_fields_plus.php, line 136]
2008-08-11 17:46:33 Debug: Notice (8): Undefined index:  YourTable in [APP\models\behaviors\magic_fields_plus.php, line 136]
2008-08-11 17:47:41 Debug: Notice (8): Undefined index:  YourTable in [APP\models\behaviors\magic_fields_plus.php, line 137]
2008-08-11 20:54:16 Debug: Notice (8): Undefined index:  m_lock in [APP\models\behaviors\magic_fields_plus.php, line 96]
2008-08-11 20:55:32 Debug: Notice (8): Undefined index:  m_lock in [APP\models\behaviors\magic_fields_plus.php, line 96]
2008-08-11 20:55:58 Debug: Notice (8): Undefined index:  m_lock in [APP\models\behaviors\magic_fields_plus.php, line 96]
2008-08-18 11:19:36 Debug: Notice (8): Undefined variable: uuid in [APP\models\behaviors\magic_fields_plus.php, line 98]
2008-08-18 11:19:36 Debug: Notice (8): Undefined variable: uuid in [APP\models\behaviors\magic_fields_plus.php, line 101]
2008-08-18 11:19:37 Debug: Notice (8): Undefined variable: uuid in [APP\models\behaviors\magic_fields_plus.php, line 98]
2008-08-18 11:19:37 Debug: Notice (8): Undefined variable: uuid in [APP\models\behaviors\magic_fields_plus.php, line 101]
2008-08-18 15:14:11 Debug: Notice (8): Undefined index:  some_field_1 in [APP\views\your_tables\index.ctp, line 35]
2008-08-18 17:48:12 Debug: Notice (8): Undefined index:  m_accessed in [APP\models\behaviors\magic_fields_plus.php, line 65]
2008-08-18 17:48:12 Debug: Notice (8): Undefined index:  id in [APP\views\your_tables\index.ctp, line 32]
2008-08-18 17:48:12 Debug: Notice (8): Undefined index:  title in [APP\views\your_tables\index.ctp, line 35]
2008-08-18 17:48:12 Debug: Notice (8): Undefined index:  m_record_order in [APP\views\your_tables\index.ctp, line 41]
2008-08-18 17:48:12 Debug: Notice (8): Undefined index:  m_security in [APP\views\your_tables\index.ctp, line 44]
2008-08-18 17:48:12 Debug: Notice (8): Undefined index:  m_display_record in [APP\views\your_tables\index.ctp, line 47]
2008-08-18 17:48:12 Debug: Notice (8): Undefined index:  m_accessed in [APP\views\your_tables\index.ctp, line 50]
2008-08-18 17:48:12 Debug: Notice (8): Undefined index:  created in [APP\views\your_tables\index.ctp, line 53]
2008-08-18 17:48:12 Debug: Notice (8): Undefined index:  modified in [APP\views\your_tables\index.ctp, line 56]
2008-08-18 17:48:12 Debug: Notice (8): Undefined index:  id in [APP\views\your_tables\index.ctp, line 59]
2008-08-18 17:48:12 Debug: Notice (8): Undefined index:  id in [APP\views\your_tables\index.ctp, line 60]
2008-08-18 17:48:12 Debug: Notice (8): Undefined index:  id in [APP\views\your_tables\index.ctp, line 61]
2008-08-18 17:50:46 Debug: Notice (8): Undefined variable: uuid in [APP\models\behaviors\magic_fields_plus.php, line 97]
2008-08-18 17:50:46 Debug: Notice (8): Undefined variable: uuid in [APP\models\behaviors\magic_fields_plus.php, line 100]
2008-08-18 18:06:05 Debug: Notice (8): Undefined index:  m_accessed in [APP\models\behaviors\magic_fields_plus.php, line 65]
2008-08-18 18:06:05 Debug: Notice (8): Undefined index:  id in [APP\views\your_tables\index.ctp, line 32]
2008-08-18 18:06:05 Debug: Notice (8): Undefined index:  title in [APP\views\your_tables\index.ctp, line 35]
2008-08-18 18:06:05 Debug: Notice (8): Undefined index:  m_record_order in [APP\views\your_tables\index.ctp, line 41]
2008-08-18 18:06:05 Debug: Notice (8): Undefined index:  m_security in [APP\views\your_tables\index.ctp, line 44]
2008-08-18 18:06:05 Debug: Notice (8): Undefined index:  m_display_record in [APP\views\your_tables\index.ctp, line 47]
2008-08-18 18:06:05 Debug: Notice (8): Undefined index:  m_accessed in [APP\views\your_tables\index.ctp, line 50]
2008-08-18 18:06:06 Debug: Notice (8): Undefined index:  created in [APP\views\your_tables\index.ctp, line 53]
2008-08-18 18:06:06 Debug: Notice (8): Undefined index:  modified in [APP\views\your_tables\index.ctp, line 56]
2008-08-18 18:06:06 Debug: Notice (8): Undefined index:  id in [APP\views\your_tables\index.ctp, line 59]
2008-08-18 18:06:06 Debug: Notice (8): Undefined index:  id in [APP\views\your_tables\index.ctp, line 60]
2008-08-18 18:06:06 Debug: Notice (8): Undefined index:  id in [APP\views\your_tables\index.ctp, line 61]
2008-08-18 18:07:06 Debug: Notice (8): Undefined index:  m_accessed in [APP\models\behaviors\magic_fields_plus.php, line 65]
2008-08-18 18:07:07 Debug: Notice (8): Undefined index:  id in [APP\views\your_tables\index.ctp, line 32]
2008-08-18 18:07:07 Debug: Notice (8): Undefined index:  title in [APP\views\your_tables\index.ctp, line 35]
2008-08-18 18:07:07 Debug: Notice (8): Undefined index:  m_record_order in [APP\views\your_tables\index.ctp, line 41]
2008-08-18 18:07:07 Debug: Notice (8): Undefined index:  m_security in [APP\views\your_tables\index.ctp, line 44]
2008-08-18 18:07:07 Debug: Notice (8): Undefined index:  m_display_record in [APP\views\your_tables\index.ctp, line 47]
2008-08-18 18:07:07 Debug: Notice (8): Undefined index:  m_accessed in [APP\views\your_tables\index.ctp, line 50]
2008-08-18 18:07:07 Debug: Notice (8): Undefined index:  created in [APP\views\your_tables\index.ctp, line 53]
2008-08-18 18:07:07 Debug: Notice (8): Undefined index:  modified in [APP\views\your_tables\index.ctp, line 56]
2008-08-18 18:07:07 Debug: Notice (8): Undefined index:  id in [APP\views\your_tables\index.ctp, line 59]
2008-08-18 18:07:07 Debug: Notice (8): Undefined index:  id in [APP\views\your_tables\index.ctp, line 60]
2008-08-18 18:07:07 Debug: Notice (8): Undefined index:  id in [APP\views\your_tables\index.ctp, line 61]
2008-08-18 18:07:44 Debug: Notice (8): Undefined index:  m_accessed in [APP\models\behaviors\magic_fields_plus.php, line 65]
2008-08-18 18:07:44 Debug: Notice (8): Undefined index:  id in [APP\views\your_tables\index.ctp, line 32]
2008-08-18 18:07:44 Debug: Notice (8): Undefined index:  title in [APP\views\your_tables\index.ctp, line 35]
2008-08-18 18:07:44 Debug: Notice (8): Undefined index:  m_record_order in [APP\views\your_tables\index.ctp, line 41]
2008-08-18 18:07:44 Debug: Notice (8): Undefined index:  m_security in [APP\views\your_tables\index.ctp, line 44]
2008-08-18 18:07:44 Debug: Notice (8): Undefined index:  m_display_record in [APP\views\your_tables\index.ctp, line 47]
2008-08-18 18:07:44 Debug: Notice (8): Undefined index:  m_accessed in [APP\views\your_tables\index.ctp, line 50]
2008-08-18 18:07:44 Debug: Notice (8): Undefined index:  created in [APP\views\your_tables\index.ctp, line 53]
2008-08-18 18:07:44 Debug: Notice (8): Undefined index:  modified in [APP\views\your_tables\index.ctp, line 56]
2008-08-18 18:07:44 Debug: Notice (8): Undefined index:  id in [APP\views\your_tables\index.ctp, line 59]
2008-08-18 18:07:44 Debug: Notice (8): Undefined index:  id in [APP\views\your_tables\index.ctp, line 60]
2008-08-18 18:07:44 Debug: Notice (8): Undefined index:  id in [APP\views\your_tables\index.ctp, line 61]
2008-08-18 18:08:14 Debug: Notice (8): Undefined index:  m_accessed in [APP\models\behaviors\magic_fields_plus.php, line 65]
2008-08-18 18:08:14 Debug: Notice (8): Undefined index:  id in [APP\views\your_tables\index.ctp, line 32]
2008-08-18 18:08:14 Debug: Notice (8): Undefined index:  title in [APP\views\your_tables\index.ctp, line 35]
2008-08-18 18:08:14 Debug: Notice (8): Undefined index:  m_record_order in [APP\views\your_tables\index.ctp, line 41]
2008-08-18 18:08:14 Debug: Notice (8): Undefined index:  m_security in [APP\views\your_tables\index.ctp, line 44]
2008-08-18 18:08:14 Debug: Notice (8): Undefined index:  m_display_record in [APP\views\your_tables\index.ctp, line 47]
2008-08-18 18:08:14 Debug: Notice (8): Undefined index:  m_accessed in [APP\views\your_tables\index.ctp, line 50]
2008-08-18 18:08:14 Debug: Notice (8): Undefined index:  created in [APP\views\your_tables\index.ctp, line 53]
2008-08-18 18:08:14 Debug: Notice (8): Undefined index:  modified in [APP\views\your_tables\index.ctp, line 56]
2008-08-18 18:08:14 Debug: Notice (8): Undefined index:  id in [APP\views\your_tables\index.ctp, line 59]
2008-08-18 18:08:15 Debug: Notice (8): Undefined index:  id in [APP\views\your_tables\index.ctp, line 60]
2008-08-18 18:08:15 Debug: Notice (8): Undefined index:  id in [APP\views\your_tables\index.ctp, line 61]
2008-08-18 18:08:39 Debug: Notice (8): Undefined index:  m_accessed in [APP\models\behaviors\magic_fields_plus.php, line 65]
2008-08-18 18:08:39 Debug: Notice (8): Undefined index:  id in [APP\views\your_tables\index.ctp, line 32]
2008-08-18 18:08:39 Debug: Notice (8): Undefined index:  title in [APP\views\your_tables\index.ctp, line 35]
2008-08-18 18:08:39 Debug: Notice (8): Undefined index:  m_record_order in [APP\views\your_tables\index.ctp, line 41]
2008-08-18 18:08:39 Debug: Notice (8): Undefined index:  m_security in [APP\views\your_tables\index.ctp, line 44]
2008-08-18 18:08:39 Debug: Notice (8): Undefined index:  m_display_record in [APP\views\your_tables\index.ctp, line 47]
2008-08-18 18:08:39 Debug: Notice (8): Undefined index:  m_accessed in [APP\views\your_tables\index.ctp, line 50]
2008-08-18 18:08:39 Debug: Notice (8): Undefined index:  created in [APP\views\your_tables\index.ctp, line 53]
2008-08-18 18:08:39 Debug: Notice (8): Undefined index:  modified in [APP\views\your_tables\index.ctp, line 56]
2008-08-18 18:08:39 Debug: Notice (8): Undefined index:  id in [APP\views\your_tables\index.ctp, line 59]
2008-08-18 18:08:39 Debug: Notice (8): Undefined index:  id in [APP\views\your_tables\index.ctp, line 60]
2008-08-18 18:08:39 Debug: Notice (8): Undefined index:  id in [APP\views\your_tables\index.ctp, line 61]
2008-08-18 18:24:48 Debug: Notice (8): Undefined variable: uuid in [APP\models\behaviors\magic_fields_plus.php, line 96]
2008-08-18 18:24:48 Debug: Notice (8): Undefined variable: uuid in [APP\models\behaviors\magic_fields_plus.php, line 99]
2008-08-18 18:26:10 Debug: Notice (8): Undefined variable: uuid in [APP\models\behaviors\magic_fields_plus.php, line 96]
2008-08-18 18:26:10 Debug: Notice (8): Undefined variable: uuid in [APP\models\behaviors\magic_fields_plus.php, line 99]
2008-08-18 18:33:48 Debug: Notice (8): Undefined index:  m_accessed in [APP\models\behaviors\magic_fields_plus.php, line 68]
2008-08-18 18:33:48 Debug: Notice (8): Undefined index:  id in [APP\views\your_tables\index.ctp, line 32]
2008-08-18 18:33:48 Debug: Notice (8): Undefined index:  title in [APP\views\your_tables\index.ctp, line 35]
2008-08-18 18:33:48 Debug: Notice (8): Undefined index:  m_record_order in [APP\views\your_tables\index.ctp, line 41]
2008-08-18 18:33:48 Debug: Notice (8): Undefined index:  m_security in [APP\views\your_tables\index.ctp, line 44]
2008-08-18 18:33:48 Debug: Notice (8): Undefined index:  m_display_record in [APP\views\your_tables\index.ctp, line 47]
2008-08-18 18:33:48 Debug: Notice (8): Undefined index:  m_accessed in [APP\views\your_tables\index.ctp, line 50]
2008-08-18 18:33:48 Debug: Notice (8): Undefined index:  created in [APP\views\your_tables\index.ctp, line 53]
2008-08-18 18:33:48 Debug: Notice (8): Undefined index:  modified in [APP\views\your_tables\index.ctp, line 56]
2008-08-18 18:33:48 Debug: Notice (8): Undefined index:  id in [APP\views\your_tables\index.ctp, line 59]
2008-08-18 18:33:48 Debug: Notice (8): Undefined index:  id in [APP\views\your_tables\index.ctp, line 60]
2008-08-18 18:33:48 Debug: Notice (8): Undefined index:  id in [APP\views\your_tables\index.ctp, line 61]
2008-08-18 18:35:34 Debug: Notice (8): Undefined variable: uuid in [APP\models\behaviors\magic_fields_plus.php, line 106]
2008-08-18 18:35:34 Debug: Notice (8): Undefined variable: uuid in [APP\models\behaviors\magic_fields_plus.php, line 109]
2008-08-18 18:35:56 Debug: Notice (8): Undefined variable: uuid in [APP\models\behaviors\magic_fields_plus.php, line 106]
2008-08-18 18:35:56 Debug: Notice (8): Undefined variable: uuid in [APP\models\behaviors\magic_fields_plus.php, line 109]
2008-08-18 18:36:46 Debug: Notice (8): Undefined variable: uuid in [APP\models\behaviors\magic_fields_plus.php, line 106]
2008-08-18 18:36:46 Debug: Notice (8): Undefined variable: uuid in [APP\models\behaviors\magic_fields_plus.php, line 109]
