
2008-07-08 14:45:23 Warning: Warning (512): Method CacheHelper::read does not exist in [CORE\cake\libs\view\helper.php, line 148]
2008-07-08 14:45:43 Warning: Warning (512): Method CacheHelper::read does not exist in [CORE\cake\libs\view\helper.php, line 148]
2008-07-08 14:56:51 Warning: Warning (512): Method CacheHelper::read does not exist in [CORE\cake\libs\view\helper.php, line 148]
2008-07-08 14:58:44 Warning: Warning (512): Method CacheHelper::read does not exist in [CORE\cake\libs\view\helper.php, line 148]
2008-07-08 14:59:08 Warning: Warning (512): Method CacheHelper::read does not exist in [CORE\cake\libs\view\helper.php, line 148]
2008-07-08 15:10:53 Warning: Warning (2): Missing argument 1 for FormHelper::select(), called in C:\kai_stuff\working_files\websites\cake\__chapters__\twitter\app\tmp\cache\views\cake___chapters___twitter_twitterfish_testc_3.php on line 28 and defined in [CORE\cake\libs\view\helpers\form.php, line 1076]
2008-07-08 15:58:48 Warning: Warning (2): Cannot modify header information - headers already sent by (output started at C:\kai_stuff\working_files\websites\cake\__chapters__\twitter\cake\basics.php:111) in [CORE\cake\libs\controller\controller.php, line 577]
2008-07-09 10:45:38 Warning: Warning (2): curl_exec(): supplied argument is not a valid cURL handle resource in [APP\controllers\twitterfish_controller.php, line 215]
2008-07-09 10:45:38 Warning: Warning (2): curl_close(): supplied argument is not a valid cURL handle resource in [APP\controllers\twitterfish_controller.php, line 216]
2008-07-09 10:45:39 Warning: Warning (512): <span style = "color:Red;text-align:left"><b>SQL Error:</b> 1048: Column 't_text_translation' cannot be null</span> in [CORE\cake\libs\model\datasources\dbo_source.php, line 512]
2008-07-09 10:46:58 Warning: Warning (512): <span style = "color:Red;text-align:left"><b>SQL Error:</b> 1048: Column 't_text_translation' cannot be null</span> in [CORE\cake\libs\model\datasources\dbo_source.php, line 512]
2008-07-09 10:47:24 Warning: Warning (512): <span style = "color:Red;text-align:left"><b>SQL Error:</b> 1048: Column 't_text_translation' cannot be null</span> in [CORE\cake\libs\model\datasources\dbo_source.php, line 512]
2008-07-09 10:49:56 Warning: Warning (512): <span style = "color:Red;text-align:left"><b>SQL Error:</b> 1048: Column 't_text_translation' cannot be null</span> in [CORE\cake\libs\model\datasources\dbo_source.php, line 512]
2008-07-09 13:05:11 Warning: Warning (512): <span style = "color:Red;text-align:left"><b>SQL Error:</b> 1064: You have an error in your SQL syntax; check the manual that corresponds to your MySQL server version for the right syntax to use near 'bindTranslation' at line 1</span> in [CORE\cake\libs\model\datasources\dbo_source.php, line 512]
2008-07-09 13:05:41 Warning: Warning (512): <span style = "color:Red;text-align:left"><b>SQL Error:</b> 1064: You have an error in your SQL syntax; check the manual that corresponds to your MySQL server version for the right syntax to use near 'bindTranslation' at line 1</span> in [CORE\cake\libs\model\datasources\dbo_source.php, line 512]
2008-07-09 13:35:32 Warning: Warning (512): <span style = "color:Red;text-align:left"><b>SQL Error:</b> 1064: You have an error in your SQL syntax; check the manual that corresponds to your MySQL server version for the right syntax to use near 'bindTranslation' at line 1</span> in [CORE\cake\libs\model\datasources\dbo_source.php, line 512]
2008-07-09 13:36:13 Warning: Warning (512): <span style = "color:Red;text-align:left"><b>SQL Error:</b> 1064: You have an error in your SQL syntax; check the manual that corresponds to your MySQL server version for the right syntax to use near 'bindTranslation' at line 1</span> in [CORE\cake\libs\model\datasources\dbo_source.php, line 512]
2008-07-09 13:37:17 Warning: Warning (2): mysql_real_escape_string() expects parameter 1 to be string, object given in [CORE\cake\libs\model\datasources\dbo\dbo_mysql.php, line 247]
2008-07-09 13:37:17 Warning: Warning (512): <span style = "color:Red;text-align:left"><b>SQL Error:</b> 1064: You have an error in your SQL syntax; check the manual that corresponds to your MySQL server version for the right syntax to use near 'bindTranslation' at line 1</span> in [CORE\cake\libs\model\datasources\dbo_source.php, line 512]
2008-07-09 13:37:42 Warning: Warning (2): mysql_real_escape_string() expects parameter 1 to be string, object given in [CORE\cake\libs\model\datasources\dbo\dbo_mysql.php, line 247]
2008-07-09 13:37:42 Warning: Warning (512): <span style = "color:Red;text-align:left"><b>SQL Error:</b> 1064: You have an error in your SQL syntax; check the manual that corresponds to your MySQL server version for the right syntax to use near 'bindTranslation' at line 1</span> in [CORE\cake\libs\model\datasources\dbo_source.php, line 512]
2008-07-09 13:38:09 Warning: Warning (2): mysql_real_escape_string() expects parameter 1 to be string, object given in [CORE\cake\libs\model\datasources\dbo\dbo_mysql.php, line 247]
2008-07-09 13:38:09 Warning: Warning (512): <span style = "color:Red;text-align:left"><b>SQL Error:</b> 1064: You have an error in your SQL syntax; check the manual that corresponds to your MySQL server version for the right syntax to use near 'bindTranslation' at line 1</span> in [CORE\cake\libs\model\datasources\dbo_source.php, line 512]
2008-07-09 13:38:26 Warning: Warning (2): mysql_real_escape_string() expects parameter 1 to be string, object given in [CORE\cake\libs\model\datasources\dbo\dbo_mysql.php, line 247]
2008-07-09 13:38:26 Warning: Warning (512): <span style = "color:Red;text-align:left"><b>SQL Error:</b> 1064: You have an error in your SQL syntax; check the manual that corresponds to your MySQL server version for the right syntax to use near 'bindTranslation' at line 1</span> in [CORE\cake\libs\model\datasources\dbo_source.php, line 512]
2008-07-09 13:38:50 Warning: Warning (2): mysql_real_escape_string() expects parameter 1 to be string, object given in [CORE\cake\libs\model\datasources\dbo\dbo_mysql.php, line 247]
2008-07-09 13:38:50 Warning: Warning (512): <span style = "color:Red;text-align:left"><b>SQL Error:</b> 1064: You have an error in your SQL syntax; check the manual that corresponds to your MySQL server version for the right syntax to use near 'bindTranslation' at line 1</span> in [CORE\cake\libs\model\datasources\dbo_source.php, line 512]
2008-07-09 13:38:58 Warning: Warning (2): mysql_real_escape_string() expects parameter 1 to be string, object given in [CORE\cake\libs\model\datasources\dbo\dbo_mysql.php, line 247]
2008-07-09 13:38:58 Warning: Warning (512): <span style = "color:Red;text-align:left"><b>SQL Error:</b> 1064: You have an error in your SQL syntax; check the manual that corresponds to your MySQL server version for the right syntax to use near 'bindTranslation' at line 1</span> in [CORE\cake\libs\model\datasources\dbo_source.php, line 512]
2008-07-09 13:39:25 Warning: Warning (512): <span style = "color:Red;text-align:left"><b>SQL Error:</b> 1064: You have an error in your SQL syntax; check the manual that corresponds to your MySQL server version for the right syntax to use near 'bindTranslation' at line 1</span> in [CORE\cake\libs\model\datasources\dbo_source.php, line 512]
2008-07-09 13:39:42 Warning: Warning (512): <span style = "color:Red;text-align:left"><b>SQL Error:</b> 1064: You have an error in your SQL syntax; check the manual that corresponds to your MySQL server version for the right syntax to use near 'bindTranslation' at line 1</span> in [CORE\cake\libs\model\datasources\dbo_source.php, line 512]
2008-07-09 13:48:13 Warning: Warning (512): <span style = "color:Red;text-align:left"><b>SQL Error:</b> 1064: You have an error in your SQL syntax; check the manual that corresponds to your MySQL server version for the right syntax to use near 'bindTranslation' at line 1</span> in [CORE\cake\libs\model\datasources\dbo_source.php, line 512]
2008-07-09 13:48:41 Warning: Warning (512): <span style = "color:Red;text-align:left"><b>SQL Error:</b> 1064: You have an error in your SQL syntax; check the manual that corresponds to your MySQL server version for the right syntax to use near 'bindTranslation' at line 1</span> in [CORE\cake\libs\model\datasources\dbo_source.php, line 512]
2008-07-09 13:50:27 Warning: Warning (2): Illegal offset type in isset or empty in [CORE\cake\libs\model\behaviors\translate.php, line 399]
2008-07-09 13:50:27 Warning: Warning (2): Illegal offset type in [CORE\cake\libs\model\behaviors\translate.php, line 404]
2008-07-09 13:50:27 Warning: Warning (2): Illegal offset type in [CORE\cake\libs\model\model.php, line 483]
2008-07-09 14:35:59 Warning: Warning (2): Invalid argument supplied for foreach() in [CORE\cake\libs\object.php, line 271]
2008-07-09 14:36:58 Warning: Warning (2): Invalid argument supplied for foreach() in [CORE\cake\libs\object.php, line 271]
2008-07-09 14:38:34 Warning: Warning (2): Invalid argument supplied for foreach() in [CORE\cake\libs\object.php, line 271]
2008-07-10 00:43:37 Warning: Warning (2): array_map() [<a href='http://php.net/function.array-map'>function.array-map</a>]: Argument #2 should be an array in [CORE\cake\libs\view\helpers\rss.php, line 161]
2008-07-10 00:45:08 Warning: Warning (2): array_map() [<a href='http://php.net/function.array-map'>function.array-map</a>]: Argument #2 should be an array in [CORE\cake\libs\view\helpers\rss.php, line 161]
2008-07-10 00:45:14 Warning: Warning (2): array_map() [<a href='http://php.net/function.array-map'>function.array-map</a>]: Argument #2 should be an array in [CORE\cake\libs\view\helpers\rss.php, line 161]
2008-07-10 00:46:18 Warning: Warning (2): array_map() [<a href='http://php.net/function.array-map'>function.array-map</a>]: Argument #2 should be an array in [CORE\cake\libs\view\helpers\rss.php, line 161]
2008-07-10 01:24:27 Warning: Warning (2): Invalid argument supplied for foreach() in [APP\views\twittertwister\index.ctp, line 3]
2008-07-10 01:25:36 Warning: Warning (2): Invalid argument supplied for foreach() in [APP\views\twittertwister\view_archive.ctp, line 3]
2008-07-10 02:16:58 Warning: Warning (2): unlink(C:\kai_stuff\working_files\websites\cake\__chapters__\twitter\app\tmp\cache\persistent\cake_core_dir_map) [<a href='http://php.net/function.unlink'>function.unlink</a>]: Permission denied in [CORE\cake\libs\file.php, line 278]
2008-07-10 15:56:15 Warning: Warning (2): Missing argument 1 for Router::parse(), called in C:\kai_stuff\working_files\websites\cake\__chapters__\twitter\app\controllers\twittertwister_controller.php on line 73 and defined in [CORE\cake\libs\router.php, line 404]
2008-07-10 16:00:23 Warning: Warning (2): Cannot modify header information - headers already sent by (output started at C:\kai_stuff\working_files\websites\cake\__chapters__\twitter\cake\basics.php:303) in [CORE\cake\libs\controller\controller.php, line 577]
2008-07-11 21:43:18 Warning: Warning (512): <span style = "color:Red;text-align:left"><b>SQL Error:</b> 1146: Table 'cake_twitter_ch6.twitter_calls' doesn't exist</span> in [CORE\cake\libs\model\datasources\dbo_source.php, line 512]
2008-07-11 21:43:18 Warning: Warning (2): Invalid argument supplied for foreach() in [APP\views\twittertwister\view_archive.ctp, line 3]
2008-07-12 10:35:34 Warning: Warning (512): <span style = "color:Red;text-align:left"><b>SQL Error:</b> 1054: Unknown column 'Lang.google_lang_code' in 'field list'</span> in [CORE\cake\libs\model\datasources\dbo_source.php, line 512]
2008-07-12 10:35:34 Warning: Warning (2): Invalid argument supplied for foreach() in [APP\models\lang.php, line 22]
2008-07-14 17:28:16 Warning: Warning (512): <span style = "color:Red;text-align:left"><b>SQL Error:</b> 1054: Unknown column 'TwitterCall.call_time' in 'field list'</span> in [CORE\cake\libs\model\datasources\dbo_source.php, line 512]
2008-07-15 22:23:01 Warning: Warning (512): <span style = "color:Red;text-align:left"><b>SQL Error:</b> 1054: Unknown column 'TwitterStatus.twitter_request_id' in 'on clause'</span> in [CORE\cake\libs\model\datasources\dbo_source.php, line 512]
2008-07-15 22:23:01 Warning: Warning (512): <span style = "color:Red;text-align:left"><b>SQL Error:</b> 1054: Unknown column 'TwitterStatus.twitter_request_id' in 'on clause'</span> in [CORE\cake\libs\model\datasources\dbo_source.php, line 512]
2008-07-15 22:24:16 Warning: Warning (512): <span style = "color:Red;text-align:left"><b>SQL Error:</b> 1054: Unknown column 'TwitterStatus.twitter_call_id' in 'field list'</span> in [CORE\cake\libs\model\datasources\dbo_source.php, line 512]
2008-07-15 22:24:16 Warning: Warning (512): <span style = "color:Red;text-align:left"><b>SQL Error:</b> 1054: Unknown column 'TwitterStatus.twitter_call_id' in 'field list'</span> in [CORE\cake\libs\model\datasources\dbo_source.php, line 512]
2008-07-16 14:40:57 Warning: Warning (512): <span style = "color:Red;text-align:left"><b>SQL Error:</b> 1064: You have an error in your SQL syntax; check the manual that corresponds to your MySQL server version for the right syntax to use near ''lang_name','lang_code','google_lang_code') VALUES ('11','22','33')' at line 1</span> in [CORE\cake\libs\model\datasources\dbo_source.php, line 512]
2008-07-17 14:22:06 Warning: Warning (512): <span style = "color:Red;text-align:left"><b>SQL Error:</b> 1054: Unknown column 'TwitterRequest.id' in 'where clause'</span> in [CORE\cake\libs\model\datasources\dbo_source.php, line 512]
2008-07-17 14:22:07 Warning: Warning (512): <span style = "color:Red;text-align:left"><b>SQL Error:</b> 1054: Unknown column 'TwitterRequest.id' in 'where clause'</span> in [CORE\cake\libs\model\datasources\dbo_source.php, line 512]
2008-09-05 14:24:03 Warning: Warning (2): Invalid argument supplied for foreach() in [APP\controllers\twittertwister_controller.php, line 382]
2008-09-05 15:05:52 Warning: Warning (2): Invalid argument supplied for foreach() in [CORE\cake\libs\object.php, line 265]
2008-09-05 15:05:52 Warning: Warning (2): Invalid argument supplied for foreach() in [CORE\cake\libs\object.php, line 270]
2008-09-05 15:06:09 Warning: Warning (2): Invalid argument supplied for foreach() in [CORE\cake\libs\object.php, line 265]
2008-09-05 15:06:09 Warning: Warning (2): Invalid argument supplied for foreach() in [CORE\cake\libs\object.php, line 270]
2008-09-05 15:07:26 Warning: Warning (2): Invalid argument supplied for foreach() in [CORE\cake\libs\object.php, line 265]
2008-09-05 15:07:26 Warning: Warning (2): Invalid argument supplied for foreach() in [CORE\cake\libs\object.php, line 270]
2008-09-05 15:07:54 Warning: Warning (2): Invalid argument supplied for foreach() in [CORE\cake\libs\object.php, line 265]
2008-09-05 15:07:54 Warning: Warning (2): Invalid argument supplied for foreach() in [CORE\cake\libs\object.php, line 270]
2008-09-05 15:08:53 Warning: Warning (2): Invalid argument supplied for foreach() in [CORE\cake\libs\object.php, line 265]
2008-09-05 15:08:53 Warning: Warning (2): Invalid argument supplied for foreach() in [CORE\cake\libs\object.php, line 270]
2008-09-05 15:25:19 Warning: Warning (2): unlink(C:\kai_stuff\working_files\websites\cake\__chapters__\twitter\app\tmp\cache\persistent\cake_core_core_paths) [<a href='http://php.net/function.unlink'>function.unlink</a>]: Permission denied in [CORE\cake\libs\file.php, line 278]
2008-09-05 15:25:27 Warning: Warning (2): unlink(C:\kai_stuff\working_files\websites\cake\__chapters__\twitter\app\tmp\cache\cake_getLang) [<a href='http://php.net/function.unlink'>function.unlink</a>]: Permission denied in [CORE\cake\libs\file.php, line 278]
2008-09-05 17:00:09 Warning: Warning (2): preg_split() [<a href='http://php.net/function.preg-split'>function.preg-split</a>]: Compilation failed: lookbehind assertion is not fixed length at offset 9 in [CORE\cake\libs\http_socket.php, line 861]
2008-09-05 17:00:09 Warning: Warning (2): array_shift() [<a href='http://php.net/function.array-shift'>function.array-shift</a>]: The argument should be an array in [CORE\cake\libs\http_socket.php, line 862]
2008-09-05 17:00:09 Warning: Warning (2): Invalid argument supplied for foreach() in [CORE\cake\libs\http_socket.php, line 864]
2008-09-05 17:02:32 Warning: Warning (2): preg_split() [<a href='http://php.net/function.preg-split'>function.preg-split</a>]: Compilation failed: lookbehind assertion is not fixed length at offset 9 in [CORE\cake\libs\http_socket.php, line 861]
2008-09-05 17:02:32 Warning: Warning (2): array_shift() [<a href='http://php.net/function.array-shift'>function.array-shift</a>]: The argument should be an array in [CORE\cake\libs\http_socket.php, line 862]
2008-09-05 17:02:32 Warning: Warning (2): Invalid argument supplied for foreach() in [CORE\cake\libs\http_socket.php, line 864]
2008-09-05 17:08:33 Warning: Warning (2): preg_split() [<a href='http://php.net/function.preg-split'>function.preg-split</a>]: Compilation failed: lookbehind assertion is not fixed length at offset 9 in [CORE\cake\libs\http_socket.php, line 861]
2008-09-05 17:08:33 Warning: Warning (2): array_shift() [<a href='http://php.net/function.array-shift'>function.array-shift</a>]: The argument should be an array in [CORE\cake\libs\http_socket.php, line 862]
2008-09-05 17:08:33 Warning: Warning (2): Invalid argument supplied for foreach() in [CORE\cake\libs\http_socket.php, line 864]
2008-09-05 18:50:52 Warning: Warning (2): preg_split() [<a href='http://php.net/function.preg-split'>function.preg-split</a>]: Compilation failed: lookbehind assertion is not fixed length at offset 9 in [CORE\cake\libs\http_socket.php, line 861]
2008-09-05 18:50:52 Warning: Warning (2): array_shift() [<a href='http://php.net/function.array-shift'>function.array-shift</a>]: The argument should be an array in [CORE\cake\libs\http_socket.php, line 862]
2008-09-05 18:50:52 Warning: Warning (2): Invalid argument supplied for foreach() in [CORE\cake\libs\http_socket.php, line 864]
2008-09-05 18:51:04 Warning: Warning (2): preg_split() [<a href='http://php.net/function.preg-split'>function.preg-split</a>]: Compilation failed: lookbehind assertion is not fixed length at offset 9 in [CORE\cake\libs\http_socket.php, line 861]
2008-09-05 18:51:04 Warning: Warning (2): array_shift() [<a href='http://php.net/function.array-shift'>function.array-shift</a>]: The argument should be an array in [CORE\cake\libs\http_socket.php, line 862]
2008-09-05 18:51:04 Warning: Warning (2): Invalid argument supplied for foreach() in [CORE\cake\libs\http_socket.php, line 864]
2008-09-05 19:24:56 Warning: Warning (2): Invalid argument supplied for foreach() in [CORE\cake\libs\object.php, line 271]
2008-09-06 15:53:11 Warning: Warning (2): preg_split() [<a href='http://php.net/function.preg-split'>function.preg-split</a>]: Compilation failed: lookbehind assertion is not fixed length at offset 9 in [CORE\cake\libs\http_socket.php, line 861]
2008-09-06 15:53:11 Warning: Warning (2): array_shift() [<a href='http://php.net/function.array-shift'>function.array-shift</a>]: The argument should be an array in [CORE\cake\libs\http_socket.php, line 862]
2008-09-06 15:53:12 Warning: Warning (2): Invalid argument supplied for foreach() in [CORE\cake\libs\http_socket.php, line 864]
2008-09-06 15:53:14 Warning: Warning (2): preg_split() [<a href='http://php.net/function.preg-split'>function.preg-split</a>]: Compilation failed: lookbehind assertion is not fixed length at offset 9 in [CORE\cake\libs\http_socket.php, line 861]
2008-09-06 15:53:14 Warning: Warning (2): array_shift() [<a href='http://php.net/function.array-shift'>function.array-shift</a>]: The argument should be an array in [CORE\cake\libs\http_socket.php, line 862]
2008-09-06 15:53:14 Warning: Warning (2): Invalid argument supplied for foreach() in [CORE\cake\libs\http_socket.php, line 864]
2008-09-06 15:54:33 Warning: Warning (2): preg_split() [<a href='http://php.net/function.preg-split'>function.preg-split</a>]: Compilation failed: lookbehind assertion is not fixed length at offset 9 in [CORE\cake\libs\http_socket.php, line 861]
2008-09-06 15:54:33 Warning: Warning (2): array_shift() [<a href='http://php.net/function.array-shift'>function.array-shift</a>]: The argument should be an array in [CORE\cake\libs\http_socket.php, line 862]
2008-09-06 15:54:33 Warning: Warning (2): Invalid argument supplied for foreach() in [CORE\cake\libs\http_socket.php, line 864]
2008-09-06 16:02:04 Warning: Warning (2): Cannot modify header information - headers already sent by (output started at C:\kai_stuff\working_files\websites\cake\__chapters__\twitter\cake\basics.php:111) in [CORE\cake\libs\controller\controller.php, line 577]
2008-09-07 15:19:02 Warning: Warning (512): <span style = "color:Red;text-align:left"><b>SQL Error:</b> 1064: You have an error in your SQL syntax; check the manual that corresponds to your MySQL server version for the right syntax to use near '' at line 1</span> in [CORE\cake\libs\model\datasources\dbo_source.php, line 512]
2008-09-07 15:19:02 Warning: Warning (2): Invalid argument supplied for foreach() in [CORE\cake\libs\model\datasources\dbo\dbo_mysql.php, line 192]
2008-09-07 15:19:32 Warning: Warning (512): <span style = "color:Red;text-align:left"><b>SQL Error:</b> 1064: You have an error in your SQL syntax; check the manual that corresponds to your MySQL server version for the right syntax to use near '' at line 1</span> in [CORE\cake\libs\model\datasources\dbo_source.php, line 512]
2008-09-07 15:19:32 Warning: Warning (2): Invalid argument supplied for foreach() in [CORE\cake\libs\model\datasources\dbo\dbo_mysql.php, line 192]
2008-09-07 15:23:15 Warning: Warning (512): <span style = "color:Red;text-align:left"><b>SQL Error:</b> 1064: You have an error in your SQL syntax; check the manual that corresponds to your MySQL server version for the right syntax to use near '' at line 1</span> in [CORE\cake\libs\model\datasources\dbo_source.php, line 512]
2008-09-07 15:23:15 Warning: Warning (2): Invalid argument supplied for foreach() in [CORE\cake\libs\model\datasources\dbo\dbo_mysql.php, line 192]
2008-09-07 15:26:30 Warning: Warning (2): preg_split() [<a href='http://php.net/function.preg-split'>function.preg-split</a>]: Compilation failed: lookbehind assertion is not fixed length at offset 9 in [CORE\cake\libs\http_socket.php, line 861]
2008-09-07 15:26:30 Warning: Warning (2): array_shift() [<a href='http://php.net/function.array-shift'>function.array-shift</a>]: The argument should be an array in [CORE\cake\libs\http_socket.php, line 862]
2008-09-07 15:26:30 Warning: Warning (2): Invalid argument supplied for foreach() in [CORE\cake\libs\http_socket.php, line 864]
2008-09-07 15:26:32 Warning: Warning (2): preg_split() [<a href='http://php.net/function.preg-split'>function.preg-split</a>]: Compilation failed: lookbehind assertion is not fixed length at offset 9 in [CORE\cake\libs\http_socket.php, line 861]
2008-09-07 15:26:32 Warning: Warning (2): array_shift() [<a href='http://php.net/function.array-shift'>function.array-shift</a>]: The argument should be an array in [CORE\cake\libs\http_socket.php, line 862]
2008-09-07 15:26:32 Warning: Warning (2): Invalid argument supplied for foreach() in [CORE\cake\libs\http_socket.php, line 864]
2008-09-07 15:27:22 Warning: Warning (2): preg_split() [<a href='http://php.net/function.preg-split'>function.preg-split</a>]: Compilation failed: lookbehind assertion is not fixed length at offset 9 in [CORE\cake\libs\http_socket.php, line 861]
2008-09-07 15:27:22 Warning: Warning (2): array_shift() [<a href='http://php.net/function.array-shift'>function.array-shift</a>]: The argument should be an array in [CORE\cake\libs\http_socket.php, line 862]
2008-09-07 15:27:22 Warning: Warning (2): Invalid argument supplied for foreach() in [CORE\cake\libs\http_socket.php, line 864]
2008-09-07 15:27:39 Warning: Warning (2): preg_split() [<a href='http://php.net/function.preg-split'>function.preg-split</a>]: Compilation failed: lookbehind assertion is not fixed length at offset 9 in [CORE\cake\libs\http_socket.php, line 861]
2008-09-07 15:27:39 Warning: Warning (2): array_shift() [<a href='http://php.net/function.array-shift'>function.array-shift</a>]: The argument should be an array in [CORE\cake\libs\http_socket.php, line 862]
2008-09-07 15:27:39 Warning: Warning (2): Invalid argument supplied for foreach() in [CORE\cake\libs\http_socket.php, line 864]
2008-09-07 18:10:40 Warning: Warning (2): preg_split() [<a href='http://php.net/function.preg-split'>function.preg-split</a>]: Compilation failed: lookbehind assertion is not fixed length at offset 9 in [CORE\cake\libs\http_socket.php, line 861]
2008-09-07 18:10:40 Warning: Warning (2): array_shift() [<a href='http://php.net/function.array-shift'>function.array-shift</a>]: The argument should be an array in [CORE\cake\libs\http_socket.php, line 862]
2008-09-07 18:10:40 Warning: Warning (2): Invalid argument supplied for foreach() in [CORE\cake\libs\http_socket.php, line 864]
2008-09-07 18:11:42 Warning: Warning (2): preg_split() [<a href='http://php.net/function.preg-split'>function.preg-split</a>]: Compilation failed: lookbehind assertion is not fixed length at offset 9 in [CORE\cake\libs\http_socket.php, line 861]
2008-09-07 18:11:42 Warning: Warning (2): array_shift() [<a href='http://php.net/function.array-shift'>function.array-shift</a>]: The argument should be an array in [CORE\cake\libs\http_socket.php, line 862]
2008-09-07 18:11:42 Warning: Warning (2): Invalid argument supplied for foreach() in [CORE\cake\libs\http_socket.php, line 864]
2008-09-07 18:11:49 Warning: Warning (2): preg_split() [<a href='http://php.net/function.preg-split'>function.preg-split</a>]: Compilation failed: lookbehind assertion is not fixed length at offset 9 in [CORE\cake\libs\http_socket.php, line 861]
2008-09-07 18:11:49 Warning: Warning (2): array_shift() [<a href='http://php.net/function.array-shift'>function.array-shift</a>]: The argument should be an array in [CORE\cake\libs\http_socket.php, line 862]
2008-09-07 18:11:49 Warning: Warning (2): Invalid argument supplied for foreach() in [CORE\cake\libs\http_socket.php, line 864]
2008-09-07 18:12:18 Warning: Warning (2): preg_split() [<a href='http://php.net/function.preg-split'>function.preg-split</a>]: Compilation failed: lookbehind assertion is not fixed length at offset 9 in [CORE\cake\libs\http_socket.php, line 861]
2008-09-07 18:12:18 Warning: Warning (2): array_shift() [<a href='http://php.net/function.array-shift'>function.array-shift</a>]: The argument should be an array in [CORE\cake\libs\http_socket.php, line 862]
2008-09-07 18:12:18 Warning: Warning (2): Invalid argument supplied for foreach() in [CORE\cake\libs\http_socket.php, line 864]
2008-09-07 18:12:34 Warning: Warning (2): preg_split() [<a href='http://php.net/function.preg-split'>function.preg-split</a>]: Compilation failed: lookbehind assertion is not fixed length at offset 9 in [CORE\cake\libs\http_socket.php, line 861]
2008-09-07 18:12:34 Warning: Warning (2): array_shift() [<a href='http://php.net/function.array-shift'>function.array-shift</a>]: The argument should be an array in [CORE\cake\libs\http_socket.php, line 862]
2008-09-07 18:12:34 Warning: Warning (2): Invalid argument supplied for foreach() in [CORE\cake\libs\http_socket.php, line 864]
2008-09-07 18:12:35 Warning: Warning (2): Invalid argument supplied for foreach() in [APP\models\twitter_status.php, line 77]
2008-09-07 18:12:50 Warning: Warning (2): preg_split() [<a href='http://php.net/function.preg-split'>function.preg-split</a>]: Compilation failed: lookbehind assertion is not fixed length at offset 9 in [CORE\cake\libs\http_socket.php, line 861]
2008-09-07 18:12:50 Warning: Warning (2): array_shift() [<a href='http://php.net/function.array-shift'>function.array-shift</a>]: The argument should be an array in [CORE\cake\libs\http_socket.php, line 862]
2008-09-07 18:12:50 Warning: Warning (2): Invalid argument supplied for foreach() in [CORE\cake\libs\http_socket.php, line 864]
2008-09-07 18:12:50 Warning: Warning (2): Invalid argument supplied for foreach() in [APP\models\twitter_status.php, line 77]
2008-09-07 18:13:03 Warning: Warning (2): preg_split() [<a href='http://php.net/function.preg-split'>function.preg-split</a>]: Compilation failed: lookbehind assertion is not fixed length at offset 9 in [CORE\cake\libs\http_socket.php, line 861]
2008-09-07 18:13:04 Warning: Warning (2): array_shift() [<a href='http://php.net/function.array-shift'>function.array-shift</a>]: The argument should be an array in [CORE\cake\libs\http_socket.php, line 862]
2008-09-07 18:13:04 Warning: Warning (2): Invalid argument supplied for foreach() in [CORE\cake\libs\http_socket.php, line 864]
2008-09-07 18:13:04 Warning: Warning (2): Invalid argument supplied for foreach() in [APP\models\twitter_status.php, line 77]
2008-09-07 18:13:21 Warning: Warning (2): preg_split() [<a href='http://php.net/function.preg-split'>function.preg-split</a>]: Compilation failed: lookbehind assertion is not fixed length at offset 9 in [CORE\cake\libs\http_socket.php, line 861]
2008-09-07 18:13:21 Warning: Warning (2): array_shift() [<a href='http://php.net/function.array-shift'>function.array-shift</a>]: The argument should be an array in [CORE\cake\libs\http_socket.php, line 862]
2008-09-07 18:13:21 Warning: Warning (2): Invalid argument supplied for foreach() in [CORE\cake\libs\http_socket.php, line 864]
2008-09-07 18:13:37 Warning: Warning (2): preg_split() [<a href='http://php.net/function.preg-split'>function.preg-split</a>]: Compilation failed: lookbehind assertion is not fixed length at offset 9 in [CORE\cake\libs\http_socket.php, line 861]
2008-09-07 18:13:37 Warning: Warning (2): array_shift() [<a href='http://php.net/function.array-shift'>function.array-shift</a>]: The argument should be an array in [CORE\cake\libs\http_socket.php, line 862]
2008-09-07 18:13:37 Warning: Warning (2): Invalid argument supplied for foreach() in [CORE\cake\libs\http_socket.php, line 864]
2008-09-07 18:16:30 Warning: Warning (2): preg_split() [<a href='http://php.net/function.preg-split'>function.preg-split</a>]: Compilation failed: lookbehind assertion is not fixed length at offset 9 in [CORE\cake\libs\http_socket.php, line 861]
2008-09-07 18:16:30 Warning: Warning (2): array_shift() [<a href='http://php.net/function.array-shift'>function.array-shift</a>]: The argument should be an array in [CORE\cake\libs\http_socket.php, line 862]
2008-09-07 18:16:30 Warning: Warning (2): Invalid argument supplied for foreach() in [CORE\cake\libs\http_socket.php, line 864]
2008-09-07 18:17:15 Warning: Warning (2): preg_split() [<a href='http://php.net/function.preg-split'>function.preg-split</a>]: Compilation failed: lookbehind assertion is not fixed length at offset 9 in [CORE\cake\libs\http_socket.php, line 861]
2008-09-07 18:17:15 Warning: Warning (2): array_shift() [<a href='http://php.net/function.array-shift'>function.array-shift</a>]: The argument should be an array in [CORE\cake\libs\http_socket.php, line 862]
2008-09-07 18:17:15 Warning: Warning (2): Invalid argument supplied for foreach() in [CORE\cake\libs\http_socket.php, line 864]
2008-09-07 18:17:15 Warning: Warning (512): <span style = "color:Red;text-align:left"><b>SQL Error:</b> 1048: Column 't_in_reply_to_status_id' cannot be null</span> in [CORE\cake\libs\model\datasources\dbo_source.php, line 512]
2008-09-07 18:17:15 Warning: Warning (512): <span style = "color:Red;text-align:left"><b>SQL Error:</b> 1048: Column 't_user_description' cannot be null</span> in [CORE\cake\libs\model\datasources\dbo_source.php, line 512]
2008-09-07 18:17:15 Warning: Warning (512): <span style = "color:Red;text-align:left"><b>SQL Error:</b> 1048: Column 't_user_location' cannot be null</span> in [CORE\cake\libs\model\datasources\dbo_source.php, line 512]
2008-09-07 18:18:17 Warning: Warning (2): preg_split() [<a href='http://php.net/function.preg-split'>function.preg-split</a>]: Compilation failed: lookbehind assertion is not fixed length at offset 9 in [CORE\cake\libs\http_socket.php, line 861]
2008-09-07 18:18:17 Warning: Warning (2): array_shift() [<a href='http://php.net/function.array-shift'>function.array-shift</a>]: The argument should be an array in [CORE\cake\libs\http_socket.php, line 862]
2008-09-07 18:18:17 Warning: Warning (2): Invalid argument supplied for foreach() in [CORE\cake\libs\http_socket.php, line 864]
2008-09-07 18:18:17 Warning: Warning (512): <span style = "color:Red;text-align:left"><b>SQL Error:</b> 1048: Column 't_in_reply_to_status_id' cannot be null</span> in [CORE\cake\libs\model\datasources\dbo_source.php, line 512]
2008-09-07 18:18:17 Warning: Warning (512): <span style = "color:Red;text-align:left"><b>SQL Error:</b> 1048: Column 't_user_location' cannot be null</span> in [CORE\cake\libs\model\datasources\dbo_source.php, line 512]
2008-09-07 18:18:17 Warning: Warning (512): <span style = "color:Red;text-align:left"><b>SQL Error:</b> 1048: Column 't_user_url' cannot be null</span> in [CORE\cake\libs\model\datasources\dbo_source.php, line 512]
2008-09-07 18:19:19 Warning: Warning (2): preg_split() [<a href='http://php.net/function.preg-split'>function.preg-split</a>]: Compilation failed: lookbehind assertion is not fixed length at offset 9 in [CORE\cake\libs\http_socket.php, line 861]
2008-09-07 18:19:19 Warning: Warning (2): array_shift() [<a href='http://php.net/function.array-shift'>function.array-shift</a>]: The argument should be an array in [CORE\cake\libs\http_socket.php, line 862]
2008-09-07 18:19:19 Warning: Warning (2): Invalid argument supplied for foreach() in [CORE\cake\libs\http_socket.php, line 864]
2008-09-07 18:19:19 Warning: Warning (512): <span style = "color:Red;text-align:left"><b>SQL Error:</b> 1048: Column 't_in_reply_to_status_id' cannot be null</span> in [CORE\cake\libs\model\datasources\dbo_source.php, line 512]
2008-09-07 18:19:19 Warning: Warning (512): <span style = "color:Red;text-align:left"><b>SQL Error:</b> 1048: Column 't_user_url' cannot be null</span> in [CORE\cake\libs\model\datasources\dbo_source.php, line 512]
2008-09-07 18:20:20 Warning: Warning (2): preg_split() [<a href='http://php.net/function.preg-split'>function.preg-split</a>]: Compilation failed: lookbehind assertion is not fixed length at offset 9 in [CORE\cake\libs\http_socket.php, line 861]
2008-09-07 18:20:20 Warning: Warning (2): array_shift() [<a href='http://php.net/function.array-shift'>function.array-shift</a>]: The argument should be an array in [CORE\cake\libs\http_socket.php, line 862]
2008-09-07 18:20:21 Warning: Warning (2): Invalid argument supplied for foreach() in [CORE\cake\libs\http_socket.php, line 864]
2008-09-07 18:20:21 Warning: Warning (512): <span style = "color:Red;text-align:left"><b>SQL Error:</b> 1048: Column 't_user_url' cannot be null</span> in [CORE\cake\libs\model\datasources\dbo_source.php, line 512]
2008-09-07 18:20:21 Warning: Warning (512): <span style = "color:Red;text-align:left"><b>SQL Error:</b> 1048: Column 't_in_reply_to_status_id' cannot be null</span> in [CORE\cake\libs\model\datasources\dbo_source.php, line 512]
2008-09-07 18:20:21 Warning: Warning (512): <span style = "color:Red;text-align:left"><b>SQL Error:</b> 1048: Column 't_user_location' cannot be null</span> in [CORE\cake\libs\model\datasources\dbo_source.php, line 512]
2008-09-07 18:21:23 Warning: Warning (2): preg_split() [<a href='http://php.net/function.preg-split'>function.preg-split</a>]: Compilation failed: lookbehind assertion is not fixed length at offset 9 in [CORE\cake\libs\http_socket.php, line 861]
2008-09-07 18:21:23 Warning: Warning (2): array_shift() [<a href='http://php.net/function.array-shift'>function.array-shift</a>]: The argument should be an array in [CORE\cake\libs\http_socket.php, line 862]
2008-09-07 18:21:23 Warning: Warning (2): Invalid argument supplied for foreach() in [CORE\cake\libs\http_socket.php, line 864]
2008-09-07 18:22:25 Warning: Warning (2): preg_split() [<a href='http://php.net/function.preg-split'>function.preg-split</a>]: Compilation failed: lookbehind assertion is not fixed length at offset 9 in [CORE\cake\libs\http_socket.php, line 861]
2008-09-07 18:22:25 Warning: Warning (2): array_shift() [<a href='http://php.net/function.array-shift'>function.array-shift</a>]: The argument should be an array in [CORE\cake\libs\http_socket.php, line 862]
2008-09-07 18:22:25 Warning: Warning (2): Invalid argument supplied for foreach() in [CORE\cake\libs\http_socket.php, line 864]
2008-09-07 18:23:27 Warning: Warning (2): preg_split() [<a href='http://php.net/function.preg-split'>function.preg-split</a>]: Compilation failed: lookbehind assertion is not fixed length at offset 9 in [CORE\cake\libs\http_socket.php, line 861]
2008-09-07 18:23:27 Warning: Warning (2): array_shift() [<a href='http://php.net/function.array-shift'>function.array-shift</a>]: The argument should be an array in [CORE\cake\libs\http_socket.php, line 862]
2008-09-07 18:23:27 Warning: Warning (2): Invalid argument supplied for foreach() in [CORE\cake\libs\http_socket.php, line 864]
2008-09-07 18:23:35 Warning: Warning (2): preg_split() [<a href='http://php.net/function.preg-split'>function.preg-split</a>]: Compilation failed: lookbehind assertion is not fixed length at offset 9 in [CORE\cake\libs\http_socket.php, line 861]
2008-09-07 18:23:35 Warning: Warning (2): array_shift() [<a href='http://php.net/function.array-shift'>function.array-shift</a>]: The argument should be an array in [CORE\cake\libs\http_socket.php, line 862]
2008-09-07 18:23:35 Warning: Warning (2): Invalid argument supplied for foreach() in [CORE\cake\libs\http_socket.php, line 864]
2008-09-07 18:24:37 Warning: Warning (2): preg_split() [<a href='http://php.net/function.preg-split'>function.preg-split</a>]: Compilation failed: lookbehind assertion is not fixed length at offset 9 in [CORE\cake\libs\http_socket.php, line 861]
2008-09-07 18:24:37 Warning: Warning (2): array_shift() [<a href='http://php.net/function.array-shift'>function.array-shift</a>]: The argument should be an array in [CORE\cake\libs\http_socket.php, line 862]
2008-09-07 18:24:37 Warning: Warning (2): Invalid argument supplied for foreach() in [CORE\cake\libs\http_socket.php, line 864]
2008-09-07 18:25:39 Warning: Warning (2): preg_split() [<a href='http://php.net/function.preg-split'>function.preg-split</a>]: Compilation failed: lookbehind assertion is not fixed length at offset 9 in [CORE\cake\libs\http_socket.php, line 861]
2008-09-07 18:25:39 Warning: Warning (2): array_shift() [<a href='http://php.net/function.array-shift'>function.array-shift</a>]: The argument should be an array in [CORE\cake\libs\http_socket.php, line 862]
2008-09-07 18:25:39 Warning: Warning (2): Invalid argument supplied for foreach() in [CORE\cake\libs\http_socket.php, line 864]
2008-09-07 18:26:41 Warning: Warning (2): preg_split() [<a href='http://php.net/function.preg-split'>function.preg-split</a>]: Compilation failed: lookbehind assertion is not fixed length at offset 9 in [CORE\cake\libs\http_socket.php, line 861]
2008-09-07 18:26:41 Warning: Warning (2): array_shift() [<a href='http://php.net/function.array-shift'>function.array-shift</a>]: The argument should be an array in [CORE\cake\libs\http_socket.php, line 862]
2008-09-07 18:26:41 Warning: Warning (2): Invalid argument supplied for foreach() in [CORE\cake\libs\http_socket.php, line 864]
2008-09-07 18:27:43 Warning: Warning (2): preg_split() [<a href='http://php.net/function.preg-split'>function.preg-split</a>]: Compilation failed: lookbehind assertion is not fixed length at offset 9 in [CORE\cake\libs\http_socket.php, line 861]
2008-09-07 18:27:43 Warning: Warning (2): array_shift() [<a href='http://php.net/function.array-shift'>function.array-shift</a>]: The argument should be an array in [CORE\cake\libs\http_socket.php, line 862]
2008-09-07 18:27:44 Warning: Warning (2): Invalid argument supplied for foreach() in [CORE\cake\libs\http_socket.php, line 864]
2008-09-07 18:28:45 Warning: Warning (2): preg_split() [<a href='http://php.net/function.preg-split'>function.preg-split</a>]: Compilation failed: lookbehind assertion is not fixed length at offset 9 in [CORE\cake\libs\http_socket.php, line 861]
2008-09-07 18:28:45 Warning: Warning (2): array_shift() [<a href='http://php.net/function.array-shift'>function.array-shift</a>]: The argument should be an array in [CORE\cake\libs\http_socket.php, line 862]
2008-09-07 18:28:46 Warning: Warning (2): Invalid argument supplied for foreach() in [CORE\cake\libs\http_socket.php, line 864]
2008-09-07 18:29:48 Warning: Warning (2): preg_split() [<a href='http://php.net/function.preg-split'>function.preg-split</a>]: Compilation failed: lookbehind assertion is not fixed length at offset 9 in [CORE\cake\libs\http_socket.php, line 861]
2008-09-07 18:29:48 Warning: Warning (2): array_shift() [<a href='http://php.net/function.array-shift'>function.array-shift</a>]: The argument should be an array in [CORE\cake\libs\http_socket.php, line 862]
2008-09-07 18:29:48 Warning: Warning (2): Invalid argument supplied for foreach() in [CORE\cake\libs\http_socket.php, line 864]
2008-09-07 18:30:50 Warning: Warning (2): preg_split() [<a href='http://php.net/function.preg-split'>function.preg-split</a>]: Compilation failed: lookbehind assertion is not fixed length at offset 9 in [CORE\cake\libs\http_socket.php, line 861]
2008-09-07 18:30:50 Warning: Warning (2): array_shift() [<a href='http://php.net/function.array-shift'>function.array-shift</a>]: The argument should be an array in [CORE\cake\libs\http_socket.php, line 862]
2008-09-07 18:30:50 Warning: Warning (2): Invalid argument supplied for foreach() in [CORE\cake\libs\http_socket.php, line 864]
2008-09-07 18:31:51 Warning: Warning (2): preg_split() [<a href='http://php.net/function.preg-split'>function.preg-split</a>]: Compilation failed: lookbehind assertion is not fixed length at offset 9 in [CORE\cake\libs\http_socket.php, line 861]
2008-09-07 18:31:51 Warning: Warning (2): array_shift() [<a href='http://php.net/function.array-shift'>function.array-shift</a>]: The argument should be an array in [CORE\cake\libs\http_socket.php, line 862]
2008-09-07 18:31:51 Warning: Warning (2): Invalid argument supplied for foreach() in [CORE\cake\libs\http_socket.php, line 864]
2008-09-07 18:32:53 Warning: Warning (2): preg_split() [<a href='http://php.net/function.preg-split'>function.preg-split</a>]: Compilation failed: lookbehind assertion is not fixed length at offset 9 in [CORE\cake\libs\http_socket.php, line 861]
2008-09-07 18:32:53 Warning: Warning (2): array_shift() [<a href='http://php.net/function.array-shift'>function.array-shift</a>]: The argument should be an array in [CORE\cake\libs\http_socket.php, line 862]
2008-09-07 18:32:53 Warning: Warning (2): Invalid argument supplied for foreach() in [CORE\cake\libs\http_socket.php, line 864]
2008-09-07 18:33:55 Warning: Warning (2): preg_split() [<a href='http://php.net/function.preg-split'>function.preg-split</a>]: Compilation failed: lookbehind assertion is not fixed length at offset 9 in [CORE\cake\libs\http_socket.php, line 861]
2008-09-07 18:33:55 Warning: Warning (2): array_shift() [<a href='http://php.net/function.array-shift'>function.array-shift</a>]: The argument should be an array in [CORE\cake\libs\http_socket.php, line 862]
2008-09-07 18:33:55 Warning: Warning (2): Invalid argument supplied for foreach() in [CORE\cake\libs\http_socket.php, line 864]
2008-09-07 18:34:57 Warning: Warning (2): preg_split() [<a href='http://php.net/function.preg-split'>function.preg-split</a>]: Compilation failed: lookbehind assertion is not fixed length at offset 9 in [CORE\cake\libs\http_socket.php, line 861]
2008-09-07 18:34:57 Warning: Warning (2): array_shift() [<a href='http://php.net/function.array-shift'>function.array-shift</a>]: The argument should be an array in [CORE\cake\libs\http_socket.php, line 862]
2008-09-07 18:34:57 Warning: Warning (2): Invalid argument supplied for foreach() in [CORE\cake\libs\http_socket.php, line 864]
2008-09-07 18:35:59 Warning: Warning (2): preg_split() [<a href='http://php.net/function.preg-split'>function.preg-split</a>]: Compilation failed: lookbehind assertion is not fixed length at offset 9 in [CORE\cake\libs\http_socket.php, line 861]
2008-09-07 18:35:59 Warning: Warning (2): array_shift() [<a href='http://php.net/function.array-shift'>function.array-shift</a>]: The argument should be an array in [CORE\cake\libs\http_socket.php, line 862]
2008-09-07 18:35:59 Warning: Warning (2): Invalid argument supplied for foreach() in [CORE\cake\libs\http_socket.php, line 864]
2008-09-07 18:37:01 Warning: Warning (2): preg_split() [<a href='http://php.net/function.preg-split'>function.preg-split</a>]: Compilation failed: lookbehind assertion is not fixed length at offset 9 in [CORE\cake\libs\http_socket.php, line 861]
2008-09-07 18:37:01 Warning: Warning (2): array_shift() [<a href='http://php.net/function.array-shift'>function.array-shift</a>]: The argument should be an array in [CORE\cake\libs\http_socket.php, line 862]
2008-09-07 18:37:01 Warning: Warning (2): Invalid argument supplied for foreach() in [CORE\cake\libs\http_socket.php, line 864]
2008-09-07 18:38:03 Warning: Warning (2): preg_split() [<a href='http://php.net/function.preg-split'>function.preg-split</a>]: Compilation failed: lookbehind assertion is not fixed length at offset 9 in [CORE\cake\libs\http_socket.php, line 861]
2008-09-07 18:38:03 Warning: Warning (2): array_shift() [<a href='http://php.net/function.array-shift'>function.array-shift</a>]: The argument should be an array in [CORE\cake\libs\http_socket.php, line 862]
2008-09-07 18:38:03 Warning: Warning (2): Invalid argument supplied for foreach() in [CORE\cake\libs\http_socket.php, line 864]
2008-09-07 18:39:05 Warning: Warning (2): preg_split() [<a href='http://php.net/function.preg-split'>function.preg-split</a>]: Compilation failed: lookbehind assertion is not fixed length at offset 9 in [CORE\cake\libs\http_socket.php, line 861]
2008-09-07 18:39:05 Warning: Warning (2): array_shift() [<a href='http://php.net/function.array-shift'>function.array-shift</a>]: The argument should be an array in [CORE\cake\libs\http_socket.php, line 862]
2008-09-07 18:39:05 Warning: Warning (2): Invalid argument supplied for foreach() in [CORE\cake\libs\http_socket.php, line 864]
2008-09-07 18:40:07 Warning: Warning (2): preg_split() [<a href='http://php.net/function.preg-split'>function.preg-split</a>]: Compilation failed: lookbehind assertion is not fixed length at offset 9 in [CORE\cake\libs\http_socket.php, line 861]
2008-09-07 18:40:07 Warning: Warning (2): array_shift() [<a href='http://php.net/function.array-shift'>function.array-shift</a>]: The argument should be an array in [CORE\cake\libs\http_socket.php, line 862]
2008-09-07 18:40:07 Warning: Warning (2): Invalid argument supplied for foreach() in [CORE\cake\libs\http_socket.php, line 864]
2008-09-07 18:41:09 Warning: Warning (2): preg_split() [<a href='http://php.net/function.preg-split'>function.preg-split</a>]: Compilation failed: lookbehind assertion is not fixed length at offset 9 in [CORE\cake\libs\http_socket.php, line 861]
2008-09-07 18:41:09 Warning: Warning (2): array_shift() [<a href='http://php.net/function.array-shift'>function.array-shift</a>]: The argument should be an array in [CORE\cake\libs\http_socket.php, line 862]
2008-09-07 18:41:09 Warning: Warning (2): Invalid argument supplied for foreach() in [CORE\cake\libs\http_socket.php, line 864]
2008-09-07 18:42:10 Warning: Warning (2): preg_split() [<a href='http://php.net/function.preg-split'>function.preg-split</a>]: Compilation failed: lookbehind assertion is not fixed length at offset 9 in [CORE\cake\libs\http_socket.php, line 861]
2008-09-07 18:42:10 Warning: Warning (2): array_shift() [<a href='http://php.net/function.array-shift'>function.array-shift</a>]: The argument should be an array in [CORE\cake\libs\http_socket.php, line 862]
2008-09-07 18:42:10 Warning: Warning (2): Invalid argument supplied for foreach() in [CORE\cake\libs\http_socket.php, line 864]
2008-09-07 18:43:12 Warning: Warning (2): preg_split() [<a href='http://php.net/function.preg-split'>function.preg-split</a>]: Compilation failed: lookbehind assertion is not fixed length at offset 9 in [CORE\cake\libs\http_socket.php, line 861]
2008-09-07 18:43:12 Warning: Warning (2): array_shift() [<a href='http://php.net/function.array-shift'>function.array-shift</a>]: The argument should be an array in [CORE\cake\libs\http_socket.php, line 862]
2008-09-07 18:43:12 Warning: Warning (2): Invalid argument supplied for foreach() in [CORE\cake\libs\http_socket.php, line 864]
2008-09-07 18:44:14 Warning: Warning (2): preg_split() [<a href='http://php.net/function.preg-split'>function.preg-split</a>]: Compilation failed: lookbehind assertion is not fixed length at offset 9 in [CORE\cake\libs\http_socket.php, line 861]
2008-09-07 18:44:14 Warning: Warning (2): array_shift() [<a href='http://php.net/function.array-shift'>function.array-shift</a>]: The argument should be an array in [CORE\cake\libs\http_socket.php, line 862]
2008-09-07 18:44:14 Warning: Warning (2): Invalid argument supplied for foreach() in [CORE\cake\libs\http_socket.php, line 864]
2008-09-07 18:45:16 Warning: Warning (2): preg_split() [<a href='http://php.net/function.preg-split'>function.preg-split</a>]: Compilation failed: lookbehind assertion is not fixed length at offset 9 in [CORE\cake\libs\http_socket.php, line 861]
2008-09-07 18:45:16 Warning: Warning (2): array_shift() [<a href='http://php.net/function.array-shift'>function.array-shift</a>]: The argument should be an array in [CORE\cake\libs\http_socket.php, line 862]
2008-09-07 18:45:16 Warning: Warning (2): Invalid argument supplied for foreach() in [CORE\cake\libs\http_socket.php, line 864]
2008-09-07 18:46:18 Warning: Warning (2): preg_split() [<a href='http://php.net/function.preg-split'>function.preg-split</a>]: Compilation failed: lookbehind assertion is not fixed length at offset 9 in [CORE\cake\libs\http_socket.php, line 861]
2008-09-07 18:46:18 Warning: Warning (2): array_shift() [<a href='http://php.net/function.array-shift'>function.array-shift</a>]: The argument should be an array in [CORE\cake\libs\http_socket.php, line 862]
2008-09-07 18:46:18 Warning: Warning (2): Invalid argument supplied for foreach() in [CORE\cake\libs\http_socket.php, line 864]
2008-09-07 18:47:20 Warning: Warning (2): preg_split() [<a href='http://php.net/function.preg-split'>function.preg-split</a>]: Compilation failed: lookbehind assertion is not fixed length at offset 9 in [CORE\cake\libs\http_socket.php, line 861]
2008-09-07 18:47:20 Warning: Warning (2): array_shift() [<a href='http://php.net/function.array-shift'>function.array-shift</a>]: The argument should be an array in [CORE\cake\libs\http_socket.php, line 862]
2008-09-07 18:47:20 Warning: Warning (2): Invalid argument supplied for foreach() in [CORE\cake\libs\http_socket.php, line 864]
2008-09-07 18:48:22 Warning: Warning (2): preg_split() [<a href='http://php.net/function.preg-split'>function.preg-split</a>]: Compilation failed: lookbehind assertion is not fixed length at offset 9 in [CORE\cake\libs\http_socket.php, line 861]
2008-09-07 18:48:22 Warning: Warning (2): array_shift() [<a href='http://php.net/function.array-shift'>function.array-shift</a>]: The argument should be an array in [CORE\cake\libs\http_socket.php, line 862]
2008-09-07 18:48:22 Warning: Warning (2): Invalid argument supplied for foreach() in [CORE\cake\libs\http_socket.php, line 864]
2008-09-07 18:49:24 Warning: Warning (2): preg_split() [<a href='http://php.net/function.preg-split'>function.preg-split</a>]: Compilation failed: lookbehind assertion is not fixed length at offset 9 in [CORE\cake\libs\http_socket.php, line 861]
2008-09-07 18:49:24 Warning: Warning (2): array_shift() [<a href='http://php.net/function.array-shift'>function.array-shift</a>]: The argument should be an array in [CORE\cake\libs\http_socket.php, line 862]
2008-09-07 18:49:24 Warning: Warning (2): Invalid argument supplied for foreach() in [CORE\cake\libs\http_socket.php, line 864]
2008-09-07 18:50:26 Warning: Warning (2): preg_split() [<a href='http://php.net/function.preg-split'>function.preg-split</a>]: Compilation failed: lookbehind assertion is not fixed length at offset 9 in [CORE\cake\libs\http_socket.php, line 861]
2008-09-07 18:50:26 Warning: Warning (2): array_shift() [<a href='http://php.net/function.array-shift'>function.array-shift</a>]: The argument should be an array in [CORE\cake\libs\http_socket.php, line 862]
2008-09-07 18:50:26 Warning: Warning (2): Invalid argument supplied for foreach() in [CORE\cake\libs\http_socket.php, line 864]
2008-09-07 18:51:28 Warning: Warning (2): preg_split() [<a href='http://php.net/function.preg-split'>function.preg-split</a>]: Compilation failed: lookbehind assertion is not fixed length at offset 9 in [CORE\cake\libs\http_socket.php, line 861]
2008-09-07 18:51:28 Warning: Warning (2): array_shift() [<a href='http://php.net/function.array-shift'>function.array-shift</a>]: The argument should be an array in [CORE\cake\libs\http_socket.php, line 862]
2008-09-07 18:51:28 Warning: Warning (2): Invalid argument supplied for foreach() in [CORE\cake\libs\http_socket.php, line 864]
2008-09-07 18:52:29 Warning: Warning (2): preg_split() [<a href='http://php.net/function.preg-split'>function.preg-split</a>]: Compilation failed: lookbehind assertion is not fixed length at offset 9 in [CORE\cake\libs\http_socket.php, line 861]
2008-09-07 18:52:30 Warning: Warning (2): array_shift() [<a href='http://php.net/function.array-shift'>function.array-shift</a>]: The argument should be an array in [CORE\cake\libs\http_socket.php, line 862]
2008-09-07 18:52:30 Warning: Warning (2): Invalid argument supplied for foreach() in [CORE\cake\libs\http_socket.php, line 864]
2008-09-07 18:53:21 Warning: Warning (2): preg_split() [<a href='http://php.net/function.preg-split'>function.preg-split</a>]: Compilation failed: lookbehind assertion is not fixed length at offset 9 in [CORE\cake\libs\http_socket.php, line 861]
2008-09-07 18:53:21 Warning: Warning (2): array_shift() [<a href='http://php.net/function.array-shift'>function.array-shift</a>]: The argument should be an array in [CORE\cake\libs\http_socket.php, line 862]
2008-09-07 18:53:21 Warning: Warning (2): Invalid argument supplied for foreach() in [CORE\cake\libs\http_socket.php, line 864]
2008-09-07 18:53:21 Warning: Warning (2): Invalid argument supplied for foreach() in [APP\models\twitter_status.php, line 36]
2008-09-07 18:53:33 Warning: Warning (2): preg_split() [<a href='http://php.net/function.preg-split'>function.preg-split</a>]: Compilation failed: lookbehind assertion is not fixed length at offset 9 in [CORE\cake\libs\http_socket.php, line 861]
2008-09-07 18:53:33 Warning: Warning (2): array_shift() [<a href='http://php.net/function.array-shift'>function.array-shift</a>]: The argument should be an array in [CORE\cake\libs\http_socket.php, line 862]
2008-09-07 18:53:33 Warning: Warning (2): Invalid argument supplied for foreach() in [CORE\cake\libs\http_socket.php, line 864]
2008-09-07 18:53:34 Warning: Warning (2): Invalid argument supplied for foreach() in [APP\models\twitter_status.php, line 36]
2008-09-07 18:54:36 Warning: Warning (2): preg_split() [<a href='http://php.net/function.preg-split'>function.preg-split</a>]: Compilation failed: lookbehind assertion is not fixed length at offset 9 in [CORE\cake\libs\http_socket.php, line 861]
2008-09-07 18:54:36 Warning: Warning (2): array_shift() [<a href='http://php.net/function.array-shift'>function.array-shift</a>]: The argument should be an array in [CORE\cake\libs\http_socket.php, line 862]
2008-09-07 18:54:36 Warning: Warning (2): Invalid argument supplied for foreach() in [CORE\cake\libs\http_socket.php, line 864]
2008-09-07 18:54:37 Warning: Warning (2): preg_split() [<a href='http://php.net/function.preg-split'>function.preg-split</a>]: Compilation failed: lookbehind assertion is not fixed length at offset 9 in [CORE\cake\libs\http_socket.php, line 861]
2008-09-07 18:54:37 Warning: Warning (2): array_shift() [<a href='http://php.net/function.array-shift'>function.array-shift</a>]: The argument should be an array in [CORE\cake\libs\http_socket.php, line 862]
2008-09-07 18:54:38 Warning: Warning (2): Invalid argument supplied for foreach() in [CORE\cake\libs\http_socket.php, line 864]
2008-09-07 18:56:58 Warning: Warning (2): preg_split() [<a href='http://php.net/function.preg-split'>function.preg-split</a>]: Compilation failed: lookbehind assertion is not fixed length at offset 9 in [CORE\cake\libs\http_socket.php, line 861]
2008-09-07 18:56:58 Warning: Warning (2): array_shift() [<a href='http://php.net/function.array-shift'>function.array-shift</a>]: The argument should be an array in [CORE\cake\libs\http_socket.php, line 862]
2008-09-07 18:56:58 Warning: Warning (2): Invalid argument supplied for foreach() in [CORE\cake\libs\http_socket.php, line 864]
