2008-07-02 23:13:30 Debug: Notice (1024): Please change the value of 'Security.salt' in app/config/core.php to a salt value specific to your application in [CORE\cake\libs\debugger.php, line 522]
2008-07-03 00:47:51 Debug: Notice (1024): Please change the value of 'Security.salt' in app/config/core.php to a salt value specific to your application in [CORE\cake\libs\debugger.php, line 522]
2008-07-03 00:49:54 Debug: Notice (1024): Please change the value of 'Security.salt' in app/config/core.php to a salt value specific to your application in [CORE\cake\libs\debugger.php, line 522]
2008-07-03 00:50:53 Debug: Notice (1024): Please change the value of 'Security.salt' in app/config/core.php to a salt value specific to your application in [CORE\cake\libs\debugger.php, line 522]
2008-07-03 00:53:33 Debug: Notice (1024): Please change the value of 'Security.salt' in app/config/core.php to a salt value specific to your application in [CORE\cake\libs\debugger.php, line 522]
2008-07-20 23:59:15 Debug: Notice (8): Use of undefined constant asdf - assumed 'asdf' in [APP\webroot\index.php, line 89]
2008-08-21 14:50:47 Debug: Notice (1024): Please change the value of 'Security.salt' in app/config/core.php to a salt value specific to your application in [CORE\cake\libs\debugger.php, line 522]
2008-08-24 16:09:13 Debug: Notice (1024): Please change the value of 'Security.salt' in app/config/core.php to a salt value specific to your application in [CORE\cake\libs\debugger.php, line 522]
2008-08-24 16:27:33 Debug: Notice (1024): Please change the value of 'Security.salt' in app/config/core.php to a salt value specific to your application in [CORE\cake\libs\debugger.php, line 522]
2008-08-24 17:25:01 Debug: Notice (8): Undefined property:  View::$Session in [APP\views\layouts\default.ctp, line 38]
2008-08-25 13:26:48 Debug: Notice (8): Undefined property:  ControlPanelController::$Auth in [APP\controllers\control_panel_controller.php, line 9]
2008-08-25 14:20:05 Debug: Notice (8): Undefined variable: curLoggedInUserId in [APP\controllers\users_controller.php, line 98]
2008-08-25 14:25:50 Debug: Notice (8): Undefined property:  User::$Acl in [APP\controllers\users_controller.php, line 93]
2008-08-25 15:23:26 Debug: Notice (8): Undefined variable: model in [APP\app_controller.php, line 51]
2008-08-25 15:48:23 Debug: Notice (8): Undefined variable: curLoggedInUserId in [APP\controllers\users_controller.php, line 119]
2008-08-25 15:48:23 Debug: Notice (8): Undefined variable: curLoggedInUserId in [APP\controllers\users_controller.php, line 128]
2008-08-25 15:48:35 Debug: Notice (8): Undefined variable: curLoggedInUserId in [APP\controllers\users_controller.php, line 119]
2008-08-25 17:15:20 Debug: Notice (8): Undefined property:  AuthComponent::$Acl in [CORE\cake\libs\controller\components\auth.php, line 436]
2008-08-26 12:42:32 Debug: Notice (8): Object of class Aco to string conversion in [CORE\cake\libs\model\datasources\dbo_source.php, line 1721]
2008-08-26 12:42:32 Debug: Notice (8): Object of class Aco to string conversion in [CORE\cake\libs\model\datasources\dbo_source.php, line 1727]
2008-08-26 12:42:32 Debug: Notice (8): Object of class Aco to string conversion in [CORE\cake\libs\model\datasources\dbo_source.php, line 1925]
2008-08-26 15:36:18 Debug: Notice (8): Undefined index:  group_id in [APP\controllers\groups_controller.php, line 23]
2008-08-26 15:44:04 Debug: Notice (8): Undefined index:  group_id in [APP\controllers\groups_controller.php, line 23]
2008-08-26 18:13:31 Debug: Notice (8): Undefined variable: Group in [APP\models\group.php, line 51]
2008-08-26 18:17:59 Debug: Notice (8): Undefined variable: data in [APP\models\group.php, line 60]
2008-08-26 18:35:01 Debug: Notice (8): Undefined property:  Group::$Group in [APP\models\group.php, line 57]
2008-08-26 18:35:12 Debug: Notice (8): Undefined property:  Group::$Model in [APP\models\group.php, line 57]
2008-08-26 18:39:10 Debug: Notice (8): Undefined variable: id in [APP\controllers\groups_controller.php, line 83]
2008-08-26 18:50:39 Debug: Notice (8): Undefined property:  Group::$Acl in [APP\models\group.php, line 57]
2008-08-26 18:50:56 Debug: Notice (8): Undefined variable: Acl in [APP\models\group.php, line 57]
2008-08-26 19:31:02 Debug: Notice (8): Undefined variable: model in [APP\models\group.php, line 59]
2008-08-26 19:31:02 Debug: Notice (8): Trying to get property of non-object in [APP\models\group.php, line 59]
2008-08-26 19:41:31 Debug: Notice (8): Undefined variable: data in [APP\models\group.php, line 57]
2008-08-27 01:25:20 Debug: Notice (8): Undefined property:  GroupsController::$Aro in [APP\controllers\groups_controller.php, line 44]
2008-08-27 01:25:46 Debug: Notice (8): Undefined property:  Aro::$Aro in [APP\controllers\groups_controller.php, line 45]
2008-08-27 01:27:21 Debug: Notice (8): Undefined property:  GroupsController::$Aro in [APP\controllers\groups_controller.php, line 87]
2008-08-27 13:41:28 Debug: Notice (8): Undefined variable: xxx in [APP\models\group.php, line 67]
2008-08-27 13:41:28 Debug: Notice (8): Undefined variable: xxx in [APP\models\group.php, line 70]
2008-08-27 13:55:46 Debug: Notice (8): Use of undefined constant name - assumed 'name' in [APP\models\group.php, line 81]
2008-08-27 13:55:46 Debug: Notice (8): Object of class Group could not be converted to int in [APP\models\group.php, line 81]
2008-08-27 13:55:47 Debug: Notice (8): Use of undefined constant name - assumed 'name' in [APP\models\group.php, line 83]
2008-08-27 13:55:47 Debug: Notice (8): Object of class Group could not be converted to int in [APP\models\group.php, line 83]
2008-08-27 15:08:40 Debug: Notice (8): Undefined variable: user in [APP\views\groups\index.ctp, line 34]
2008-08-27 15:22:17 Debug: Notice (8): Undefined property:  Group::$Aco in [APP\controllers\groups_controller.php, line 56]
2008-08-27 15:30:02 Debug: Notice (8): Undefined variable: acoRecords in [APP\controllers\groups_controller.php, line 56]
2008-08-27 18:21:10 Debug: Notice (8): Undefined variable: current_alias in [APP\views\groups\security.ctp, line 32]
2008-08-27 18:59:25 Debug: Notice (8): Undefined index:  Group in [APP\views\groups\security.ctp, line 76]
2008-08-27 19:00:03 Debug: Notice (8): Undefined index:  Group in [APP\views\groups\security.ctp, line 5]
2008-08-27 19:00:03 Debug: Notice (8): Undefined index:  Group in [APP\views\groups\security.ctp, line 76]
2008-08-27 19:01:15 Debug: Notice (8): Undefined index:  Group in [APP\views\groups\security.ctp, line 5]
2008-08-27 19:01:37 Debug: Notice (8): Undefined index:  Group in [APP\views\groups\security.ctp, line 5]
2008-08-27 19:01:37 Debug: Notice (8): Undefined index:  Group in [APP\views\groups\security.ctp, line 76]
2008-08-27 19:02:00 Debug: Notice (8): Undefined index:  Group in [APP\views\groups\security.ctp, line 7]
2008-08-27 19:02:00 Debug: Notice (8): Undefined index:  Group in [APP\views\groups\security.ctp, line 78]
2008-08-27 19:03:30 Debug: Notice (8): Undefined index:  id in [APP\views\groups\security.ctp, line 5]
2008-08-27 19:03:30 Debug: Notice (8): Undefined index:  id in [APP\views\groups\security.ctp, line 76]
2008-08-27 19:04:12 Debug: Notice (8): Undefined index:  id in [APP\views\groups\security.ctp, line 5]
2008-08-27 19:04:12 Debug: Notice (8): Undefined index:  id in [APP\views\groups\security.ctp, line 76]
2008-08-27 23:31:09 Debug: Notice (8): Undefined index:  id in [APP\controllers\groups_controller.php, line 53]
2008-08-28 10:28:27 Debug: Notice (8): Undefined variable: acoRecord in [APP\controllers\groups_controller.php, line 80]
2008-08-28 10:52:39 Debug: Notice (8): Undefined property:  UsersController::$Group in [APP\controllers\users_controller.php, line 200]
2008-08-28 11:01:04 Debug: Notice (8): Undefined index:  parent_id in [APP\models\user.php, line 109]
2008-08-28 11:01:44 Debug: Notice (8): Undefined index:  parent_id in [APP\models\user.php, line 109]
2008-08-28 13:51:37 Debug: Notice (8): Undefined index:  password in [APP\models\user.php, line 20]
2008-08-28 13:51:55 Debug: Notice (8): Undefined index:  password in [APP\models\user.php, line 20]
2008-08-28 14:18:16 Debug: Notice (8): Undefined index:  Group in [APP\controllers\users_controller.php, line 135]
2008-08-28 14:18:16 Debug: Notice (8): Undefined index:  Group in [APP\controllers\users_controller.php, line 147]
2008-08-28 16:28:12 Debug: Notice (8): Undefined index:   in [CORE\cake\libs\controller\components\auth.php, line 304]
2008-08-28 16:28:13 Debug: Notice (8): Undefined index:   in [CORE\cake\libs\controller\components\auth.php, line 305]
2008-08-28 16:29:39 Debug: Notice (8): Undefined index:   in [CORE\cake\libs\controller\components\auth.php, line 304]
2008-08-28 16:29:39 Debug: Notice (8): Undefined index:   in [CORE\cake\libs\controller\components\auth.php, line 305]
2008-08-28 20:06:59 Debug: Notice (8): Undefined variable: aco_id in [APP\views\actions\index.ctp, line 17]
2008-08-28 20:06:59 Debug: Notice (8): Undefined variable: checked_yes in [APP\views\actions\index.ctp, line 17]
2008-08-28 20:06:59 Debug: Notice (8): Undefined variable: aco_id in [APP\views\actions\index.ctp, line 19]
2008-08-28 20:06:59 Debug: Notice (8): Undefined variable: checked_no in [APP\views\actions\index.ctp, line 19]
2008-08-28 20:07:35 Debug: Notice (8): Undefined variable: selected in [APP\views\actions\index.ctp, line 18]
2008-08-28 20:07:35 Debug: Notice (8): Undefined variable: selected in [APP\views\actions\index.ctp, line 21]
2008-08-28 20:07:35 Debug: Notice (8): Undefined variable: aco_id in [APP\views\actions\index.ctp, line 27]
2008-08-28 20:07:35 Debug: Notice (8): Undefined variable: aco_id in [APP\views\actions\index.ctp, line 29]
2008-08-28 20:07:55 Debug: Notice (8): Undefined variable: aco_id in [APP\views\actions\index.ctp, line 28]
2008-08-28 20:07:55 Debug: Notice (8): Undefined variable: aco_id in [APP\views\actions\index.ctp, line 30]
2008-08-28 20:08:09 Debug: Notice (8): Undefined variable: aco_id in [APP\views\actions\index.ctp, line 28]
2008-08-28 20:08:09 Debug: Notice (8): Undefined variable: aco_id in [APP\views\actions\index.ctp, line 30]
2008-08-29 00:32:05 Debug: Notice (8): Undefined variable: ControlPanel in [APP\controllers\actions_controller.php, line 32]
2008-08-29 00:32:05 Debug: Notice (8): Undefined property:  ActionsController::$Aro in [APP\controllers\actions_controller.php, line 37]
2008-08-29 00:32:25 Debug: Notice (8): Undefined variable: ControlPanel in [APP\controllers\actions_controller.php, line 32]
2008-08-29 00:40:48 Debug: Notice (8): Undefined property:  ActionsController::$id in [APP\controllers\actions_controller.php, line 54]
2008-08-29 00:50:48 Debug: Notice (8): Trying to get property of non-object in [APP\controllers\actions_controller.php, line 68]
2008-08-29 00:51:17 Debug: Notice (8): Undefined index:  id in [APP\controllers\actions_controller.php, line 68]
2008-08-29 00:51:35 Debug: Notice (8): Undefined index:  id in [APP\controllers\actions_controller.php, line 68]
2008-08-29 00:57:04 Debug: Notice (8): Undefined property:  ActionsController::$Aco in [APP\controllers\actions_controller.php, line 128]
2008-08-29 00:58:36 Debug: Notice (8): Use of undefined constant action_value - assumed 'action_value' in [APP\views\actions\index.ctp, line 34]
2008-08-29 01:03:51 Debug: Notice (8): Use of undefined constant action_value - assumed 'action_value' in [APP\views\actions\index.ctp, line 34]
2008-08-29 01:04:31 Debug: Notice (8): Use of undefined constant action_value - assumed 'action_value' in [APP\views\actions\index.ctp, line 34]
2008-08-29 01:06:35 Debug: Notice (8): Use of undefined constant action_value - assumed 'action_value' in [APP\views\actions\index.ctp, line 34]
2008-08-29 01:10:28 Debug: Notice (8): Use of undefined constant action_value - assumed 'action_value' in [APP\views\actions\index.ctp, line 34]
2008-08-29 01:23:16 Debug: Notice (8): Use of undefined constant action_value - assumed 'action_value' in [APP\views\actions\index.ctp, line 34]
2008-08-29 22:28:47 Debug: Notice (8): Undefined index:   in [CORE\cake\libs\controller\components\auth.php, line 305]
2008-08-29 22:28:47 Debug: Notice (8): Undefined index:   in [CORE\cake\libs\controller\components\auth.php, line 306]
2008-08-29 22:41:54 Debug: Notice (8): Undefined index:   in [CORE\cake\libs\controller\components\auth.php, line 305]
2008-08-29 22:41:54 Debug: Notice (8): Undefined index:   in [CORE\cake\libs\controller\components\auth.php, line 306]
2008-08-29 23:35:11 Debug: Notice (8): Undefined index:  Actions in [APP\controllers\actions_controller.php, line 27]
2008-09-25 10:25:57 Debug: Notice (8): Undefined property:  PagesController::$User in [APP\app_controller.php, line 62]
